2024-02-23 23:06:52,792 [INFO] Activator:176 - 


2024-02-23 23:06:52,795 [INFO] Activator:177 - !SESSION log4j initialized
2024-02-23 23:06:59,272 [INFO] LogOutputStream:77 - [STDOUT_REDIRECT] 
2024-02-23 23:07:03,992 [INFO] ApplicationProperties:184 - Using Application install path: C:\ST\STM32CubeIDE_1.13.2\STM32CubeIDE\plugins\com.st.stm32cube.common.mx_6.9.2.202309101412
2024-02-23 23:07:04,016 [INFO] DbMcusXml:78 - Set database path to: C:\ST\STM32CubeIDE_1.13.2\STM32CubeIDE\plugins\com.st.stm32cube.common.mx_6.9.2.202309101412\\db\/mcu/
2024-02-23 23:07:04,016 [INFO] ApiDb:274 - Set plugin database path to: C:\ST\STM32CubeIDE_1.13.2\STM32CubeIDE\plugins\com.st.stm32cube.common.mx_6.9.2.202309101412\\db\/plugins/boardmanager/
2024-02-23 23:07:04,017 [WARN] ApiDb:259 - Overriding images path with different value:  => C:\ST\STM32CubeIDE_1.13.2\STM32CubeIDE\plugins\com.st.stm32cube.common.mx_6.9.2.202309101412\\db\/plugins/mcufinder/images/
2024-02-23 23:07:04,046 [INFO] ApiDb:250 - Set database path to: C:\Users\sheha\.stmcufinder\plugins\mcufinder//mcu/
2024-02-23 23:07:04,048 [INFO] DbMcusAds:125 - Set database path to: C:\Users\sheha\.stmcufinder\plugins\mcufinder//mcu/
2024-02-23 23:07:04,052 [INFO] CrossReferenceDbSqlite:203 - Set database path to: C:\Users\sheha\.stmcufinder\plugins\mcufinder//mcu/cs/
2024-02-23 23:07:04,255 [INFO] RulesReader:64 - Compatibility file has been processed (293 Rules)
2024-02-23 23:07:04,426 [INFO] DbMcusXml:78 - Set database path to: C:\ST\STM32CubeIDE_1.13.2\STM32CubeIDE\plugins\com.st.stm32cube.common.mx_6.9.2.202309101412\\db\/mcu/
2024-02-23 23:07:04,426 [INFO] ApiDb:274 - Set plugin database path to: C:\ST\STM32CubeIDE_1.13.2\STM32CubeIDE\plugins\com.st.stm32cube.common.mx_6.9.2.202309101412\\db\/plugins/boardmanager/
2024-02-23 23:07:04,427 [INFO] ApiDb:261 - Set plugin images path to: C:\ST\STM32CubeIDE_1.13.2\STM32CubeIDE\plugins\com.st.stm32cube.common.mx_6.9.2.202309101412\\db\/plugins/mcufinder/images/
2024-02-23 23:07:04,427 [WARN] DbFile:41 - Overriding database path with different value: C:\Users\sheha\.stmcufinder\plugins\mcufinder/ => C:\Users\sheha\.stmcufinder\plugins\mcufinder
2024-02-23 23:07:04,427 [INFO] ApiDb:250 - Set database path to: C:\Users\sheha\.stmcufinder\plugins\mcufinder//mcu/
2024-02-23 23:07:04,427 [WARN] DbFile:41 - Overriding database path with different value: C:\Users\sheha\.stmcufinder\plugins\mcufinder/ => C:\Users\sheha\.stmcufinder\plugins\mcufinder
2024-02-23 23:07:04,428 [INFO] DbMcusAds:125 - Set database path to: C:\Users\sheha\.stmcufinder\plugins\mcufinder//mcu/
2024-02-23 23:07:04,428 [WARN] DbFile:41 - Overriding database path with different value: C:\Users\sheha\.stmcufinder\plugins\mcufinder/ => C:\Users\sheha\.stmcufinder\plugins\mcufinder
2024-02-23 23:07:04,428 [WARN] DbFile:41 - Overriding database path with different value: C:\Users\sheha\.stmcufinder\plugins\mcufinder/ => C:\Users\sheha\.stmcufinder\plugins\mcufinder
2024-02-23 23:07:04,428 [INFO] CrossReferenceDbSqlite:203 - Set database path to: C:\Users\sheha\.stmcufinder\plugins\mcufinder//mcu/cs/
2024-02-23 23:07:04,550 [INFO] MainPanel:262 - HeapMemory: 268435456
2024-02-23 23:07:04,680 [INFO] DbMcusXml:78 - Set database path to: C:\ST\STM32CubeIDE_1.13.2\STM32CubeIDE\plugins\com.st.stm32cube.common.mx_6.9.2.202309101412\\db\/mcu/
2024-02-23 23:07:04,681 [INFO] ApiDb:274 - Set plugin database path to: C:\ST\STM32CubeIDE_1.13.2\STM32CubeIDE\plugins\com.st.stm32cube.common.mx_6.9.2.202309101412\\db\/plugins/boardmanager/
2024-02-23 23:07:04,681 [INFO] ApiDb:261 - Set plugin images path to: C:\ST\STM32CubeIDE_1.13.2\STM32CubeIDE\plugins\com.st.stm32cube.common.mx_6.9.2.202309101412\\db\/plugins/mcufinder/images/
2024-02-23 23:07:04,681 [WARN] DbFile:41 - Overriding database path with different value: C:\Users\sheha\.stmcufinder\plugins\mcufinder/ => C:\Users\sheha\.stmcufinder\plugins\mcufinder
2024-02-23 23:07:04,681 [INFO] ApiDb:250 - Set database path to: C:\Users\sheha\.stmcufinder\plugins\mcufinder//mcu/
2024-02-23 23:07:04,681 [WARN] DbFile:41 - Overriding database path with different value: C:\Users\sheha\.stmcufinder\plugins\mcufinder/ => C:\Users\sheha\.stmcufinder\plugins\mcufinder
2024-02-23 23:07:04,682 [INFO] DbMcusAds:125 - Set database path to: C:\Users\sheha\.stmcufinder\plugins\mcufinder//mcu/
2024-02-23 23:07:04,682 [WARN] DbFile:41 - Overriding database path with different value: C:\Users\sheha\.stmcufinder\plugins\mcufinder/ => C:\Users\sheha\.stmcufinder\plugins\mcufinder
2024-02-23 23:07:04,682 [WARN] DbFile:41 - Overriding database path with different value: C:\Users\sheha\.stmcufinder\plugins\mcufinder/ => C:\Users\sheha\.stmcufinder\plugins\mcufinder
2024-02-23 23:07:04,682 [INFO] CrossReferenceDbSqlite:203 - Set database path to: C:\Users\sheha\.stmcufinder\plugins\mcufinder//mcu/cs/
2024-02-23 23:07:04,706 [INFO] ApplicationProperties:184 - Using Application install path: C:\ST\STM32CubeIDE_1.13.2\STM32CubeIDE\plugins\com.st.stm32cube.common.mx_6.9.2.202309101412
2024-02-23 23:07:04,709 [INFO] PluginManage:196 - Search for loadable plugins [exclusion list=, ]
2024-02-23 23:07:04,710 [INFO] PluginManage:310 - Check plugin analytics
2024-02-23 23:07:04,973 [INFO] AnalyticsPlugin:253 - Accepted Software Licenses: STM32CubeMX.6.9.2
2024-02-23 23:07:04,974 [INFO] AnalyticsPlugin:255 - Accepted CMSIS Pack Licenses: 
2024-02-23 23:07:04,974 [INFO] AnalyticsPlugin:257 - Accepted Firmware Licenses: 
2024-02-23 23:07:04,979 [INFO] PluginManage:359 - Loaded plugin analytics (category:tool,tabindex:-1)
2024-02-23 23:07:04,979 [INFO] PluginManage:310 - Check plugin cadmodel
2024-02-23 23:07:04,998 [INFO] CADModel:105 - Init CAD model plugin
2024-02-23 23:07:04,998 [INFO] PluginManage:359 - Loaded plugin cadmodel (category:power,tabindex:5)
2024-02-23 23:07:04,998 [INFO] PluginManage:310 - Check plugin clock
2024-02-23 23:07:05,022 [INFO] PluginManage:359 - Loaded plugin clock (category:base,tabindex:2)
2024-02-23 23:07:05,022 [INFO] PluginManage:310 - Check plugin ddr
2024-02-23 23:07:05,025 [INFO] PluginManage:359 - Loaded plugin ddr (category:tool,tabindex:6)
2024-02-23 23:07:05,025 [INFO] PluginManage:310 - Check plugin filemanager
2024-02-23 23:07:05,219 [INFO] PluginManage:359 - Loaded plugin filemanager (category:base,tabindex:10)
2024-02-23 23:07:05,220 [INFO] PluginManage:310 - Check plugin ipmanager
2024-02-23 23:07:05,230 [INFO] PluginManage:359 - Loaded plugin ipmanager (category:base,tabindex:5)
2024-02-23 23:07:05,230 [INFO] PluginManage:310 - Check plugin lpbam
2024-02-23 23:07:05,255 [INFO] PluginManage:359 - Loaded plugin lpbam (category:base,tabindex:0)
2024-02-23 23:07:05,255 [INFO] PluginManage:310 - Check plugin memorymap
2024-02-23 23:07:05,289 [INFO] PluginManage:359 - Loaded plugin memorymap (category:base,tabindex:4)
2024-02-23 23:07:05,290 [INFO] PluginManage:310 - Check plugin pinoutandconfiguration
2024-02-23 23:07:05,314 [INFO] PluginManage:359 - Loaded plugin pinoutandconfiguration (category:base,tabindex:1)
2024-02-23 23:07:05,315 [INFO] PluginManage:310 - Check plugin pinoutconfig
2024-02-23 23:07:05,531 [WARN] SupportedApi:132 - Cannot load RTOS API schema: s4s-elt-must-match.1: The content of 'definitions' must match (annotation?, (simpleType | complexType)?, (unique | key | keyref)*)). A problem was found starting at: attribute.
2024-02-23 23:07:05,818 [INFO] PluginManage:359 - Loaded plugin pinoutconfig (category:base,tabindex:0)
2024-02-23 23:07:05,818 [INFO] PluginManage:310 - Check plugin power
2024-02-23 23:07:05,851 [INFO] PluginManage:359 - Loaded plugin power (category:power,tabindex:4)
2024-02-23 23:07:05,851 [INFO] PluginManage:310 - Check plugin projectmanager
2024-02-23 23:07:05,874 [INFO] PluginManage:359 - Loaded plugin projectmanager (category:projectmanager,tabindex:3)
2024-02-23 23:07:05,875 [INFO] PluginManage:310 - Check plugin thirdparty
2024-02-23 23:07:06,308 [INFO] PluginManage:359 - Loaded plugin thirdparty (category:base,tabindex:-1)
2024-02-23 23:07:06,307 [WARN] IntegrityCheckThread:84 - waiting for thirdparty lock release [integrity check]
2024-02-23 23:07:06,308 [INFO] PluginManage:310 - Check plugin tools
2024-02-23 23:07:06,308 [INFO] IntegrityCheckThread:86 - entering critical section [integrity check]
2024-02-23 23:07:06,309 [INFO] ThirdPartyUpdaterWithRetryManager:70 - Updater plugin not ready yet. [1/15]
2024-02-23 23:07:06,364 [INFO] PluginManage:359 - Loaded plugin tools (category:base,tabindex:7)
2024-02-23 23:07:06,364 [INFO] PluginManage:310 - Check plugin tutovideos
2024-02-23 23:07:06,665 [INFO] PluginManage:359 - Loaded plugin tutovideos (category:base,tabindex:-1)
2024-02-23 23:07:06,665 [INFO] PluginManage:310 - Check plugin updater
2024-02-23 23:07:06,685 [INFO] PluginManage:359 - Loaded plugin updater (category:base,tabindex:12)
2024-02-23 23:07:06,685 [INFO] PluginManage:310 - Check plugin userauth
2024-02-23 23:07:06,694 [INFO] UserAuth:113 - Init User Auth plugin
2024-02-23 23:07:06,695 [INFO] PluginManage:359 - Loaded plugin userauth (category:base,tabindex:14)
2024-02-23 23:07:06,695 [INFO] PluginManage:283 - PluginManage : Loaded plugins [17]
2024-02-23 23:07:07,041 [INFO] PinOutPanel:1499 - setPackage(No Configuration,No Configuration)
2024-02-23 23:07:07,203 [INFO] CADModel:165 - CPN selected for project level
2024-02-23 23:07:07,203 [INFO] CADModel:114 - Register for checkConnection events
2024-02-23 23:07:07,238 [INFO] IPUIPlugin:80 - create IPUIPlugin
2024-02-23 23:07:07,238 [INFO] PluginManager:220 - loadIPPluginJar : add adc
2024-02-23 23:07:07,293 [INFO] IPUIPlugin:80 - create IPUIPlugin
2024-02-23 23:07:07,293 [INFO] PluginManager:220 - loadIPPluginJar : add aes
2024-02-23 23:07:07,354 [INFO] IPUIPlugin:80 - create IPUIPlugin
2024-02-23 23:07:07,354 [INFO] PluginManager:220 - loadIPPluginJar : add can
2024-02-23 23:07:07,387 [INFO] IPUIPlugin:80 - create IPUIPlugin
2024-02-23 23:07:07,388 [INFO] PluginManager:220 - loadIPPluginJar : add comp
2024-02-23 23:07:07,447 [INFO] IPUIPlugin:80 - create IPUIPlugin
2024-02-23 23:07:07,447 [INFO] PluginManager:220 - loadIPPluginJar : add cryp
2024-02-23 23:07:07,496 [INFO] IPUIPlugin:80 - create IPUIPlugin
2024-02-23 23:07:07,496 [INFO] PluginManager:220 - loadIPPluginJar : add dfsdm
2024-02-23 23:07:07,517 [INFO] IPUIPlugin:80 - create IPUIPlugin
2024-02-23 23:07:07,517 [INFO] PluginManager:220 - loadIPPluginJar : add dma
2024-02-23 23:07:07,590 [INFO] IPUIPlugin:80 - create IPUIPlugin
2024-02-23 23:07:07,591 [INFO] PluginManager:220 - loadIPPluginJar : add dma3
2024-02-23 23:07:07,627 [INFO] IPUIPlugin:80 - create IPUIPlugin
2024-02-23 23:07:07,627 [INFO] PluginManager:220 - loadIPPluginJar : add fatfs
2024-02-23 23:07:07,715 [INFO] IPUIPlugin:80 - create IPUIPlugin
2024-02-23 23:07:07,715 [INFO] PluginManager:220 - loadIPPluginJar : add fmc
2024-02-23 23:07:07,741 [INFO] IPUIPlugin:80 - create IPUIPlugin
2024-02-23 23:07:07,742 [INFO] PluginManager:220 - loadIPPluginJar : add freertos
2024-02-23 23:07:07,773 [INFO] IPUIPlugin:80 - create IPUIPlugin
2024-02-23 23:07:07,773 [INFO] PluginManager:220 - loadIPPluginJar : add genericplugin
2024-02-23 23:07:07,913 [INFO] IPUIPlugin:80 - create IPUIPlugin
2024-02-23 23:07:07,913 [INFO] PluginManager:220 - loadIPPluginJar : add gfxmmu
2024-02-23 23:07:08,092 [INFO] IPUIPlugin:80 - create IPUIPlugin
2024-02-23 23:07:08,093 [INFO] PluginManager:220 - loadIPPluginJar : add gic
2024-02-23 23:07:08,108 [INFO] IPUIPlugin:80 - create IPUIPlugin
2024-02-23 23:07:08,109 [INFO] PluginManager:220 - loadIPPluginJar : add gpio
2024-02-23 23:07:08,241 [INFO] IPUIPlugin:80 - create IPUIPlugin
2024-02-23 23:07:08,242 [INFO] PluginManager:220 - loadIPPluginJar : add gtzc
2024-02-23 23:07:08,281 [INFO] IPUIPlugin:80 - create IPUIPlugin
2024-02-23 23:07:08,281 [INFO] PluginManager:220 - loadIPPluginJar : add hash
2024-02-23 23:07:08,345 [INFO] IPUIPlugin:80 - create IPUIPlugin
2024-02-23 23:07:08,345 [INFO] PluginManager:220 - loadIPPluginJar : add i2c
2024-02-23 23:07:08,398 [INFO] IPUIPlugin:80 - create IPUIPlugin
2024-02-23 23:07:08,398 [INFO] PluginManager:220 - loadIPPluginJar : add i2s
2024-02-23 23:07:08,464 [INFO] IPUIPlugin:80 - create IPUIPlugin
2024-02-23 23:07:08,464 [INFO] PluginManager:220 - loadIPPluginJar : add i3c
2024-02-23 23:07:08,626 [INFO] IPUIPlugin:80 - create IPUIPlugin
2024-02-23 23:07:08,626 [INFO] PluginManager:220 - loadIPPluginJar : add ipddr
2024-02-23 23:07:08,753 [INFO] IPUIPlugin:80 - create IPUIPlugin
2024-02-23 23:07:08,753 [INFO] PluginManager:220 - loadIPPluginJar : add linkedlist
2024-02-23 23:07:08,800 [INFO] IPUIPlugin:80 - create IPUIPlugin
2024-02-23 23:07:08,800 [INFO] PluginManager:220 - loadIPPluginJar : add lorawan
2024-02-23 23:07:08,844 [INFO] IPUIPlugin:80 - create IPUIPlugin
2024-02-23 23:07:08,844 [INFO] PluginManager:220 - loadIPPluginJar : add ltdc
2024-02-23 23:07:08,861 [INFO] IPUIPlugin:80 - create IPUIPlugin
2024-02-23 23:07:08,861 [INFO] PluginManager:220 - loadIPPluginJar : add mdma
2024-02-23 23:07:08,876 [INFO] IPUIPlugin:80 - create IPUIPlugin
2024-02-23 23:07:08,876 [INFO] PluginManager:220 - loadIPPluginJar : add nvic
2024-02-23 23:07:08,924 [INFO] IPUIPlugin:80 - create IPUIPlugin
2024-02-23 23:07:08,924 [INFO] PluginManager:220 - loadIPPluginJar : add opamp
2024-02-23 23:07:08,995 [INFO] IPUIPlugin:80 - create IPUIPlugin
2024-02-23 23:07:08,996 [INFO] PluginManager:220 - loadIPPluginJar : add openamp
2024-02-23 23:07:09,050 [INFO] IPUIPlugin:80 - create IPUIPlugin
2024-02-23 23:07:09,050 [INFO] PluginManager:220 - loadIPPluginJar : add pdm2pcm
2024-02-23 23:07:09,070 [INFO] IPUIPlugin:80 - create IPUIPlugin
2024-02-23 23:07:09,075 [INFO] PluginManager:220 - loadIPPluginJar : add plateformsettings
2024-02-23 23:07:09,104 [INFO] IPUIPlugin:80 - create IPUIPlugin
2024-02-23 23:07:09,104 [INFO] PluginManager:220 - loadIPPluginJar : add quadspi
2024-02-23 23:07:09,124 [INFO] IPUIPlugin:80 - create IPUIPlugin
2024-02-23 23:07:09,124 [INFO] PluginManager:220 - loadIPPluginJar : add resmgrutility
2024-02-23 23:07:09,189 [INFO] IPUIPlugin:80 - create IPUIPlugin
2024-02-23 23:07:09,189 [INFO] PluginManager:220 - loadIPPluginJar : add sai
2024-02-23 23:07:09,239 [INFO] IPUIPlugin:80 - create IPUIPlugin
2024-02-23 23:07:09,239 [INFO] PluginManager:220 - loadIPPluginJar : add spi
2024-02-23 23:07:09,313 [INFO] IPUIPlugin:80 - create IPUIPlugin
2024-02-23 23:07:09,314 [INFO] PluginManager:220 - loadIPPluginJar : add stm32_wpan
2024-02-23 23:07:09,314 [INFO] ThirdPartyUpdaterWithRetryManager:70 - Updater plugin not ready yet. [2/15]
2024-02-23 23:07:09,344 [INFO] IPUIPlugin:80 - create IPUIPlugin
2024-02-23 23:07:09,345 [INFO] PluginManager:220 - loadIPPluginJar : add tim
2024-02-23 23:07:09,418 [INFO] IPUIPlugin:80 - create IPUIPlugin
2024-02-23 23:07:09,420 [INFO] PluginManager:220 - loadIPPluginJar : add touchsensing
2024-02-23 23:07:09,447 [INFO] IPUIPlugin:80 - create IPUIPlugin
2024-02-23 23:07:09,448 [INFO] PluginManager:220 - loadIPPluginJar : add tracer_emb
2024-02-23 23:07:09,479 [INFO] IPUIPlugin:80 - create IPUIPlugin
2024-02-23 23:07:09,480 [INFO] PluginManager:220 - loadIPPluginJar : add ts
2024-02-23 23:07:09,508 [INFO] IPUIPlugin:80 - create IPUIPlugin
2024-02-23 23:07:09,509 [INFO] PluginManager:220 - loadIPPluginJar : add tsc
2024-02-23 23:07:09,534 [INFO] IPUIPlugin:80 - create IPUIPlugin
2024-02-23 23:07:09,535 [INFO] PluginManager:220 - loadIPPluginJar : add ucpd
2024-02-23 23:07:09,589 [INFO] IPUIPlugin:80 - create IPUIPlugin
2024-02-23 23:07:09,589 [INFO] PluginManager:220 - loadIPPluginJar : add usart
2024-02-23 23:07:09,647 [INFO] IPUIPlugin:80 - create IPUIPlugin
2024-02-23 23:07:09,647 [INFO] PluginManager:220 - loadIPPluginJar : add usbx
2024-02-23 23:07:09,799 [INFO] CADModel:165 - CPN selected for project level
2024-02-23 23:07:09,799 [INFO] CADModel:114 - Register for checkConnection events
2024-02-23 23:07:09,799 [FATAL] Updater:308 - Updater called before beeing initialized
2024-02-23 23:07:09,799 [ERROR] CADModel:125 - Updater not yet initialized, retry later 
2024-02-23 23:07:09,970 [INFO] CADModel:165 - CPN selected for project level
2024-02-23 23:07:09,970 [INFO] CADModel:114 - Register for checkConnection events
2024-02-23 23:07:09,970 [FATAL] Updater:308 - Updater called before beeing initialized
2024-02-23 23:07:09,970 [ERROR] CADModel:125 - Updater not yet initialized, retry later 
2024-02-23 23:07:09,975 [FATAL] Updater:308 - Updater called before beeing initialized
2024-02-23 23:07:10,121 [FATAL] Updater:308 - Updater called before beeing initialized
2024-02-23 23:07:10,134 [INFO] DbMcusAds:53 - JSON generation date=Wed Nov 29 12:52:27 EET 2023 (1701255147200)
2024-02-23 23:07:10,134 [FATAL] Updater:308 - Updater called before beeing initialized
2024-02-23 23:07:10,249 [WARN] DetailPanel:346 - Failed to get advertising image, set to default
2024-02-23 23:07:10,387 [FATAL] Updater:308 - Updater called before beeing initialized
2024-02-23 23:07:10,389 [FATAL] Updater:308 - Updater called before beeing initialized
2024-02-23 23:07:10,389 [FATAL] Updater:308 - Updater called before beeing initialized
2024-02-23 23:07:10,389 [WARN] DetailPanel:346 - Failed to get advertising image, set to default
2024-02-23 23:07:10,391 [FATAL] Updater:308 - Updater called before beeing initialized
2024-02-23 23:07:10,485 [ERROR] Updater:1120 - MainUpdater not yet initialized. External WinMGr cannot be set.
2024-02-23 23:07:10,499 [INFO] Updater:1056 - Updater Version found : 6.9.2
2024-02-23 23:07:10,534 [INFO] ApplicationProperties:184 - Using Application install path: C:\ST\STM32CubeIDE_1.13.2\STM32CubeIDE\plugins\com.st.stm32cube.common.mx_6.9.2.202309101412
2024-02-23 23:07:10,907 [INFO] MainUpdater:2868 - connection check result : 10
2024-02-23 23:07:10,908 [INFO] MainUpdater:3562 - Updater definition file requires update
2024-02-23 23:07:10,909 [INFO] MainUpdater:285 - Updater Check For Update Now.
2024-02-23 23:07:10,909 [INFO] MicroXplorer:498 - Change Database Version : DB.6.0.92
2024-02-23 23:07:10,932 [INFO] McuFinderGlobals:63 - Set McuFinder mode to 2 (CubeIDE integrated)
2024-02-23 23:07:11,057 [INFO] ServerAccessManage:473 - Download File updaters.zip
2024-02-23 23:07:11,399 [INFO] FileExtend:240 - Unzip File : updaters.zip
2024-02-23 23:07:11,399 [INFO] FileExtend:255 - Standard Zip Deflate
2024-02-23 23:07:12,324 [WARN] MainUpdater:1189 - Updater busy. Cannot search thirdparties
2024-02-23 23:07:12,326 [INFO] ThirdPartyUpdaterWithRetryManager:96 - Updater plugin is busy. [1/15]
2024-02-23 23:07:12,615 [INFO] ServerAccessManage:473 - Download File PacksControlFlags.xml
2024-02-23 23:07:12,872 [INFO] ServerAccessManage:473 - Download File cubemx.pidx
2024-02-23 23:07:13,343 [INFO] LoadServerUpdatesThread:373 - End of LoadServerUpdate Thread
2024-02-23 23:07:13,644 [INFO] CheckServerUpdateThread:120 - End of CheckServer Thread
2024-02-23 23:07:15,638 [WARN] PackLoader:240 - Cannot read IP mode file for STMicroelectronics.X-CUBE-SMBUS.2.1.0
2024-02-23 23:07:15,668 [WARN] PackLoader:240 - Cannot read IP mode file for STMicroelectronics.X-CUBE-TOUCHGFX.4.23.0
2024-02-23 23:07:15,772 [WARN] PackLoader:240 - Cannot read IP mode file for STMicroelectronics.X-CUBE-AZRTOS-F7.1.1.0
2024-02-23 23:07:15,820 [WARN] PackLoader:240 - Cannot read IP mode file for STMicroelectronics.FP-SNS-MOTENV1.4.3.2
2024-02-23 23:07:15,854 [WARN] PackLoader:240 - Cannot read IP mode file for STMicroelectronics.FP-SNS-FLIGHT1.5.0.2
2024-02-23 23:07:15,889 [WARN] PackLoader:240 - Cannot read IP mode file for STMicroelectronics.X-CUBE-DISPLAY.3.0.0
2024-02-23 23:07:15,943 [WARN] PackLoader:240 - Cannot read IP mode file for STMicroelectronics.X-CUBE-BLE1.7.0.0
2024-02-23 23:07:15,973 [WARN] PackLoader:240 - Cannot read IP mode file for emotas.I-CUBE-CANOPEN.1.3.0
2024-02-23 23:07:15,992 [WARN] PackLoader:240 - Cannot read IP mode file for STMicroelectronics.X-CUBE-TOUCHGFX.4.22.1
2024-02-23 23:07:16,021 [WARN] PackLoader:240 - Cannot read IP mode file for STMicroelectronics.FP-SNS-SMARTAG2.1.2.0
2024-02-23 23:07:16,066 [INFO] LogOutputStream:77 - [STDOUT_REDIRECT] 1 : Invalid condition id : UX_CORESTACK_Condition cause : null
2024-02-23 23:07:16,067 [INFO] LogOutputStream:77 - [STDOUT_REDIRECT] 1 : Invalid condition id : UX_CORESTACK_Condition cause : null
2024-02-23 23:07:16,071 [INFO] LogOutputStream:77 - [STDOUT_REDIRECT] 1 : Invalid condition id : UX_CORESTACK_Condition cause : null
2024-02-23 23:07:16,074 [INFO] LogOutputStream:77 - [STDOUT_REDIRECT] 1 : Invalid condition id : UX_CORESTACK_Condition cause : null
2024-02-23 23:07:16,077 [INFO] LogOutputStream:77 - [STDOUT_REDIRECT] 1 : Invalid condition id : UX_CORESTACK_Condition cause : null
2024-02-23 23:07:16,089 [WARN] PackLoader:240 - Cannot read IP mode file for STMicroelectronics.X-CUBE-AZRTOS-WL.2.0.0
2024-02-23 23:07:16,135 [WARN] PackLoader:240 - Cannot read IP mode file for WES.I-CUBE-Cesium.1.3.0
2024-02-23 23:07:16,161 [WARN] PackLoader:240 - Cannot read IP mode file for STMicroelectronics.X-CUBE-BLE2.3.3.0
2024-02-23 23:07:16,205 [WARN] PackLoader:240 - Cannot read IP mode file for STMicroelectronics.X-CUBE-ALGOBUILD.1.3.0
2024-02-23 23:07:16,272 [WARN] PackLoader:240 - Cannot read IP mode file for STMicroelectronics.X-CUBE-AZRTOS-G0.1.1.0
2024-02-23 23:07:16,319 [WARN] PackLoader:240 - Cannot read IP mode file for STMicroelectronics.X-CUBE-NFC4.3.0.0
2024-02-23 23:07:16,361 [WARN] PackLoader:240 - Cannot read IP mode file for STMicroelectronics.X-CUBE-BLEMGR.3.0.0
2024-02-23 23:07:16,389 [WARN] PackLoader:240 - Cannot read IP mode file for STMicroelectronics.FP-ATR-SIGFOX1.3.2.0
2024-02-23 23:07:16,411 [WARN] PackLoader:240 - Cannot read IP mode file for STMicroelectronics.X-CUBE-EEPRMA1.5.1.0
2024-02-23 23:07:16,511 [WARN] PackLoader:240 - Cannot read IP mode file for SEGGER.I-CUBE-embOS.1.3.1
2024-02-23 23:07:16,664 [WARN] PackLoader:240 - Cannot read IP mode file for STMicroelectronics.X-CUBE-GNSS1.6.0.0
2024-02-23 23:07:16,739 [WARN] PackLoader:240 - Cannot read IP mode file for STMicroelectronics.X-CUBE-AZRTOS-F4.1.1.0
2024-02-23 23:07:16,774 [WARN] PackLoader:240 - Cannot read IP mode file for wolfSSL.I-CUBE-wolfSSL.5.6.3
2024-02-23 23:07:16,837 [WARN] PackLoader:240 - Cannot read IP mode file for STMicroelectronics.X-CUBE-AZRTOS-L5.2.0.0
2024-02-23 23:07:16,874 [WARN] PackLoader:240 - Cannot read IP mode file for STMicroelectronics.X-CUBE-EEPRMA1.4.2.0
2024-02-23 23:07:16,902 [WARN] PackLoader:240 - Cannot read IP mode file for ITTIA_DB.I-CUBE-ITTIADB.8.8.0
2024-02-23 23:07:16,939 [WARN] PackLoader:240 - Cannot read IP mode file for STMicroelectronics.X-CUBE-BLEMGR.2.0.0
2024-02-23 23:07:17,034 [WARN] ConditionMgr:438 - getConditionDescription Invalid condition id : UX DEVICE CLASS RTOS Condition cause : null
2024-02-23 23:07:17,035 [WARN] ConditionMgr:438 - getConditionDescription Invalid condition id : UX DEVICE CLASS RTOS Condition cause : null
2024-02-23 23:07:17,042 [WARN] PackLoader:240 - Cannot read IP mode file for STMicroelectronics.X-CUBE-AZRTOS-H7.3.1.0
2024-02-23 23:07:17,044 [WARN] ConditionMgr:1039 - genDependencies : Invalid condition id : UX DEVICE CLASS RTOS Condition cause : null
2024-02-23 23:07:17,044 [WARN] ConditionMgr:1039 - genDependencies : Invalid condition id : UX DEVICE CLASS RTOS Condition cause : null
2024-02-23 23:07:17,046 [WARN] ConditionMgr:1039 - genDependencies : Invalid condition id : UX DEVICE CLASS RTOS Condition cause : null
2024-02-23 23:07:17,047 [WARN] ConditionMgr:1039 - genDependencies : Invalid condition id : UX DEVICE CLASS RTOS Condition cause : null
2024-02-23 23:07:17,047 [WARN] ConditionMgr:1039 - genDependencies : Invalid condition id : UX DEVICE CLASS RTOS Condition cause : null
2024-02-23 23:07:17,080 [WARN] PackLoader:240 - Cannot read IP mode file for STMicroelectronics.X-CUBE-NFC7.1.0.1
2024-02-23 23:07:17,119 [WARN] PackLoader:240 - Cannot read IP mode file for STMicroelectronics.X-CUBE-NFC6.3.0.0
2024-02-23 23:07:17,159 [WARN] PackLoader:240 - Cannot read IP mode file for STMicroelectronics.X-CUBE-EEPRMA1.4.1.0
2024-02-23 23:07:17,190 [WARN] PackLoader:240 - Cannot read IP mode file for STMicroelectronics.X-CUBE-AI.8.1.0
2024-02-23 23:07:17,267 [WARN] ConditionMgr:438 - getConditionDescription Invalid condition id : LAN8742 Phy interface Condition cause : null
2024-02-23 23:07:17,268 [WARN] PackLoader:240 - Cannot read IP mode file for STMicroelectronics.X-CUBE-AZRTOS-L4.2.0.0
2024-02-23 23:07:17,271 [WARN] ConditionMgr:1039 - genDependencies : Invalid condition id : LAN8742 Phy interface Condition cause : null
2024-02-23 23:07:17,272 [WARN] ConditionMgr:1039 - genDependencies : Invalid condition id : LAN8742 Phy interface Condition cause : null
2024-02-23 23:07:17,273 [WARN] ConditionMgr:1039 - genDependencies : Invalid condition id : LAN8742 Phy interface Condition cause : null
2024-02-23 23:07:17,309 [WARN] PackLoader:240 - Cannot read IP mode file for STMicroelectronics.X-CUBE-SFXS2LP1.4.0.0
2024-02-23 23:07:17,348 [WARN] PackLoader:240 - Cannot read IP mode file for STMicroelectronics.X-CUBE-ISPU.1.1.0
2024-02-23 23:07:17,435 [WARN] ConditionMgr:438 - getConditionDescription Invalid condition id : UX DEVICE CLASS RTOS Condition cause : null
2024-02-23 23:07:17,436 [WARN] ConditionMgr:438 - getConditionDescription Invalid condition id : UX DEVICE CLASS RTOS Condition cause : null
2024-02-23 23:07:17,446 [WARN] PackLoader:240 - Cannot read IP mode file for STMicroelectronics.X-CUBE-AZRTOS-WB.2.0.0
2024-02-23 23:07:17,448 [WARN] ConditionMgr:1039 - genDependencies : Invalid condition id : UX DEVICE CLASS RTOS Condition cause : null
2024-02-23 23:07:17,448 [WARN] ConditionMgr:1039 - genDependencies : Invalid condition id : UX DEVICE CLASS RTOS Condition cause : null
2024-02-23 23:07:17,449 [WARN] ConditionMgr:1039 - genDependencies : Invalid condition id : UX DEVICE CLASS RTOS Condition cause : null
2024-02-23 23:07:17,450 [WARN] ConditionMgr:1039 - genDependencies : Invalid condition id : UX DEVICE CLASS RTOS Condition cause : null
2024-02-23 23:07:17,450 [WARN] ConditionMgr:1039 - genDependencies : Invalid condition id : UX DEVICE CLASS RTOS Condition cause : null
2024-02-23 23:07:17,649 [WARN] PackLoader:240 - Cannot read IP mode file for STMicroelectronics.X-CUBE-SUBG2.5.0.0
2024-02-23 23:07:17,793 [WARN] PackLoader:240 - Cannot read IP mode file for STMicroelectronics.X-CUBE-TOF1.3.3.1
2024-02-23 23:07:17,906 [WARN] PackLoader:240 - Cannot read IP mode file for STMicroelectronics.X-CUBE-AZRTOS-G4.2.0.0
2024-02-23 23:07:17,966 [WARN] PackLoader:240 - Cannot read IP mode file for Infineon.AIROC-Wi-Fi-Bluetooth-STM32.1.5.1
2024-02-23 23:07:18,001 [WARN] PackLoader:240 - Cannot read IP mode file for STMicroelectronics.FP-SNS-MOTENVWB1.1.3.1
2024-02-23 23:07:18,023 [WARN] PackLoader:240 - Cannot read IP mode file for STMicroelectronics.X-CUBE-ISPU.2.0.0
2024-02-23 23:07:18,189 [WARN] PackLoader:240 - Cannot read IP mode file for STMicroelectronics.X-CUBE-MEMS1.10.0.0
2024-02-23 23:07:18,826 [WARN] PackLoader:240 - Cannot read IP mode file for STMicroelectronics.X-CUBE-FREERTOS.1.1.0
2024-02-23 23:07:18,864 [WARN] PackLoader:240 - Cannot read IP mode file for portGmbH.I-Cube-SoM-uGOAL.1.1.0
2024-02-23 23:07:18,945 [WARN] PackLoader:240 - Cannot read IP mode file for STMicroelectronics.X-CUBE-ALS.1.0.1
2024-02-23 23:07:18,992 [WARN] PackLoader:240 - Cannot read IP mode file for STMicroelectronics.FP-ATR-ASTRA1.2.0.0
2024-02-23 23:07:19,057 [WARN] PackLoader:240 - Cannot read IP mode file for STMicroelectronics.X-CUBE-TOF1.3.4.0
2024-02-23 23:07:19,194 [WARN] PackLoader:240 - Cannot read IP mode file for STMicroelectronics.X-CUBE-AZRTOS-H7.3.2.0
2024-02-23 23:07:19,204 [INFO] ThirdParty:978 - Integrity check success = true
2024-02-23 23:07:19,204 [INFO] IntegrityCheckThread:100 - exiting critical section [integrity check]
2024-02-23 23:07:19,204 [INFO] IntegrityCheckThread:103 - End integrity checks thread
2024-02-23 23:07:33,107 [ERROR] LogOutputStream:75 - [STDERR_REDIRECT] SLF4J: Failed to load class "org.slf4j.impl.StaticLoggerBinder".
2024-02-23 23:07:33,108 [ERROR] LogOutputStream:75 - [STDERR_REDIRECT] SLF4J: Defaulting to no-operation (NOP) logger implementation
2024-02-23 23:07:33,112 [ERROR] LogOutputStream:75 - [STDERR_REDIRECT] SLF4J: See http://www.slf4j.org/codes.html#StaticLoggerBinder for further details.
