2024-02-17 11:32:26,837 [INFO] Activator:176 - 


2024-02-17 11:32:26,868 [INFO] Activator:177 - !SESSION log4j initialized
2024-02-17 11:32:35,157 [INFO] LogOutputStream:77 - [STDOUT_REDIRECT] 
2024-02-17 11:32:37,690 [INFO] ApplicationProperties:184 - Using Application install path: C:\ST\STM32CubeIDE_1.13.2\STM32CubeIDE\plugins\com.st.stm32cube.common.mx_6.9.2.202309101412
2024-02-17 11:32:37,717 [INFO] DbMcusXml:78 - Set database path to: C:\ST\STM32CubeIDE_1.13.2\STM32CubeIDE\plugins\com.st.stm32cube.common.mx_6.9.2.202309101412\\db\/mcu/
2024-02-17 11:32:37,718 [INFO] ApiDb:274 - Set plugin database path to: C:\ST\STM32CubeIDE_1.13.2\STM32CubeIDE\plugins\com.st.stm32cube.common.mx_6.9.2.202309101412\\db\/plugins/boardmanager/
2024-02-17 11:32:37,732 [WARN] ApiDb:259 - Overriding images path with different value:  => C:\ST\STM32CubeIDE_1.13.2\STM32CubeIDE\plugins\com.st.stm32cube.common.mx_6.9.2.202309101412\\db\/plugins/mcufinder/images/
2024-02-17 11:32:37,756 [INFO] ApiDb:250 - Set database path to: C:\Users\sheha\.stmcufinder\plugins\mcufinder//mcu/
2024-02-17 11:32:37,758 [INFO] DbMcusAds:125 - Set database path to: C:\Users\sheha\.stmcufinder\plugins\mcufinder//mcu/
2024-02-17 11:32:37,762 [INFO] CrossReferenceDbSqlite:203 - Set database path to: C:\Users\sheha\.stmcufinder\plugins\mcufinder//mcu/cs/
2024-02-17 11:32:37,976 [INFO] RulesReader:64 - Compatibility file has been processed (293 Rules)
2024-02-17 11:32:38,106 [INFO] DbMcusXml:78 - Set database path to: C:\ST\STM32CubeIDE_1.13.2\STM32CubeIDE\plugins\com.st.stm32cube.common.mx_6.9.2.202309101412\\db\/mcu/
2024-02-17 11:32:38,107 [INFO] ApiDb:274 - Set plugin database path to: C:\ST\STM32CubeIDE_1.13.2\STM32CubeIDE\plugins\com.st.stm32cube.common.mx_6.9.2.202309101412\\db\/plugins/boardmanager/
2024-02-17 11:32:38,107 [INFO] ApiDb:261 - Set plugin images path to: C:\ST\STM32CubeIDE_1.13.2\STM32CubeIDE\plugins\com.st.stm32cube.common.mx_6.9.2.202309101412\\db\/plugins/mcufinder/images/
2024-02-17 11:32:38,107 [WARN] DbFile:41 - Overriding database path with different value: C:\Users\sheha\.stmcufinder\plugins\mcufinder/ => C:\Users\sheha\.stmcufinder\plugins\mcufinder
2024-02-17 11:32:38,108 [INFO] ApiDb:250 - Set database path to: C:\Users\sheha\.stmcufinder\plugins\mcufinder//mcu/
2024-02-17 11:32:38,108 [WARN] DbFile:41 - Overriding database path with different value: C:\Users\sheha\.stmcufinder\plugins\mcufinder/ => C:\Users\sheha\.stmcufinder\plugins\mcufinder
2024-02-17 11:32:38,108 [INFO] DbMcusAds:125 - Set database path to: C:\Users\sheha\.stmcufinder\plugins\mcufinder//mcu/
2024-02-17 11:32:38,108 [WARN] DbFile:41 - Overriding database path with different value: C:\Users\sheha\.stmcufinder\plugins\mcufinder/ => C:\Users\sheha\.stmcufinder\plugins\mcufinder
2024-02-17 11:32:38,108 [WARN] DbFile:41 - Overriding database path with different value: C:\Users\sheha\.stmcufinder\plugins\mcufinder/ => C:\Users\sheha\.stmcufinder\plugins\mcufinder
2024-02-17 11:32:38,108 [INFO] CrossReferenceDbSqlite:203 - Set database path to: C:\Users\sheha\.stmcufinder\plugins\mcufinder//mcu/cs/
2024-02-17 11:32:38,242 [INFO] MainPanel:262 - HeapMemory: 268435456
2024-02-17 11:32:38,417 [INFO] DbMcusXml:78 - Set database path to: C:\ST\STM32CubeIDE_1.13.2\STM32CubeIDE\plugins\com.st.stm32cube.common.mx_6.9.2.202309101412\\db\/mcu/
2024-02-17 11:32:38,417 [INFO] ApiDb:274 - Set plugin database path to: C:\ST\STM32CubeIDE_1.13.2\STM32CubeIDE\plugins\com.st.stm32cube.common.mx_6.9.2.202309101412\\db\/plugins/boardmanager/
2024-02-17 11:32:38,418 [INFO] ApiDb:261 - Set plugin images path to: C:\ST\STM32CubeIDE_1.13.2\STM32CubeIDE\plugins\com.st.stm32cube.common.mx_6.9.2.202309101412\\db\/plugins/mcufinder/images/
2024-02-17 11:32:38,420 [WARN] DbFile:41 - Overriding database path with different value: C:\Users\sheha\.stmcufinder\plugins\mcufinder/ => C:\Users\sheha\.stmcufinder\plugins\mcufinder
2024-02-17 11:32:38,421 [INFO] ApiDb:250 - Set database path to: C:\Users\sheha\.stmcufinder\plugins\mcufinder//mcu/
2024-02-17 11:32:38,421 [WARN] DbFile:41 - Overriding database path with different value: C:\Users\sheha\.stmcufinder\plugins\mcufinder/ => C:\Users\sheha\.stmcufinder\plugins\mcufinder
2024-02-17 11:32:38,421 [INFO] DbMcusAds:125 - Set database path to: C:\Users\sheha\.stmcufinder\plugins\mcufinder//mcu/
2024-02-17 11:32:38,422 [WARN] DbFile:41 - Overriding database path with different value: C:\Users\sheha\.stmcufinder\plugins\mcufinder/ => C:\Users\sheha\.stmcufinder\plugins\mcufinder
2024-02-17 11:32:38,422 [WARN] DbFile:41 - Overriding database path with different value: C:\Users\sheha\.stmcufinder\plugins\mcufinder/ => C:\Users\sheha\.stmcufinder\plugins\mcufinder
2024-02-17 11:32:38,422 [INFO] CrossReferenceDbSqlite:203 - Set database path to: C:\Users\sheha\.stmcufinder\plugins\mcufinder//mcu/cs/
2024-02-17 11:32:38,456 [INFO] ApplicationProperties:184 - Using Application install path: C:\ST\STM32CubeIDE_1.13.2\STM32CubeIDE\plugins\com.st.stm32cube.common.mx_6.9.2.202309101412
2024-02-17 11:32:38,459 [INFO] PluginManage:196 - Search for loadable plugins [exclusion list=, ]
2024-02-17 11:32:38,462 [INFO] PluginManage:310 - Check plugin analytics
2024-02-17 11:32:38,741 [INFO] AnalyticsPlugin:253 - Accepted Software Licenses: STM32CubeMX.6.9.2
2024-02-17 11:32:38,741 [INFO] AnalyticsPlugin:255 - Accepted CMSIS Pack Licenses: 
2024-02-17 11:32:38,742 [INFO] AnalyticsPlugin:257 - Accepted Firmware Licenses: 
2024-02-17 11:32:38,745 [INFO] PluginManage:359 - Loaded plugin analytics (category:tool,tabindex:-1)
2024-02-17 11:32:38,746 [INFO] PluginManage:310 - Check plugin cadmodel
2024-02-17 11:32:38,780 [INFO] CADModel:105 - Init CAD model plugin
2024-02-17 11:32:38,780 [INFO] PluginManage:359 - Loaded plugin cadmodel (category:power,tabindex:5)
2024-02-17 11:32:38,781 [INFO] PluginManage:310 - Check plugin clock
2024-02-17 11:32:38,810 [INFO] PluginManage:359 - Loaded plugin clock (category:base,tabindex:2)
2024-02-17 11:32:38,810 [INFO] PluginManage:310 - Check plugin ddr
2024-02-17 11:32:38,814 [INFO] PluginManage:359 - Loaded plugin ddr (category:tool,tabindex:6)
2024-02-17 11:32:38,814 [INFO] PluginManage:310 - Check plugin filemanager
2024-02-17 11:32:39,086 [INFO] PluginManage:359 - Loaded plugin filemanager (category:base,tabindex:10)
2024-02-17 11:32:39,086 [INFO] PluginManage:310 - Check plugin ipmanager
2024-02-17 11:32:39,099 [INFO] PluginManage:359 - Loaded plugin ipmanager (category:base,tabindex:5)
2024-02-17 11:32:39,100 [INFO] PluginManage:310 - Check plugin lpbam
2024-02-17 11:32:39,129 [INFO] PluginManage:359 - Loaded plugin lpbam (category:base,tabindex:0)
2024-02-17 11:32:39,129 [INFO] PluginManage:310 - Check plugin memorymap
2024-02-17 11:32:39,168 [INFO] PluginManage:359 - Loaded plugin memorymap (category:base,tabindex:4)
2024-02-17 11:32:39,168 [INFO] PluginManage:310 - Check plugin pinoutandconfiguration
2024-02-17 11:32:39,201 [INFO] PluginManage:359 - Loaded plugin pinoutandconfiguration (category:base,tabindex:1)
2024-02-17 11:32:39,201 [INFO] PluginManage:310 - Check plugin pinoutconfig
2024-02-17 11:32:39,368 [WARN] SupportedApi:132 - Cannot load RTOS API schema: s4s-elt-must-match.1: The content of 'definitions' must match (annotation?, (simpleType | complexType)?, (unique | key | keyref)*)). A problem was found starting at: attribute.
2024-02-17 11:32:39,588 [INFO] PluginManage:359 - Loaded plugin pinoutconfig (category:base,tabindex:0)
2024-02-17 11:32:39,588 [INFO] PluginManage:310 - Check plugin power
2024-02-17 11:32:39,617 [INFO] PluginManage:359 - Loaded plugin power (category:power,tabindex:4)
2024-02-17 11:32:39,618 [INFO] PluginManage:310 - Check plugin projectmanager
2024-02-17 11:32:39,643 [INFO] PluginManage:359 - Loaded plugin projectmanager (category:projectmanager,tabindex:3)
2024-02-17 11:32:39,644 [INFO] PluginManage:310 - Check plugin thirdparty
2024-02-17 11:32:40,039 [INFO] PluginManage:359 - Loaded plugin thirdparty (category:base,tabindex:-1)
2024-02-17 11:32:40,039 [INFO] PluginManage:310 - Check plugin tools
2024-02-17 11:32:40,039 [WARN] IntegrityCheckThread:84 - waiting for thirdparty lock release [integrity check]
2024-02-17 11:32:40,040 [INFO] IntegrityCheckThread:86 - entering critical section [integrity check]
2024-02-17 11:32:40,040 [INFO] ThirdPartyUpdaterWithRetryManager:70 - Updater plugin not ready yet. [1/15]
2024-02-17 11:32:40,089 [INFO] PluginManage:359 - Loaded plugin tools (category:base,tabindex:7)
2024-02-17 11:32:40,090 [INFO] PluginManage:310 - Check plugin tutovideos
2024-02-17 11:32:40,358 [INFO] PluginManage:359 - Loaded plugin tutovideos (category:base,tabindex:-1)
2024-02-17 11:32:40,358 [INFO] PluginManage:310 - Check plugin updater
2024-02-17 11:32:40,377 [INFO] PluginManage:359 - Loaded plugin updater (category:base,tabindex:12)
2024-02-17 11:32:40,378 [INFO] PluginManage:310 - Check plugin userauth
2024-02-17 11:32:40,386 [INFO] UserAuth:113 - Init User Auth plugin
2024-02-17 11:32:40,387 [INFO] PluginManage:359 - Loaded plugin userauth (category:base,tabindex:14)
2024-02-17 11:32:40,387 [INFO] PluginManage:283 - PluginManage : Loaded plugins [17]
2024-02-17 11:32:40,719 [INFO] PinOutPanel:1499 - setPackage(No Configuration,No Configuration)
2024-02-17 11:32:40,883 [INFO] CADModel:165 - CPN selected for project level
2024-02-17 11:32:40,883 [INFO] CADModel:114 - Register for checkConnection events
2024-02-17 11:32:40,925 [INFO] IPUIPlugin:80 - create IPUIPlugin
2024-02-17 11:32:40,925 [INFO] PluginManager:220 - loadIPPluginJar : add adc
2024-02-17 11:32:40,998 [INFO] IPUIPlugin:80 - create IPUIPlugin
2024-02-17 11:32:40,999 [INFO] PluginManager:220 - loadIPPluginJar : add aes
2024-02-17 11:32:41,063 [INFO] IPUIPlugin:80 - create IPUIPlugin
2024-02-17 11:32:41,064 [INFO] PluginManager:220 - loadIPPluginJar : add can
2024-02-17 11:32:41,098 [INFO] IPUIPlugin:80 - create IPUIPlugin
2024-02-17 11:32:41,098 [INFO] PluginManager:220 - loadIPPluginJar : add comp
2024-02-17 11:32:41,151 [INFO] IPUIPlugin:80 - create IPUIPlugin
2024-02-17 11:32:41,151 [INFO] PluginManager:220 - loadIPPluginJar : add cryp
2024-02-17 11:32:41,198 [INFO] IPUIPlugin:80 - create IPUIPlugin
2024-02-17 11:32:41,198 [INFO] PluginManager:220 - loadIPPluginJar : add dfsdm
2024-02-17 11:32:41,218 [INFO] IPUIPlugin:80 - create IPUIPlugin
2024-02-17 11:32:41,219 [INFO] PluginManager:220 - loadIPPluginJar : add dma
2024-02-17 11:32:41,278 [INFO] IPUIPlugin:80 - create IPUIPlugin
2024-02-17 11:32:41,278 [INFO] PluginManager:220 - loadIPPluginJar : add dma3
2024-02-17 11:32:41,306 [INFO] IPUIPlugin:80 - create IPUIPlugin
2024-02-17 11:32:41,306 [INFO] PluginManager:220 - loadIPPluginJar : add fatfs
2024-02-17 11:32:41,369 [INFO] IPUIPlugin:80 - create IPUIPlugin
2024-02-17 11:32:41,369 [INFO] PluginManager:220 - loadIPPluginJar : add fmc
2024-02-17 11:32:41,387 [INFO] IPUIPlugin:80 - create IPUIPlugin
2024-02-17 11:32:41,387 [INFO] PluginManager:220 - loadIPPluginJar : add freertos
2024-02-17 11:32:41,414 [INFO] IPUIPlugin:80 - create IPUIPlugin
2024-02-17 11:32:41,414 [INFO] PluginManager:220 - loadIPPluginJar : add genericplugin
2024-02-17 11:32:41,550 [INFO] IPUIPlugin:80 - create IPUIPlugin
2024-02-17 11:32:41,550 [INFO] PluginManager:220 - loadIPPluginJar : add gfxmmu
2024-02-17 11:32:41,745 [INFO] IPUIPlugin:80 - create IPUIPlugin
2024-02-17 11:32:41,745 [INFO] PluginManager:220 - loadIPPluginJar : add gic
2024-02-17 11:32:41,762 [INFO] IPUIPlugin:80 - create IPUIPlugin
2024-02-17 11:32:41,762 [INFO] PluginManager:220 - loadIPPluginJar : add gpio
2024-02-17 11:32:41,883 [INFO] IPUIPlugin:80 - create IPUIPlugin
2024-02-17 11:32:41,883 [INFO] PluginManager:220 - loadIPPluginJar : add gtzc
2024-02-17 11:32:41,924 [INFO] IPUIPlugin:80 - create IPUIPlugin
2024-02-17 11:32:41,924 [INFO] PluginManager:220 - loadIPPluginJar : add hash
2024-02-17 11:32:41,996 [INFO] IPUIPlugin:80 - create IPUIPlugin
2024-02-17 11:32:41,996 [INFO] PluginManager:220 - loadIPPluginJar : add i2c
2024-02-17 11:32:42,043 [INFO] IPUIPlugin:80 - create IPUIPlugin
2024-02-17 11:32:42,043 [INFO] PluginManager:220 - loadIPPluginJar : add i2s
2024-02-17 11:32:42,093 [INFO] IPUIPlugin:80 - create IPUIPlugin
2024-02-17 11:32:42,093 [INFO] PluginManager:220 - loadIPPluginJar : add i3c
2024-02-17 11:32:42,225 [INFO] IPUIPlugin:80 - create IPUIPlugin
2024-02-17 11:32:42,225 [INFO] PluginManager:220 - loadIPPluginJar : add ipddr
2024-02-17 11:32:42,336 [INFO] IPUIPlugin:80 - create IPUIPlugin
2024-02-17 11:32:42,336 [INFO] PluginManager:220 - loadIPPluginJar : add linkedlist
2024-02-17 11:32:42,376 [INFO] IPUIPlugin:80 - create IPUIPlugin
2024-02-17 11:32:42,377 [INFO] PluginManager:220 - loadIPPluginJar : add lorawan
2024-02-17 11:32:42,421 [INFO] IPUIPlugin:80 - create IPUIPlugin
2024-02-17 11:32:42,421 [INFO] PluginManager:220 - loadIPPluginJar : add ltdc
2024-02-17 11:32:42,437 [INFO] IPUIPlugin:80 - create IPUIPlugin
2024-02-17 11:32:42,437 [INFO] PluginManager:220 - loadIPPluginJar : add mdma
2024-02-17 11:32:42,449 [INFO] IPUIPlugin:80 - create IPUIPlugin
2024-02-17 11:32:42,449 [INFO] PluginManager:220 - loadIPPluginJar : add nvic
2024-02-17 11:32:42,491 [INFO] IPUIPlugin:80 - create IPUIPlugin
2024-02-17 11:32:42,491 [INFO] PluginManager:220 - loadIPPluginJar : add opamp
2024-02-17 11:32:42,567 [INFO] IPUIPlugin:80 - create IPUIPlugin
2024-02-17 11:32:42,567 [INFO] PluginManager:220 - loadIPPluginJar : add openamp
2024-02-17 11:32:42,627 [INFO] IPUIPlugin:80 - create IPUIPlugin
2024-02-17 11:32:42,627 [INFO] PluginManager:220 - loadIPPluginJar : add pdm2pcm
2024-02-17 11:32:42,646 [INFO] IPUIPlugin:80 - create IPUIPlugin
2024-02-17 11:32:42,650 [INFO] PluginManager:220 - loadIPPluginJar : add plateformsettings
2024-02-17 11:32:42,676 [INFO] IPUIPlugin:80 - create IPUIPlugin
2024-02-17 11:32:42,677 [INFO] PluginManager:220 - loadIPPluginJar : add quadspi
2024-02-17 11:32:42,693 [INFO] IPUIPlugin:80 - create IPUIPlugin
2024-02-17 11:32:42,693 [INFO] PluginManager:220 - loadIPPluginJar : add resmgrutility
2024-02-17 11:32:42,767 [INFO] IPUIPlugin:80 - create IPUIPlugin
2024-02-17 11:32:42,767 [INFO] PluginManager:220 - loadIPPluginJar : add sai
2024-02-17 11:32:42,816 [INFO] IPUIPlugin:80 - create IPUIPlugin
2024-02-17 11:32:42,816 [INFO] PluginManager:220 - loadIPPluginJar : add spi
2024-02-17 11:32:42,890 [INFO] IPUIPlugin:80 - create IPUIPlugin
2024-02-17 11:32:42,890 [INFO] PluginManager:220 - loadIPPluginJar : add stm32_wpan
2024-02-17 11:32:42,917 [INFO] IPUIPlugin:80 - create IPUIPlugin
2024-02-17 11:32:42,917 [INFO] PluginManager:220 - loadIPPluginJar : add tim
2024-02-17 11:32:42,992 [INFO] IPUIPlugin:80 - create IPUIPlugin
2024-02-17 11:32:42,992 [INFO] PluginManager:220 - loadIPPluginJar : add touchsensing
2024-02-17 11:32:43,019 [INFO] IPUIPlugin:80 - create IPUIPlugin
2024-02-17 11:32:43,020 [INFO] PluginManager:220 - loadIPPluginJar : add tracer_emb
2024-02-17 11:32:43,043 [INFO] ThirdPartyUpdaterWithRetryManager:70 - Updater plugin not ready yet. [2/15]
2024-02-17 11:32:43,047 [INFO] IPUIPlugin:80 - create IPUIPlugin
2024-02-17 11:32:43,047 [INFO] PluginManager:220 - loadIPPluginJar : add ts
2024-02-17 11:32:43,076 [INFO] IPUIPlugin:80 - create IPUIPlugin
2024-02-17 11:32:43,076 [INFO] PluginManager:220 - loadIPPluginJar : add tsc
2024-02-17 11:32:43,106 [INFO] IPUIPlugin:80 - create IPUIPlugin
2024-02-17 11:32:43,107 [INFO] PluginManager:220 - loadIPPluginJar : add ucpd
2024-02-17 11:32:43,168 [INFO] IPUIPlugin:80 - create IPUIPlugin
2024-02-17 11:32:43,169 [INFO] PluginManager:220 - loadIPPluginJar : add usart
2024-02-17 11:32:43,222 [INFO] IPUIPlugin:80 - create IPUIPlugin
2024-02-17 11:32:43,222 [INFO] PluginManager:220 - loadIPPluginJar : add usbx
2024-02-17 11:32:43,372 [INFO] CADModel:165 - CPN selected for project level
2024-02-17 11:32:43,372 [INFO] CADModel:114 - Register for checkConnection events
2024-02-17 11:32:43,373 [FATAL] Updater:308 - Updater called before beeing initialized
2024-02-17 11:32:43,373 [ERROR] CADModel:125 - Updater not yet initialized, retry later 
2024-02-17 11:32:43,579 [INFO] CADModel:165 - CPN selected for project level
2024-02-17 11:32:43,579 [INFO] CADModel:114 - Register for checkConnection events
2024-02-17 11:32:43,580 [FATAL] Updater:308 - Updater called before beeing initialized
2024-02-17 11:32:43,580 [ERROR] CADModel:125 - Updater not yet initialized, retry later 
2024-02-17 11:32:43,586 [FATAL] Updater:308 - Updater called before beeing initialized
2024-02-17 11:32:43,756 [FATAL] Updater:308 - Updater called before beeing initialized
2024-02-17 11:32:43,774 [INFO] DbMcusAds:53 - JSON generation date=Wed Nov 29 12:52:27 EET 2023 (1701255147200)
2024-02-17 11:32:43,774 [FATAL] Updater:308 - Updater called before beeing initialized
2024-02-17 11:32:43,909 [WARN] DetailPanel:346 - Failed to get advertising image, set to default
2024-02-17 11:32:44,076 [FATAL] Updater:308 - Updater called before beeing initialized
2024-02-17 11:32:44,080 [FATAL] Updater:308 - Updater called before beeing initialized
2024-02-17 11:32:44,080 [FATAL] Updater:308 - Updater called before beeing initialized
2024-02-17 11:32:44,080 [WARN] DetailPanel:346 - Failed to get advertising image, set to default
2024-02-17 11:32:44,081 [FATAL] Updater:308 - Updater called before beeing initialized
2024-02-17 11:32:44,206 [ERROR] Updater:1120 - MainUpdater not yet initialized. External WinMGr cannot be set.
2024-02-17 11:32:44,224 [INFO] Updater:1056 - Updater Version found : 6.9.2
2024-02-17 11:32:44,263 [INFO] ApplicationProperties:184 - Using Application install path: C:\ST\STM32CubeIDE_1.13.2\STM32CubeIDE\plugins\com.st.stm32cube.common.mx_6.9.2.202309101412
2024-02-17 11:32:44,541 [INFO] MainUpdater:2868 - connection check result : 10
2024-02-17 11:32:44,543 [INFO] MainUpdater:285 - Updater Check For Update Now.
2024-02-17 11:32:44,544 [INFO] MicroXplorer:498 - Change Database Version : DB.6.0.92
2024-02-17 11:32:44,574 [INFO] McuFinderGlobals:63 - Set McuFinder mode to 2 (CubeIDE integrated)
2024-02-17 11:32:44,863 [INFO] CheckServerUpdateThread:120 - End of CheckServer Thread
2024-02-17 11:32:46,273 [WARN] PackLoader:240 - Cannot read IP mode file for STMicroelectronics.X-CUBE-SMBUS.2.1.0
2024-02-17 11:32:46,288 [WARN] PackLoader:240 - Cannot read IP mode file for STMicroelectronics.X-CUBE-TOUCHGFX.4.23.0
2024-02-17 11:32:46,345 [WARN] PackLoader:240 - Cannot read IP mode file for STMicroelectronics.X-CUBE-AZRTOS-F7.1.1.0
2024-02-17 11:32:46,367 [WARN] PackLoader:240 - Cannot read IP mode file for STMicroelectronics.FP-SNS-MOTENV1.4.3.2
2024-02-17 11:32:46,384 [WARN] PackLoader:240 - Cannot read IP mode file for STMicroelectronics.FP-SNS-FLIGHT1.5.0.2
2024-02-17 11:32:46,400 [WARN] PackLoader:240 - Cannot read IP mode file for STMicroelectronics.X-CUBE-DISPLAY.3.0.0
2024-02-17 11:32:46,421 [WARN] PackLoader:240 - Cannot read IP mode file for STMicroelectronics.X-CUBE-BLE1.7.0.0
2024-02-17 11:32:46,438 [WARN] PackLoader:240 - Cannot read IP mode file for emotas.I-CUBE-CANOPEN.1.3.0
2024-02-17 11:32:46,450 [WARN] PackLoader:240 - Cannot read IP mode file for STMicroelectronics.X-CUBE-TOUCHGFX.4.22.1
2024-02-17 11:32:46,463 [WARN] PackLoader:240 - Cannot read IP mode file for STMicroelectronics.FP-SNS-SMARTAG2.1.2.0
2024-02-17 11:32:46,489 [INFO] LogOutputStream:77 - [STDOUT_REDIRECT] 1 : Invalid condition id : UX_CORESTACK_Condition cause : null
2024-02-17 11:32:46,490 [INFO] LogOutputStream:77 - [STDOUT_REDIRECT] 1 : Invalid condition id : UX_CORESTACK_Condition cause : null
2024-02-17 11:32:46,492 [INFO] LogOutputStream:77 - [STDOUT_REDIRECT] 1 : Invalid condition id : UX_CORESTACK_Condition cause : null
2024-02-17 11:32:46,493 [INFO] LogOutputStream:77 - [STDOUT_REDIRECT] 1 : Invalid condition id : UX_CORESTACK_Condition cause : null
2024-02-17 11:32:46,495 [INFO] LogOutputStream:77 - [STDOUT_REDIRECT] 1 : Invalid condition id : UX_CORESTACK_Condition cause : null
2024-02-17 11:32:46,502 [WARN] PackLoader:240 - Cannot read IP mode file for STMicroelectronics.X-CUBE-AZRTOS-WL.2.0.0
2024-02-17 11:32:46,522 [WARN] PackLoader:240 - Cannot read IP mode file for WES.I-CUBE-Cesium.1.3.0
2024-02-17 11:32:46,536 [WARN] PackLoader:240 - Cannot read IP mode file for STMicroelectronics.X-CUBE-BLE2.3.3.0
2024-02-17 11:32:46,552 [WARN] PackLoader:240 - Cannot read IP mode file for STMicroelectronics.X-CUBE-ALGOBUILD.1.3.0
2024-02-17 11:32:46,593 [WARN] PackLoader:240 - Cannot read IP mode file for STMicroelectronics.X-CUBE-AZRTOS-G0.1.1.0
2024-02-17 11:32:46,617 [WARN] PackLoader:240 - Cannot read IP mode file for STMicroelectronics.X-CUBE-NFC4.3.0.0
2024-02-17 11:32:46,638 [WARN] PackLoader:240 - Cannot read IP mode file for STMicroelectronics.X-CUBE-BLEMGR.3.0.0
2024-02-17 11:32:46,654 [WARN] PackLoader:240 - Cannot read IP mode file for STMicroelectronics.FP-ATR-SIGFOX1.3.2.0
2024-02-17 11:32:46,668 [WARN] PackLoader:240 - Cannot read IP mode file for STMicroelectronics.X-CUBE-EEPRMA1.5.1.0
2024-02-17 11:32:46,725 [WARN] PackLoader:240 - Cannot read IP mode file for SEGGER.I-CUBE-embOS.1.3.1
2024-02-17 11:32:46,811 [WARN] PackLoader:240 - Cannot read IP mode file for STMicroelectronics.X-CUBE-GNSS1.6.0.0
2024-02-17 11:32:46,849 [WARN] PackLoader:240 - Cannot read IP mode file for STMicroelectronics.X-CUBE-AZRTOS-F4.1.1.0
2024-02-17 11:32:46,870 [WARN] PackLoader:240 - Cannot read IP mode file for wolfSSL.I-CUBE-wolfSSL.5.6.3
2024-02-17 11:32:46,915 [WARN] PackLoader:240 - Cannot read IP mode file for STMicroelectronics.X-CUBE-AZRTOS-L5.2.0.0
2024-02-17 11:32:46,939 [WARN] PackLoader:240 - Cannot read IP mode file for STMicroelectronics.X-CUBE-EEPRMA1.4.2.0
2024-02-17 11:32:46,962 [WARN] PackLoader:240 - Cannot read IP mode file for ITTIA_DB.I-CUBE-ITTIADB.8.8.0
2024-02-17 11:32:46,986 [WARN] PackLoader:240 - Cannot read IP mode file for STMicroelectronics.X-CUBE-BLEMGR.2.0.0
2024-02-17 11:32:47,032 [WARN] ConditionMgr:438 - getConditionDescription Invalid condition id : UX DEVICE CLASS RTOS Condition cause : null
2024-02-17 11:32:47,032 [WARN] ConditionMgr:438 - getConditionDescription Invalid condition id : UX DEVICE CLASS RTOS Condition cause : null
2024-02-17 11:32:47,036 [WARN] PackLoader:240 - Cannot read IP mode file for STMicroelectronics.X-CUBE-AZRTOS-H7.3.1.0
2024-02-17 11:32:47,037 [WARN] ConditionMgr:1039 - genDependencies : Invalid condition id : UX DEVICE CLASS RTOS Condition cause : null
2024-02-17 11:32:47,037 [WARN] ConditionMgr:1039 - genDependencies : Invalid condition id : UX DEVICE CLASS RTOS Condition cause : null
2024-02-17 11:32:47,038 [WARN] ConditionMgr:1039 - genDependencies : Invalid condition id : UX DEVICE CLASS RTOS Condition cause : null
2024-02-17 11:32:47,039 [WARN] ConditionMgr:1039 - genDependencies : Invalid condition id : UX DEVICE CLASS RTOS Condition cause : null
2024-02-17 11:32:47,039 [WARN] ConditionMgr:1039 - genDependencies : Invalid condition id : UX DEVICE CLASS RTOS Condition cause : null
2024-02-17 11:32:47,060 [WARN] PackLoader:240 - Cannot read IP mode file for STMicroelectronics.X-CUBE-NFC7.1.0.1
2024-02-17 11:32:47,082 [WARN] PackLoader:240 - Cannot read IP mode file for STMicroelectronics.X-CUBE-NFC6.3.0.0
2024-02-17 11:32:47,103 [WARN] PackLoader:240 - Cannot read IP mode file for STMicroelectronics.X-CUBE-EEPRMA1.4.1.0
2024-02-17 11:32:47,120 [WARN] PackLoader:240 - Cannot read IP mode file for STMicroelectronics.X-CUBE-AI.8.1.0
2024-02-17 11:32:47,160 [WARN] ConditionMgr:438 - getConditionDescription Invalid condition id : LAN8742 Phy interface Condition cause : null
2024-02-17 11:32:47,161 [WARN] PackLoader:240 - Cannot read IP mode file for STMicroelectronics.X-CUBE-AZRTOS-L4.2.0.0
2024-02-17 11:32:47,163 [WARN] ConditionMgr:1039 - genDependencies : Invalid condition id : LAN8742 Phy interface Condition cause : null
2024-02-17 11:32:47,163 [WARN] ConditionMgr:1039 - genDependencies : Invalid condition id : LAN8742 Phy interface Condition cause : null
2024-02-17 11:32:47,164 [WARN] ConditionMgr:1039 - genDependencies : Invalid condition id : LAN8742 Phy interface Condition cause : null
2024-02-17 11:32:47,187 [WARN] PackLoader:240 - Cannot read IP mode file for STMicroelectronics.X-CUBE-SFXS2LP1.4.0.0
2024-02-17 11:32:47,207 [WARN] PackLoader:240 - Cannot read IP mode file for STMicroelectronics.X-CUBE-ISPU.1.1.0
2024-02-17 11:32:47,248 [WARN] ConditionMgr:438 - getConditionDescription Invalid condition id : UX DEVICE CLASS RTOS Condition cause : null
2024-02-17 11:32:47,248 [WARN] ConditionMgr:438 - getConditionDescription Invalid condition id : UX DEVICE CLASS RTOS Condition cause : null
2024-02-17 11:32:47,252 [WARN] PackLoader:240 - Cannot read IP mode file for STMicroelectronics.X-CUBE-AZRTOS-WB.2.0.0
2024-02-17 11:32:47,253 [WARN] ConditionMgr:1039 - genDependencies : Invalid condition id : UX DEVICE CLASS RTOS Condition cause : null
2024-02-17 11:32:47,253 [WARN] ConditionMgr:1039 - genDependencies : Invalid condition id : UX DEVICE CLASS RTOS Condition cause : null
2024-02-17 11:32:47,254 [WARN] ConditionMgr:1039 - genDependencies : Invalid condition id : UX DEVICE CLASS RTOS Condition cause : null
2024-02-17 11:32:47,254 [WARN] ConditionMgr:1039 - genDependencies : Invalid condition id : UX DEVICE CLASS RTOS Condition cause : null
2024-02-17 11:32:47,254 [WARN] ConditionMgr:1039 - genDependencies : Invalid condition id : UX DEVICE CLASS RTOS Condition cause : null
2024-02-17 11:32:47,282 [WARN] PackLoader:240 - Cannot read IP mode file for STMicroelectronics.X-CUBE-SUBG2.5.0.0
2024-02-17 11:32:47,320 [WARN] PackLoader:240 - Cannot read IP mode file for STMicroelectronics.X-CUBE-TOF1.3.3.1
2024-02-17 11:32:47,377 [WARN] PackLoader:240 - Cannot read IP mode file for STMicroelectronics.X-CUBE-AZRTOS-G4.2.0.0
2024-02-17 11:32:47,417 [WARN] PackLoader:240 - Cannot read IP mode file for Infineon.AIROC-Wi-Fi-Bluetooth-STM32.1.5.1
2024-02-17 11:32:47,439 [WARN] PackLoader:240 - Cannot read IP mode file for STMicroelectronics.FP-SNS-MOTENVWB1.1.3.1
2024-02-17 11:32:47,456 [WARN] PackLoader:240 - Cannot read IP mode file for STMicroelectronics.X-CUBE-ISPU.2.0.0
2024-02-17 11:32:47,539 [WARN] PackLoader:240 - Cannot read IP mode file for STMicroelectronics.X-CUBE-MEMS1.10.0.0
2024-02-17 11:32:47,715 [WARN] PackLoader:240 - Cannot read IP mode file for STMicroelectronics.X-CUBE-FREERTOS.1.1.0
2024-02-17 11:32:47,734 [WARN] PackLoader:240 - Cannot read IP mode file for portGmbH.I-Cube-SoM-uGOAL.1.1.0
2024-02-17 11:32:47,750 [WARN] PackLoader:240 - Cannot read IP mode file for STMicroelectronics.X-CUBE-ALS.1.0.1
2024-02-17 11:32:47,767 [WARN] PackLoader:240 - Cannot read IP mode file for STMicroelectronics.FP-ATR-ASTRA1.2.0.0
2024-02-17 11:32:47,798 [WARN] PackLoader:240 - Cannot read IP mode file for STMicroelectronics.X-CUBE-TOF1.3.4.0
2024-02-17 11:32:47,858 [WARN] PackLoader:240 - Cannot read IP mode file for STMicroelectronics.X-CUBE-AZRTOS-H7.3.2.0
2024-02-17 11:32:47,862 [INFO] ThirdParty:978 - Integrity check success = true
2024-02-17 11:32:47,862 [INFO] IntegrityCheckThread:100 - exiting critical section [integrity check]
2024-02-17 11:32:47,863 [INFO] IntegrityCheckThread:103 - End integrity checks thread
2024-02-17 11:33:06,168 [ERROR] LogOutputStream:75 - [STDERR_REDIRECT] SLF4J: Failed to load class "org.slf4j.impl.StaticLoggerBinder".
2024-02-17 11:33:06,169 [ERROR] LogOutputStream:75 - [STDERR_REDIRECT] SLF4J: Defaulting to no-operation (NOP) logger implementation
2024-02-17 11:33:06,171 [ERROR] LogOutputStream:75 - [STDERR_REDIRECT] SLF4J: See http://www.slf4j.org/codes.html#StaticLoggerBinder for further details.
