2024-03-08 22:00:27,422 [INFO] Activator:176 - 


2024-03-08 22:00:27,431 [INFO] Activator:177 - !SESSION log4j initialized
2024-03-08 22:00:40,185 [INFO] LogOutputStream:77 - [STDOUT_REDIRECT] 
2024-03-08 22:00:50,033 [INFO] ApplicationProperties:184 - Using Application install path: C:\ST\STM32CubeIDE_1.13.2\STM32CubeIDE\plugins\com.st.stm32cube.common.mx_6.9.2.202309101412
2024-03-08 22:00:50,089 [INFO] DbMcusXml:78 - Set database path to: C:\ST\STM32CubeIDE_1.13.2\STM32CubeIDE\plugins\com.st.stm32cube.common.mx_6.9.2.202309101412\\db\/mcu/
2024-03-08 22:00:50,092 [INFO] ApiDb:274 - Set plugin database path to: C:\ST\STM32CubeIDE_1.13.2\STM32CubeIDE\plugins\com.st.stm32cube.common.mx_6.9.2.202309101412\\db\/plugins/boardmanager/
2024-03-08 22:00:50,094 [WARN] ApiDb:259 - Overriding images path with different value:  => C:\ST\STM32CubeIDE_1.13.2\STM32CubeIDE\plugins\com.st.stm32cube.common.mx_6.9.2.202309101412\\db\/plugins/mcufinder/images/
2024-03-08 22:00:50,141 [INFO] ApiDb:250 - Set database path to: C:\Users\sheha\.stmcufinder\plugins\mcufinder//mcu/
2024-03-08 22:00:50,146 [INFO] DbMcusAds:125 - Set database path to: C:\Users\sheha\.stmcufinder\plugins\mcufinder//mcu/
2024-03-08 22:00:50,154 [INFO] CrossReferenceDbSqlite:203 - Set database path to: C:\Users\sheha\.stmcufinder\plugins\mcufinder//mcu/cs/
2024-03-08 22:00:50,559 [INFO] RulesReader:64 - Compatibility file has been processed (293 Rules)
2024-03-08 22:00:50,858 [INFO] DbMcusXml:78 - Set database path to: C:\ST\STM32CubeIDE_1.13.2\STM32CubeIDE\plugins\com.st.stm32cube.common.mx_6.9.2.202309101412\\db\/mcu/
2024-03-08 22:00:50,858 [INFO] ApiDb:274 - Set plugin database path to: C:\ST\STM32CubeIDE_1.13.2\STM32CubeIDE\plugins\com.st.stm32cube.common.mx_6.9.2.202309101412\\db\/plugins/boardmanager/
2024-03-08 22:00:50,859 [INFO] ApiDb:261 - Set plugin images path to: C:\ST\STM32CubeIDE_1.13.2\STM32CubeIDE\plugins\com.st.stm32cube.common.mx_6.9.2.202309101412\\db\/plugins/mcufinder/images/
2024-03-08 22:00:50,860 [WARN] DbFile:41 - Overriding database path with different value: C:\Users\sheha\.stmcufinder\plugins\mcufinder/ => C:\Users\sheha\.stmcufinder\plugins\mcufinder
2024-03-08 22:00:50,860 [INFO] ApiDb:250 - Set database path to: C:\Users\sheha\.stmcufinder\plugins\mcufinder//mcu/
2024-03-08 22:00:50,860 [WARN] DbFile:41 - Overriding database path with different value: C:\Users\sheha\.stmcufinder\plugins\mcufinder/ => C:\Users\sheha\.stmcufinder\plugins\mcufinder
2024-03-08 22:00:50,861 [INFO] DbMcusAds:125 - Set database path to: C:\Users\sheha\.stmcufinder\plugins\mcufinder//mcu/
2024-03-08 22:00:50,861 [WARN] DbFile:41 - Overriding database path with different value: C:\Users\sheha\.stmcufinder\plugins\mcufinder/ => C:\Users\sheha\.stmcufinder\plugins\mcufinder
2024-03-08 22:00:50,861 [WARN] DbFile:41 - Overriding database path with different value: C:\Users\sheha\.stmcufinder\plugins\mcufinder/ => C:\Users\sheha\.stmcufinder\plugins\mcufinder
2024-03-08 22:00:50,875 [INFO] CrossReferenceDbSqlite:203 - Set database path to: C:\Users\sheha\.stmcufinder\plugins\mcufinder//mcu/cs/
2024-03-08 22:00:51,136 [INFO] MainPanel:262 - HeapMemory: 268435456
2024-03-08 22:00:51,437 [INFO] DbMcusXml:78 - Set database path to: C:\ST\STM32CubeIDE_1.13.2\STM32CubeIDE\plugins\com.st.stm32cube.common.mx_6.9.2.202309101412\\db\/mcu/
2024-03-08 22:00:51,437 [INFO] ApiDb:274 - Set plugin database path to: C:\ST\STM32CubeIDE_1.13.2\STM32CubeIDE\plugins\com.st.stm32cube.common.mx_6.9.2.202309101412\\db\/plugins/boardmanager/
2024-03-08 22:00:51,437 [INFO] ApiDb:261 - Set plugin images path to: C:\ST\STM32CubeIDE_1.13.2\STM32CubeIDE\plugins\com.st.stm32cube.common.mx_6.9.2.202309101412\\db\/plugins/mcufinder/images/
2024-03-08 22:00:51,439 [WARN] DbFile:41 - Overriding database path with different value: C:\Users\sheha\.stmcufinder\plugins\mcufinder/ => C:\Users\sheha\.stmcufinder\plugins\mcufinder
2024-03-08 22:00:51,439 [INFO] ApiDb:250 - Set database path to: C:\Users\sheha\.stmcufinder\plugins\mcufinder//mcu/
2024-03-08 22:00:51,441 [WARN] DbFile:41 - Overriding database path with different value: C:\Users\sheha\.stmcufinder\plugins\mcufinder/ => C:\Users\sheha\.stmcufinder\plugins\mcufinder
2024-03-08 22:00:51,442 [INFO] DbMcusAds:125 - Set database path to: C:\Users\sheha\.stmcufinder\plugins\mcufinder//mcu/
2024-03-08 22:00:51,443 [WARN] DbFile:41 - Overriding database path with different value: C:\Users\sheha\.stmcufinder\plugins\mcufinder/ => C:\Users\sheha\.stmcufinder\plugins\mcufinder
2024-03-08 22:00:51,443 [WARN] DbFile:41 - Overriding database path with different value: C:\Users\sheha\.stmcufinder\plugins\mcufinder/ => C:\Users\sheha\.stmcufinder\plugins\mcufinder
2024-03-08 22:00:51,443 [INFO] CrossReferenceDbSqlite:203 - Set database path to: C:\Users\sheha\.stmcufinder\plugins\mcufinder//mcu/cs/
2024-03-08 22:00:51,508 [INFO] ApplicationProperties:184 - Using Application install path: C:\ST\STM32CubeIDE_1.13.2\STM32CubeIDE\plugins\com.st.stm32cube.common.mx_6.9.2.202309101412
2024-03-08 22:00:51,512 [INFO] PluginManage:196 - Search for loadable plugins [exclusion list=, ]
2024-03-08 22:00:51,518 [INFO] PluginManage:310 - Check plugin analytics
2024-03-08 22:00:52,163 [INFO] AnalyticsPlugin:253 - Accepted Software Licenses: STM32CubeMX.6.9.2
2024-03-08 22:00:52,164 [INFO] AnalyticsPlugin:255 - Accepted CMSIS Pack Licenses: 
2024-03-08 22:00:52,165 [INFO] AnalyticsPlugin:257 - Accepted Firmware Licenses: 
2024-03-08 22:00:52,173 [INFO] PluginManage:359 - Loaded plugin analytics (category:tool,tabindex:-1)
2024-03-08 22:00:52,176 [INFO] PluginManage:310 - Check plugin cadmodel
2024-03-08 22:00:52,224 [INFO] CADModel:105 - Init CAD model plugin
2024-03-08 22:00:52,225 [INFO] PluginManage:359 - Loaded plugin cadmodel (category:power,tabindex:5)
2024-03-08 22:00:52,226 [INFO] PluginManage:310 - Check plugin clock
2024-03-08 22:00:52,296 [INFO] PluginManage:359 - Loaded plugin clock (category:base,tabindex:2)
2024-03-08 22:00:52,297 [INFO] PluginManage:310 - Check plugin ddr
2024-03-08 22:00:52,304 [INFO] PluginManage:359 - Loaded plugin ddr (category:tool,tabindex:6)
2024-03-08 22:00:52,305 [INFO] PluginManage:310 - Check plugin filemanager
2024-03-08 22:00:52,745 [INFO] PluginManage:359 - Loaded plugin filemanager (category:base,tabindex:10)
2024-03-08 22:00:52,745 [INFO] PluginManage:310 - Check plugin ipmanager
2024-03-08 22:00:52,767 [INFO] PluginManage:359 - Loaded plugin ipmanager (category:base,tabindex:5)
2024-03-08 22:00:52,767 [INFO] PluginManage:310 - Check plugin lpbam
2024-03-08 22:00:52,833 [INFO] PluginManage:359 - Loaded plugin lpbam (category:base,tabindex:0)
2024-03-08 22:00:52,834 [INFO] PluginManage:310 - Check plugin memorymap
2024-03-08 22:00:52,911 [INFO] PluginManage:359 - Loaded plugin memorymap (category:base,tabindex:4)
2024-03-08 22:00:52,911 [INFO] PluginManage:310 - Check plugin pinoutandconfiguration
2024-03-08 22:00:52,971 [INFO] PluginManage:359 - Loaded plugin pinoutandconfiguration (category:base,tabindex:1)
2024-03-08 22:00:52,972 [INFO] PluginManage:310 - Check plugin pinoutconfig
2024-03-08 22:00:53,370 [WARN] SupportedApi:132 - Cannot load RTOS API schema: s4s-elt-must-match.1: The content of 'definitions' must match (annotation?, (simpleType | complexType)?, (unique | key | keyref)*)). A problem was found starting at: attribute.
2024-03-08 22:00:53,836 [INFO] PluginManage:359 - Loaded plugin pinoutconfig (category:base,tabindex:0)
2024-03-08 22:00:53,837 [INFO] PluginManage:310 - Check plugin power
2024-03-08 22:00:53,908 [INFO] PluginManage:359 - Loaded plugin power (category:power,tabindex:4)
2024-03-08 22:00:53,908 [INFO] PluginManage:310 - Check plugin projectmanager
2024-03-08 22:00:53,967 [INFO] PluginManage:359 - Loaded plugin projectmanager (category:projectmanager,tabindex:3)
2024-03-08 22:00:53,968 [INFO] PluginManage:310 - Check plugin thirdparty
2024-03-08 22:00:55,316 [INFO] PluginManage:359 - Loaded plugin thirdparty (category:base,tabindex:-1)
2024-03-08 22:00:55,317 [INFO] PluginManage:310 - Check plugin tools
2024-03-08 22:00:55,317 [WARN] IntegrityCheckThread:84 - waiting for thirdparty lock release [integrity check]
2024-03-08 22:00:55,318 [INFO] IntegrityCheckThread:86 - entering critical section [integrity check]
2024-03-08 22:00:55,320 [INFO] ThirdPartyUpdaterWithRetryManager:70 - Updater plugin not ready yet. [1/15]
2024-03-08 22:00:55,497 [INFO] PluginManage:359 - Loaded plugin tools (category:base,tabindex:7)
2024-03-08 22:00:55,497 [INFO] PluginManage:310 - Check plugin tutovideos
2024-03-08 22:00:56,173 [INFO] PluginManage:359 - Loaded plugin tutovideos (category:base,tabindex:-1)
2024-03-08 22:00:56,174 [INFO] PluginManage:310 - Check plugin updater
2024-03-08 22:00:56,206 [INFO] PluginManage:359 - Loaded plugin updater (category:base,tabindex:12)
2024-03-08 22:00:56,206 [INFO] PluginManage:310 - Check plugin userauth
2024-03-08 22:00:56,221 [INFO] UserAuth:113 - Init User Auth plugin
2024-03-08 22:00:56,221 [INFO] PluginManage:359 - Loaded plugin userauth (category:base,tabindex:14)
2024-03-08 22:00:56,223 [INFO] PluginManage:283 - PluginManage : Loaded plugins [17]
2024-03-08 22:00:57,256 [INFO] PinOutPanel:1499 - setPackage(No Configuration,No Configuration)
2024-03-08 22:00:57,592 [INFO] CADModel:165 - CPN selected for project level
2024-03-08 22:00:57,593 [INFO] CADModel:114 - Register for checkConnection events
2024-03-08 22:00:57,688 [INFO] IPUIPlugin:80 - create IPUIPlugin
2024-03-08 22:00:57,689 [INFO] PluginManager:220 - loadIPPluginJar : add adc
2024-03-08 22:00:57,893 [INFO] IPUIPlugin:80 - create IPUIPlugin
2024-03-08 22:00:57,894 [INFO] PluginManager:220 - loadIPPluginJar : add aes
2024-03-08 22:00:58,086 [INFO] IPUIPlugin:80 - create IPUIPlugin
2024-03-08 22:00:58,086 [INFO] PluginManager:220 - loadIPPluginJar : add can
2024-03-08 22:00:58,173 [INFO] IPUIPlugin:80 - create IPUIPlugin
2024-03-08 22:00:58,174 [INFO] PluginManager:220 - loadIPPluginJar : add comp
2024-03-08 22:00:58,292 [INFO] IPUIPlugin:80 - create IPUIPlugin
2024-03-08 22:00:58,293 [INFO] PluginManager:220 - loadIPPluginJar : add cryp
2024-03-08 22:00:58,321 [INFO] ThirdPartyUpdaterWithRetryManager:70 - Updater plugin not ready yet. [2/15]
2024-03-08 22:00:58,396 [INFO] IPUIPlugin:80 - create IPUIPlugin
2024-03-08 22:00:58,397 [INFO] PluginManager:220 - loadIPPluginJar : add dfsdm
2024-03-08 22:00:58,449 [INFO] IPUIPlugin:80 - create IPUIPlugin
2024-03-08 22:00:58,451 [INFO] PluginManager:220 - loadIPPluginJar : add dma
2024-03-08 22:00:58,739 [INFO] IPUIPlugin:80 - create IPUIPlugin
2024-03-08 22:00:58,739 [INFO] PluginManager:220 - loadIPPluginJar : add dma3
2024-03-08 22:00:58,842 [INFO] IPUIPlugin:80 - create IPUIPlugin
2024-03-08 22:00:58,843 [INFO] PluginManager:220 - loadIPPluginJar : add fatfs
2024-03-08 22:00:59,053 [INFO] IPUIPlugin:80 - create IPUIPlugin
2024-03-08 22:00:59,053 [INFO] PluginManager:220 - loadIPPluginJar : add fmc
2024-03-08 22:00:59,110 [INFO] IPUIPlugin:80 - create IPUIPlugin
2024-03-08 22:00:59,110 [INFO] PluginManager:220 - loadIPPluginJar : add freertos
2024-03-08 22:00:59,188 [INFO] IPUIPlugin:80 - create IPUIPlugin
2024-03-08 22:00:59,189 [INFO] PluginManager:220 - loadIPPluginJar : add genericplugin
2024-03-08 22:00:59,609 [INFO] IPUIPlugin:80 - create IPUIPlugin
2024-03-08 22:00:59,609 [INFO] PluginManager:220 - loadIPPluginJar : add gfxmmu
2024-03-08 22:01:00,144 [INFO] IPUIPlugin:80 - create IPUIPlugin
2024-03-08 22:01:00,144 [INFO] PluginManager:220 - loadIPPluginJar : add gic
2024-03-08 22:01:00,205 [INFO] IPUIPlugin:80 - create IPUIPlugin
2024-03-08 22:01:00,206 [INFO] PluginManager:220 - loadIPPluginJar : add gpio
2024-03-08 22:01:00,594 [INFO] IPUIPlugin:80 - create IPUIPlugin
2024-03-08 22:01:00,595 [INFO] PluginManager:220 - loadIPPluginJar : add gtzc
2024-03-08 22:01:00,726 [INFO] IPUIPlugin:80 - create IPUIPlugin
2024-03-08 22:01:00,727 [INFO] PluginManager:220 - loadIPPluginJar : add hash
2024-03-08 22:01:00,919 [INFO] IPUIPlugin:80 - create IPUIPlugin
2024-03-08 22:01:00,919 [INFO] PluginManager:220 - loadIPPluginJar : add i2c
2024-03-08 22:01:01,101 [INFO] IPUIPlugin:80 - create IPUIPlugin
2024-03-08 22:01:01,101 [INFO] PluginManager:220 - loadIPPluginJar : add i2s
2024-03-08 22:01:01,244 [INFO] IPUIPlugin:80 - create IPUIPlugin
2024-03-08 22:01:01,244 [INFO] PluginManager:220 - loadIPPluginJar : add i3c
2024-03-08 22:01:01,323 [INFO] ThirdPartyUpdaterWithRetryManager:70 - Updater plugin not ready yet. [3/15]
2024-03-08 22:01:01,643 [INFO] IPUIPlugin:80 - create IPUIPlugin
2024-03-08 22:01:01,643 [INFO] PluginManager:220 - loadIPPluginJar : add ipddr
2024-03-08 22:01:01,961 [INFO] IPUIPlugin:80 - create IPUIPlugin
2024-03-08 22:01:01,961 [INFO] PluginManager:220 - loadIPPluginJar : add linkedlist
2024-03-08 22:01:02,078 [INFO] IPUIPlugin:80 - create IPUIPlugin
2024-03-08 22:01:02,078 [INFO] PluginManager:220 - loadIPPluginJar : add lorawan
2024-03-08 22:01:02,192 [INFO] IPUIPlugin:80 - create IPUIPlugin
2024-03-08 22:01:02,193 [INFO] PluginManager:220 - loadIPPluginJar : add ltdc
2024-03-08 22:01:02,239 [INFO] IPUIPlugin:80 - create IPUIPlugin
2024-03-08 22:01:02,240 [INFO] PluginManager:220 - loadIPPluginJar : add mdma
2024-03-08 22:01:02,283 [INFO] IPUIPlugin:80 - create IPUIPlugin
2024-03-08 22:01:02,284 [INFO] PluginManager:220 - loadIPPluginJar : add nvic
2024-03-08 22:01:02,416 [INFO] IPUIPlugin:80 - create IPUIPlugin
2024-03-08 22:01:02,417 [INFO] PluginManager:220 - loadIPPluginJar : add opamp
2024-03-08 22:01:02,678 [INFO] IPUIPlugin:80 - create IPUIPlugin
2024-03-08 22:01:02,679 [INFO] PluginManager:220 - loadIPPluginJar : add openamp
2024-03-08 22:01:02,962 [INFO] IPUIPlugin:80 - create IPUIPlugin
2024-03-08 22:01:02,962 [INFO] PluginManager:220 - loadIPPluginJar : add pdm2pcm
2024-03-08 22:01:03,020 [INFO] IPUIPlugin:80 - create IPUIPlugin
2024-03-08 22:01:03,027 [INFO] PluginManager:220 - loadIPPluginJar : add plateformsettings
2024-03-08 22:01:03,215 [INFO] IPUIPlugin:80 - create IPUIPlugin
2024-03-08 22:01:03,216 [INFO] PluginManager:220 - loadIPPluginJar : add quadspi
2024-03-08 22:01:03,264 [INFO] IPUIPlugin:80 - create IPUIPlugin
2024-03-08 22:01:03,265 [INFO] PluginManager:220 - loadIPPluginJar : add resmgrutility
2024-03-08 22:01:03,496 [INFO] IPUIPlugin:80 - create IPUIPlugin
2024-03-08 22:01:03,496 [INFO] PluginManager:220 - loadIPPluginJar : add sai
2024-03-08 22:01:03,659 [INFO] IPUIPlugin:80 - create IPUIPlugin
2024-03-08 22:01:03,659 [INFO] PluginManager:220 - loadIPPluginJar : add spi
2024-03-08 22:01:03,891 [INFO] IPUIPlugin:80 - create IPUIPlugin
2024-03-08 22:01:03,892 [INFO] PluginManager:220 - loadIPPluginJar : add stm32_wpan
2024-03-08 22:01:03,985 [INFO] IPUIPlugin:80 - create IPUIPlugin
2024-03-08 22:01:03,985 [INFO] PluginManager:220 - loadIPPluginJar : add tim
2024-03-08 22:01:04,201 [INFO] IPUIPlugin:80 - create IPUIPlugin
2024-03-08 22:01:04,202 [INFO] PluginManager:220 - loadIPPluginJar : add touchsensing
2024-03-08 22:01:04,300 [INFO] IPUIPlugin:80 - create IPUIPlugin
2024-03-08 22:01:04,300 [INFO] PluginManager:220 - loadIPPluginJar : add tracer_emb
2024-03-08 22:01:04,325 [INFO] ThirdPartyUpdaterWithRetryManager:70 - Updater plugin not ready yet. [4/15]
2024-03-08 22:01:04,414 [INFO] IPUIPlugin:80 - create IPUIPlugin
2024-03-08 22:01:04,414 [INFO] PluginManager:220 - loadIPPluginJar : add ts
2024-03-08 22:01:04,498 [INFO] IPUIPlugin:80 - create IPUIPlugin
2024-03-08 22:01:04,499 [INFO] PluginManager:220 - loadIPPluginJar : add tsc
2024-03-08 22:01:04,579 [INFO] IPUIPlugin:80 - create IPUIPlugin
2024-03-08 22:01:04,579 [INFO] PluginManager:220 - loadIPPluginJar : add ucpd
2024-03-08 22:01:04,750 [INFO] IPUIPlugin:80 - create IPUIPlugin
2024-03-08 22:01:04,751 [INFO] PluginManager:220 - loadIPPluginJar : add usart
2024-03-08 22:01:04,892 [INFO] IPUIPlugin:80 - create IPUIPlugin
2024-03-08 22:01:04,892 [INFO] PluginManager:220 - loadIPPluginJar : add usbx
2024-03-08 22:01:05,139 [INFO] CADModel:165 - CPN selected for project level
2024-03-08 22:01:05,139 [INFO] CADModel:114 - Register for checkConnection events
2024-03-08 22:01:05,139 [FATAL] Updater:308 - Updater called before beeing initialized
2024-03-08 22:01:05,139 [ERROR] CADModel:125 - Updater not yet initialized, retry later 
2024-03-08 22:01:05,536 [INFO] CADModel:165 - CPN selected for project level
2024-03-08 22:01:05,537 [INFO] CADModel:114 - Register for checkConnection events
2024-03-08 22:01:05,538 [FATAL] Updater:308 - Updater called before beeing initialized
2024-03-08 22:01:05,538 [ERROR] CADModel:125 - Updater not yet initialized, retry later 
2024-03-08 22:01:05,547 [FATAL] Updater:308 - Updater called before beeing initialized
2024-03-08 22:01:05,854 [FATAL] Updater:308 - Updater called before beeing initialized
2024-03-08 22:01:05,898 [INFO] DbMcusAds:53 - JSON generation date=Wed Nov 29 12:52:27 EET 2023 (1701255147349)
2024-03-08 22:01:05,899 [FATAL] Updater:308 - Updater called before beeing initialized
2024-03-08 22:01:06,280 [WARN] DetailPanel:346 - Failed to get advertising image, set to default
2024-03-08 22:01:06,775 [FATAL] Updater:308 - Updater called before beeing initialized
2024-03-08 22:01:06,781 [FATAL] Updater:308 - Updater called before beeing initialized
2024-03-08 22:01:06,782 [FATAL] Updater:308 - Updater called before beeing initialized
2024-03-08 22:01:06,784 [WARN] DetailPanel:346 - Failed to get advertising image, set to default
2024-03-08 22:01:06,787 [FATAL] Updater:308 - Updater called before beeing initialized
2024-03-08 22:01:07,124 [ERROR] Updater:1120 - MainUpdater not yet initialized. External WinMGr cannot be set.
2024-03-08 22:01:07,223 [INFO] Updater:1056 - Updater Version found : 6.9.2
2024-03-08 22:01:07,279 [INFO] ApplicationProperties:184 - Using Application install path: C:\ST\STM32CubeIDE_1.13.2\STM32CubeIDE\plugins\com.st.stm32cube.common.mx_6.9.2.202309101412
2024-03-08 22:01:07,327 [INFO] ThirdPartyUpdaterWithRetryManager:70 - Updater plugin not ready yet. [5/15]
2024-03-08 22:01:08,781 [INFO] MainUpdater:2868 - connection check result : 10
2024-03-08 22:01:08,782 [INFO] MainUpdater:285 - Updater Check For Update Now.
2024-03-08 22:01:08,783 [INFO] MicroXplorer:498 - Change Database Version : DB.6.0.92
2024-03-08 22:01:08,821 [INFO] McuFinderGlobals:63 - Set McuFinder mode to 2 (CubeIDE integrated)
2024-03-08 22:01:09,210 [INFO] CheckServerUpdateThread:120 - End of CheckServer Thread
2024-03-08 22:01:10,999 [WARN] PackLoader:240 - Cannot read IP mode file for STMicroelectronics.X-CUBE-SMBUS.2.1.0
2024-03-08 22:01:11,086 [WARN] PackLoader:240 - Cannot read IP mode file for STMicroelectronics.X-CUBE-TOUCHGFX.4.23.0
2024-03-08 22:01:11,269 [WARN] PackLoader:240 - Cannot read IP mode file for STMicroelectronics.X-CUBE-AZRTOS-F7.1.1.0
2024-03-08 22:01:11,331 [WARN] PackLoader:240 - Cannot read IP mode file for STMicroelectronics.FP-SNS-MOTENV1.4.3.2
2024-03-08 22:01:11,380 [WARN] PackLoader:240 - Cannot read IP mode file for STMicroelectronics.FP-SNS-FLIGHT1.5.0.2
2024-03-08 22:01:11,433 [WARN] PackLoader:240 - Cannot read IP mode file for STMicroelectronics.X-CUBE-DISPLAY.3.0.0
2024-03-08 22:01:11,496 [WARN] PackLoader:240 - Cannot read IP mode file for STMicroelectronics.X-CUBE-BLE1.7.0.0
2024-03-08 22:01:11,541 [WARN] PackLoader:240 - Cannot read IP mode file for emotas.I-CUBE-CANOPEN.1.3.0
2024-03-08 22:01:11,592 [WARN] PackLoader:240 - Cannot read IP mode file for STMicroelectronics.X-CUBE-TOUCHGFX.4.22.1
2024-03-08 22:01:11,677 [WARN] PackLoader:240 - Cannot read IP mode file for STMicroelectronics.X-CUBE-BLEMGR.3.1.0
2024-03-08 22:01:11,739 [WARN] PackLoader:240 - Cannot read IP mode file for STMicroelectronics.FP-SNS-SMARTAG2.1.2.0
2024-03-08 22:01:11,827 [INFO] LogOutputStream:77 - [STDOUT_REDIRECT] 1 : Invalid condition id : UX_CORESTACK_Condition cause : null
2024-03-08 22:01:11,828 [INFO] LogOutputStream:77 - [STDOUT_REDIRECT] 1 : Invalid condition id : UX_CORESTACK_Condition cause : null
2024-03-08 22:01:11,835 [INFO] LogOutputStream:77 - [STDOUT_REDIRECT] 1 : Invalid condition id : UX_CORESTACK_Condition cause : null
2024-03-08 22:01:11,840 [INFO] LogOutputStream:77 - [STDOUT_REDIRECT] 1 : Invalid condition id : UX_CORESTACK_Condition cause : null
2024-03-08 22:01:11,843 [INFO] LogOutputStream:77 - [STDOUT_REDIRECT] 1 : Invalid condition id : UX_CORESTACK_Condition cause : null
2024-03-08 22:01:11,869 [WARN] PackLoader:240 - Cannot read IP mode file for STMicroelectronics.X-CUBE-AZRTOS-WL.2.0.0
2024-03-08 22:01:11,940 [WARN] PackLoader:240 - Cannot read IP mode file for WES.I-CUBE-Cesium.1.3.0
2024-03-08 22:01:12,014 [WARN] PackLoader:240 - Cannot read IP mode file for STMicroelectronics.X-CUBE-BLE2.3.3.0
2024-03-08 22:01:12,066 [WARN] PackLoader:240 - Cannot read IP mode file for STMicroelectronics.X-CUBE-ALGOBUILD.1.3.0
2024-03-08 22:01:12,202 [WARN] PackLoader:240 - Cannot read IP mode file for STMicroelectronics.X-CUBE-AZRTOS-G0.1.1.0
2024-03-08 22:01:12,296 [WARN] PackLoader:240 - Cannot read IP mode file for STMicroelectronics.X-CUBE-NFC4.3.0.0
2024-03-08 22:01:12,366 [WARN] PackLoader:240 - Cannot read IP mode file for STMicroelectronics.X-CUBE-BLEMGR.3.0.0
2024-03-08 22:01:12,411 [WARN] PackLoader:240 - Cannot read IP mode file for STMicroelectronics.FP-ATR-SIGFOX1.3.2.0
2024-03-08 22:01:12,461 [WARN] PackLoader:240 - Cannot read IP mode file for STMicroelectronics.X-CUBE-EEPRMA1.5.1.0
2024-03-08 22:01:12,703 [WARN] PackLoader:240 - Cannot read IP mode file for SEGGER.I-CUBE-embOS.1.3.1
2024-03-08 22:01:12,969 [WARN] PackLoader:240 - Cannot read IP mode file for STMicroelectronics.X-CUBE-GNSS1.6.0.0
2024-03-08 22:01:13,169 [WARN] PackLoader:240 - Cannot read IP mode file for STMicroelectronics.X-CUBE-AZRTOS-F4.1.1.0
2024-03-08 22:01:13,212 [WARN] PackLoader:240 - Cannot read IP mode file for wolfSSL.I-CUBE-wolfSSL.5.6.3
2024-03-08 22:01:13,309 [WARN] PackLoader:240 - Cannot read IP mode file for STMicroelectronics.X-CUBE-AZRTOS-L5.2.0.0
2024-03-08 22:01:13,369 [WARN] PackLoader:240 - Cannot read IP mode file for STMicroelectronics.X-CUBE-EEPRMA1.4.2.0
2024-03-08 22:01:13,427 [WARN] PackLoader:240 - Cannot read IP mode file for ITTIA_DB.I-CUBE-ITTIADB.8.8.0
2024-03-08 22:01:13,501 [WARN] PackLoader:240 - Cannot read IP mode file for STMicroelectronics.X-CUBE-BLEMGR.2.0.0
2024-03-08 22:01:13,656 [WARN] ConditionMgr:438 - getConditionDescription Invalid condition id : UX DEVICE CLASS RTOS Condition cause : null
2024-03-08 22:01:13,658 [WARN] ConditionMgr:438 - getConditionDescription Invalid condition id : UX DEVICE CLASS RTOS Condition cause : null
2024-03-08 22:01:13,669 [WARN] PackLoader:240 - Cannot read IP mode file for STMicroelectronics.X-CUBE-AZRTOS-H7.3.1.0
2024-03-08 22:01:13,676 [WARN] ConditionMgr:1039 - genDependencies : Invalid condition id : UX DEVICE CLASS RTOS Condition cause : null
2024-03-08 22:01:13,677 [WARN] ConditionMgr:1039 - genDependencies : Invalid condition id : UX DEVICE CLASS RTOS Condition cause : null
2024-03-08 22:01:13,678 [WARN] ConditionMgr:1039 - genDependencies : Invalid condition id : UX DEVICE CLASS RTOS Condition cause : null
2024-03-08 22:01:13,681 [WARN] ConditionMgr:1039 - genDependencies : Invalid condition id : UX DEVICE CLASS RTOS Condition cause : null
2024-03-08 22:01:13,681 [WARN] ConditionMgr:1039 - genDependencies : Invalid condition id : UX DEVICE CLASS RTOS Condition cause : null
2024-03-08 22:01:13,764 [WARN] PackLoader:240 - Cannot read IP mode file for STMicroelectronics.X-CUBE-NFC7.1.0.1
2024-03-08 22:01:13,813 [WARN] PackLoader:240 - Cannot read IP mode file for STMicroelectronics.X-CUBE-NFC6.3.0.0
2024-03-08 22:01:13,944 [WARN] PackLoader:240 - Cannot read IP mode file for STMicroelectronics.X-CUBE-EEPRMA1.4.1.0
2024-03-08 22:01:13,989 [WARN] PackLoader:240 - Cannot read IP mode file for STMicroelectronics.X-CUBE-AI.8.1.0
2024-03-08 22:01:14,094 [WARN] ConditionMgr:438 - getConditionDescription Invalid condition id : LAN8742 Phy interface Condition cause : null
2024-03-08 22:01:14,096 [WARN] PackLoader:240 - Cannot read IP mode file for STMicroelectronics.X-CUBE-AZRTOS-L4.2.0.0
2024-03-08 22:01:14,099 [WARN] ConditionMgr:1039 - genDependencies : Invalid condition id : LAN8742 Phy interface Condition cause : null
2024-03-08 22:01:14,102 [WARN] ConditionMgr:1039 - genDependencies : Invalid condition id : LAN8742 Phy interface Condition cause : null
2024-03-08 22:01:14,104 [WARN] ConditionMgr:1039 - genDependencies : Invalid condition id : LAN8742 Phy interface Condition cause : null
2024-03-08 22:01:14,160 [WARN] PackLoader:240 - Cannot read IP mode file for STMicroelectronics.X-CUBE-SFXS2LP1.4.0.0
2024-03-08 22:01:14,204 [WARN] PackLoader:240 - Cannot read IP mode file for STMicroelectronics.X-CUBE-ISPU.1.1.0
2024-03-08 22:01:14,304 [WARN] ConditionMgr:438 - getConditionDescription Invalid condition id : UX DEVICE CLASS RTOS Condition cause : null
2024-03-08 22:01:14,307 [WARN] ConditionMgr:438 - getConditionDescription Invalid condition id : UX DEVICE CLASS RTOS Condition cause : null
2024-03-08 22:01:14,318 [WARN] PackLoader:240 - Cannot read IP mode file for STMicroelectronics.X-CUBE-AZRTOS-WB.2.0.0
2024-03-08 22:01:14,321 [WARN] ConditionMgr:1039 - genDependencies : Invalid condition id : UX DEVICE CLASS RTOS Condition cause : null
2024-03-08 22:01:14,321 [WARN] ConditionMgr:1039 - genDependencies : Invalid condition id : UX DEVICE CLASS RTOS Condition cause : null
2024-03-08 22:01:14,323 [WARN] ConditionMgr:1039 - genDependencies : Invalid condition id : UX DEVICE CLASS RTOS Condition cause : null
2024-03-08 22:01:14,324 [WARN] ConditionMgr:1039 - genDependencies : Invalid condition id : UX DEVICE CLASS RTOS Condition cause : null
2024-03-08 22:01:14,324 [WARN] ConditionMgr:1039 - genDependencies : Invalid condition id : UX DEVICE CLASS RTOS Condition cause : null
2024-03-08 22:01:14,403 [WARN] PackLoader:240 - Cannot read IP mode file for STMicroelectronics.X-CUBE-SUBG2.5.0.0
2024-03-08 22:01:14,514 [WARN] PackLoader:240 - Cannot read IP mode file for STMicroelectronics.X-CUBE-TOF1.3.3.1
2024-03-08 22:01:14,664 [WARN] PackLoader:240 - Cannot read IP mode file for STMicroelectronics.X-CUBE-AZRTOS-G4.2.0.0
2024-03-08 22:01:14,746 [WARN] PackLoader:240 - Cannot read IP mode file for Infineon.AIROC-Wi-Fi-Bluetooth-STM32.1.5.1
2024-03-08 22:01:14,801 [WARN] PackLoader:240 - Cannot read IP mode file for STMicroelectronics.FP-SNS-MOTENVWB1.1.3.1
2024-03-08 22:01:14,849 [WARN] PackLoader:240 - Cannot read IP mode file for STMicroelectronics.X-CUBE-ISPU.2.0.0
2024-03-08 22:01:15,056 [WARN] PackLoader:240 - Cannot read IP mode file for STMicroelectronics.X-CUBE-MEMS1.10.0.0
2024-03-08 22:01:15,651 [WARN] PackLoader:240 - Cannot read IP mode file for STMicroelectronics.X-CUBE-FREERTOS.1.1.0
2024-03-08 22:01:15,706 [WARN] PackLoader:240 - Cannot read IP mode file for portGmbH.I-Cube-SoM-uGOAL.1.1.0
2024-03-08 22:01:15,768 [WARN] PackLoader:240 - Cannot read IP mode file for STMicroelectronics.X-CUBE-ALS.1.0.1
2024-03-08 22:01:15,799 [WARN] PackLoader:240 - Cannot read IP mode file for STMicroelectronics.FP-ATR-ASTRA1.2.0.0
2024-03-08 22:01:15,891 [WARN] PackLoader:240 - Cannot read IP mode file for STMicroelectronics.X-CUBE-TOF1.3.4.0
2024-03-08 22:01:16,049 [WARN] PackLoader:240 - Cannot read IP mode file for STMicroelectronics.X-CUBE-AZRTOS-H7.3.2.0
2024-03-08 22:01:16,060 [INFO] ThirdParty:978 - Integrity check success = true
2024-03-08 22:01:16,060 [INFO] IntegrityCheckThread:100 - exiting critical section [integrity check]
2024-03-08 22:01:16,060 [INFO] IntegrityCheckThread:103 - End integrity checks thread
2024-03-08 22:01:32,869 [ERROR] LogOutputStream:75 - [STDERR_REDIRECT] SLF4J: Failed to load class "org.slf4j.impl.StaticLoggerBinder".
2024-03-08 22:01:32,880 [ERROR] LogOutputStream:75 - [STDERR_REDIRECT] SLF4J: Defaulting to no-operation (NOP) logger implementation
2024-03-08 22:01:32,885 [ERROR] LogOutputStream:75 - [STDERR_REDIRECT] SLF4J: See http://www.slf4j.org/codes.html#StaticLoggerBinder for further details.
