2024-03-05 23:18:47,826 [INFO] Activator:176 - 


2024-03-05 23:18:47,829 [INFO] Activator:177 - !SESSION log4j initialized
2024-03-05 23:18:52,254 [INFO] LogOutputStream:77 - [STDOUT_REDIRECT] 
2024-03-05 23:18:54,760 [INFO] ApplicationProperties:184 - Using Application install path: C:\ST\STM32CubeIDE_1.13.2\STM32CubeIDE\plugins\com.st.stm32cube.common.mx_6.9.2.202309101412
2024-03-05 23:18:54,796 [INFO] DbMcusXml:78 - Set database path to: C:\ST\STM32CubeIDE_1.13.2\STM32CubeIDE\plugins\com.st.stm32cube.common.mx_6.9.2.202309101412\\db\/mcu/
2024-03-05 23:18:54,796 [INFO] ApiDb:274 - Set plugin database path to: C:\ST\STM32CubeIDE_1.13.2\STM32CubeIDE\plugins\com.st.stm32cube.common.mx_6.9.2.202309101412\\db\/plugins/boardmanager/
2024-03-05 23:18:54,797 [WARN] ApiDb:259 - Overriding images path with different value:  => C:\ST\STM32CubeIDE_1.13.2\STM32CubeIDE\plugins\com.st.stm32cube.common.mx_6.9.2.202309101412\\db\/plugins/mcufinder/images/
2024-03-05 23:18:54,808 [INFO] ApiDb:250 - Set database path to: C:\Users\sheha\.stmcufinder\plugins\mcufinder//mcu/
2024-03-05 23:18:54,810 [INFO] DbMcusAds:125 - Set database path to: C:\Users\sheha\.stmcufinder\plugins\mcufinder//mcu/
2024-03-05 23:18:54,812 [INFO] CrossReferenceDbSqlite:203 - Set database path to: C:\Users\sheha\.stmcufinder\plugins\mcufinder//mcu/cs/
2024-03-05 23:18:54,955 [INFO] RulesReader:64 - Compatibility file has been processed (293 Rules)
2024-03-05 23:18:55,074 [INFO] DbMcusXml:78 - Set database path to: C:\ST\STM32CubeIDE_1.13.2\STM32CubeIDE\plugins\com.st.stm32cube.common.mx_6.9.2.202309101412\\db\/mcu/
2024-03-05 23:18:55,075 [INFO] ApiDb:274 - Set plugin database path to: C:\ST\STM32CubeIDE_1.13.2\STM32CubeIDE\plugins\com.st.stm32cube.common.mx_6.9.2.202309101412\\db\/plugins/boardmanager/
2024-03-05 23:18:55,075 [INFO] ApiDb:261 - Set plugin images path to: C:\ST\STM32CubeIDE_1.13.2\STM32CubeIDE\plugins\com.st.stm32cube.common.mx_6.9.2.202309101412\\db\/plugins/mcufinder/images/
2024-03-05 23:18:55,075 [WARN] DbFile:41 - Overriding database path with different value: C:\Users\sheha\.stmcufinder\plugins\mcufinder/ => C:\Users\sheha\.stmcufinder\plugins\mcufinder
2024-03-05 23:18:55,075 [INFO] ApiDb:250 - Set database path to: C:\Users\sheha\.stmcufinder\plugins\mcufinder//mcu/
2024-03-05 23:18:55,075 [WARN] DbFile:41 - Overriding database path with different value: C:\Users\sheha\.stmcufinder\plugins\mcufinder/ => C:\Users\sheha\.stmcufinder\plugins\mcufinder
2024-03-05 23:18:55,075 [INFO] DbMcusAds:125 - Set database path to: C:\Users\sheha\.stmcufinder\plugins\mcufinder//mcu/
2024-03-05 23:18:55,076 [WARN] DbFile:41 - Overriding database path with different value: C:\Users\sheha\.stmcufinder\plugins\mcufinder/ => C:\Users\sheha\.stmcufinder\plugins\mcufinder
2024-03-05 23:18:55,076 [WARN] DbFile:41 - Overriding database path with different value: C:\Users\sheha\.stmcufinder\plugins\mcufinder/ => C:\Users\sheha\.stmcufinder\plugins\mcufinder
2024-03-05 23:18:55,076 [INFO] CrossReferenceDbSqlite:203 - Set database path to: C:\Users\sheha\.stmcufinder\plugins\mcufinder//mcu/cs/
2024-03-05 23:18:55,173 [INFO] MainPanel:262 - HeapMemory: 268435456
2024-03-05 23:18:55,263 [INFO] DbMcusXml:78 - Set database path to: C:\ST\STM32CubeIDE_1.13.2\STM32CubeIDE\plugins\com.st.stm32cube.common.mx_6.9.2.202309101412\\db\/mcu/
2024-03-05 23:18:55,263 [INFO] ApiDb:274 - Set plugin database path to: C:\ST\STM32CubeIDE_1.13.2\STM32CubeIDE\plugins\com.st.stm32cube.common.mx_6.9.2.202309101412\\db\/plugins/boardmanager/
2024-03-05 23:18:55,263 [INFO] ApiDb:261 - Set plugin images path to: C:\ST\STM32CubeIDE_1.13.2\STM32CubeIDE\plugins\com.st.stm32cube.common.mx_6.9.2.202309101412\\db\/plugins/mcufinder/images/
2024-03-05 23:18:55,264 [WARN] DbFile:41 - Overriding database path with different value: C:\Users\sheha\.stmcufinder\plugins\mcufinder/ => C:\Users\sheha\.stmcufinder\plugins\mcufinder
2024-03-05 23:18:55,264 [INFO] ApiDb:250 - Set database path to: C:\Users\sheha\.stmcufinder\plugins\mcufinder//mcu/
2024-03-05 23:18:55,264 [WARN] DbFile:41 - Overriding database path with different value: C:\Users\sheha\.stmcufinder\plugins\mcufinder/ => C:\Users\sheha\.stmcufinder\plugins\mcufinder
2024-03-05 23:18:55,264 [INFO] DbMcusAds:125 - Set database path to: C:\Users\sheha\.stmcufinder\plugins\mcufinder//mcu/
2024-03-05 23:18:55,264 [WARN] DbFile:41 - Overriding database path with different value: C:\Users\sheha\.stmcufinder\plugins\mcufinder/ => C:\Users\sheha\.stmcufinder\plugins\mcufinder
2024-03-05 23:18:55,264 [WARN] DbFile:41 - Overriding database path with different value: C:\Users\sheha\.stmcufinder\plugins\mcufinder/ => C:\Users\sheha\.stmcufinder\plugins\mcufinder
2024-03-05 23:18:55,264 [INFO] CrossReferenceDbSqlite:203 - Set database path to: C:\Users\sheha\.stmcufinder\plugins\mcufinder//mcu/cs/
2024-03-05 23:18:55,282 [INFO] ApplicationProperties:184 - Using Application install path: C:\ST\STM32CubeIDE_1.13.2\STM32CubeIDE\plugins\com.st.stm32cube.common.mx_6.9.2.202309101412
2024-03-05 23:18:55,284 [INFO] PluginManage:196 - Search for loadable plugins [exclusion list=, ]
2024-03-05 23:18:55,284 [INFO] PluginManage:310 - Check plugin analytics
2024-03-05 23:18:55,494 [INFO] AnalyticsPlugin:253 - Accepted Software Licenses: STM32CubeMX.6.9.2
2024-03-05 23:18:55,495 [INFO] AnalyticsPlugin:255 - Accepted CMSIS Pack Licenses: 
2024-03-05 23:18:55,495 [INFO] AnalyticsPlugin:257 - Accepted Firmware Licenses: 
2024-03-05 23:18:55,499 [INFO] PluginManage:359 - Loaded plugin analytics (category:tool,tabindex:-1)
2024-03-05 23:18:55,500 [INFO] PluginManage:310 - Check plugin cadmodel
2024-03-05 23:18:55,506 [INFO] CADModel:105 - Init CAD model plugin
2024-03-05 23:18:55,507 [INFO] PluginManage:359 - Loaded plugin cadmodel (category:power,tabindex:5)
2024-03-05 23:18:55,507 [INFO] PluginManage:310 - Check plugin clock
2024-03-05 23:18:55,524 [INFO] PluginManage:359 - Loaded plugin clock (category:base,tabindex:2)
2024-03-05 23:18:55,525 [INFO] PluginManage:310 - Check plugin ddr
2024-03-05 23:18:55,528 [INFO] PluginManage:359 - Loaded plugin ddr (category:tool,tabindex:6)
2024-03-05 23:18:55,528 [INFO] PluginManage:310 - Check plugin filemanager
2024-03-05 23:18:55,687 [INFO] PluginManage:359 - Loaded plugin filemanager (category:base,tabindex:10)
2024-03-05 23:18:55,687 [INFO] PluginManage:310 - Check plugin ipmanager
2024-03-05 23:18:55,696 [INFO] PluginManage:359 - Loaded plugin ipmanager (category:base,tabindex:5)
2024-03-05 23:18:55,697 [INFO] PluginManage:310 - Check plugin lpbam
2024-03-05 23:18:55,704 [INFO] PluginManage:359 - Loaded plugin lpbam (category:base,tabindex:0)
2024-03-05 23:18:55,704 [INFO] PluginManage:310 - Check plugin memorymap
2024-03-05 23:18:55,727 [INFO] PluginManage:359 - Loaded plugin memorymap (category:base,tabindex:4)
2024-03-05 23:18:55,728 [INFO] PluginManage:310 - Check plugin pinoutandconfiguration
2024-03-05 23:18:55,742 [INFO] PluginManage:359 - Loaded plugin pinoutandconfiguration (category:base,tabindex:1)
2024-03-05 23:18:55,742 [INFO] PluginManage:310 - Check plugin pinoutconfig
2024-03-05 23:18:55,873 [WARN] SupportedApi:132 - Cannot load RTOS API schema: s4s-elt-must-match.1: The content of 'definitions' must match (annotation?, (simpleType | complexType)?, (unique | key | keyref)*)). A problem was found starting at: attribute.
2024-03-05 23:18:56,061 [INFO] PluginManage:359 - Loaded plugin pinoutconfig (category:base,tabindex:0)
2024-03-05 23:18:56,061 [INFO] PluginManage:310 - Check plugin power
2024-03-05 23:18:56,074 [INFO] PluginManage:359 - Loaded plugin power (category:power,tabindex:4)
2024-03-05 23:18:56,075 [INFO] PluginManage:310 - Check plugin projectmanager
2024-03-05 23:18:56,093 [INFO] PluginManage:359 - Loaded plugin projectmanager (category:projectmanager,tabindex:3)
2024-03-05 23:18:56,093 [INFO] PluginManage:310 - Check plugin thirdparty
2024-03-05 23:18:56,257 [INFO] PluginManage:359 - Loaded plugin thirdparty (category:base,tabindex:-1)
2024-03-05 23:18:56,257 [WARN] IntegrityCheckThread:84 - waiting for thirdparty lock release [integrity check]
2024-03-05 23:18:56,257 [INFO] PluginManage:310 - Check plugin tools
2024-03-05 23:18:56,257 [INFO] IntegrityCheckThread:86 - entering critical section [integrity check]
2024-03-05 23:18:56,258 [INFO] ThirdPartyUpdaterWithRetryManager:70 - Updater plugin not ready yet. [1/15]
2024-03-05 23:18:56,260 [INFO] PluginManage:359 - Loaded plugin tools (category:base,tabindex:7)
2024-03-05 23:18:56,260 [INFO] PluginManage:310 - Check plugin tutovideos
2024-03-05 23:18:56,506 [INFO] PluginManage:359 - Loaded plugin tutovideos (category:base,tabindex:-1)
2024-03-05 23:18:56,506 [INFO] PluginManage:310 - Check plugin updater
2024-03-05 23:18:56,520 [INFO] PluginManage:359 - Loaded plugin updater (category:base,tabindex:12)
2024-03-05 23:18:56,520 [INFO] PluginManage:310 - Check plugin userauth
2024-03-05 23:18:56,526 [INFO] UserAuth:113 - Init User Auth plugin
2024-03-05 23:18:56,526 [INFO] PluginManage:359 - Loaded plugin userauth (category:base,tabindex:14)
2024-03-05 23:18:56,527 [INFO] PluginManage:283 - PluginManage : Loaded plugins [17]
2024-03-05 23:18:56,790 [INFO] PinOutPanel:1499 - setPackage(No Configuration,No Configuration)
2024-03-05 23:18:56,920 [INFO] CADModel:165 - CPN selected for project level
2024-03-05 23:18:56,920 [INFO] CADModel:114 - Register for checkConnection events
2024-03-05 23:18:56,943 [INFO] IPUIPlugin:80 - create IPUIPlugin
2024-03-05 23:18:56,943 [INFO] PluginManager:220 - loadIPPluginJar : add adc
2024-03-05 23:18:56,945 [INFO] IPUIPlugin:80 - create IPUIPlugin
2024-03-05 23:18:56,945 [INFO] PluginManager:220 - loadIPPluginJar : add aes
2024-03-05 23:18:56,947 [INFO] IPUIPlugin:80 - create IPUIPlugin
2024-03-05 23:18:56,948 [INFO] PluginManager:220 - loadIPPluginJar : add can
2024-03-05 23:18:56,949 [INFO] IPUIPlugin:80 - create IPUIPlugin
2024-03-05 23:18:56,949 [INFO] PluginManager:220 - loadIPPluginJar : add comp
2024-03-05 23:18:56,951 [INFO] IPUIPlugin:80 - create IPUIPlugin
2024-03-05 23:18:56,951 [INFO] PluginManager:220 - loadIPPluginJar : add cryp
2024-03-05 23:18:56,953 [INFO] IPUIPlugin:80 - create IPUIPlugin
2024-03-05 23:18:56,953 [INFO] PluginManager:220 - loadIPPluginJar : add dfsdm
2024-03-05 23:18:56,958 [INFO] IPUIPlugin:80 - create IPUIPlugin
2024-03-05 23:18:56,958 [INFO] PluginManager:220 - loadIPPluginJar : add dma
2024-03-05 23:18:56,960 [INFO] IPUIPlugin:80 - create IPUIPlugin
2024-03-05 23:18:56,960 [INFO] PluginManager:220 - loadIPPluginJar : add dma3
2024-03-05 23:18:56,961 [INFO] IPUIPlugin:80 - create IPUIPlugin
2024-03-05 23:18:56,961 [INFO] PluginManager:220 - loadIPPluginJar : add fatfs
2024-03-05 23:18:56,964 [INFO] IPUIPlugin:80 - create IPUIPlugin
2024-03-05 23:18:56,965 [INFO] PluginManager:220 - loadIPPluginJar : add fmc
2024-03-05 23:18:56,969 [INFO] IPUIPlugin:80 - create IPUIPlugin
2024-03-05 23:18:56,970 [INFO] PluginManager:220 - loadIPPluginJar : add freertos
2024-03-05 23:18:56,971 [INFO] IPUIPlugin:80 - create IPUIPlugin
2024-03-05 23:18:56,971 [INFO] PluginManager:220 - loadIPPluginJar : add genericplugin
2024-03-05 23:18:56,972 [INFO] IPUIPlugin:80 - create IPUIPlugin
2024-03-05 23:18:56,972 [INFO] PluginManager:220 - loadIPPluginJar : add gfxmmu
2024-03-05 23:18:56,976 [INFO] IPUIPlugin:80 - create IPUIPlugin
2024-03-05 23:18:56,977 [INFO] PluginManager:220 - loadIPPluginJar : add gic
2024-03-05 23:18:56,980 [INFO] IPUIPlugin:80 - create IPUIPlugin
2024-03-05 23:18:56,980 [INFO] PluginManager:220 - loadIPPluginJar : add gpio
2024-03-05 23:18:56,982 [INFO] IPUIPlugin:80 - create IPUIPlugin
2024-03-05 23:18:56,982 [INFO] PluginManager:220 - loadIPPluginJar : add gtzc
2024-03-05 23:18:56,985 [INFO] IPUIPlugin:80 - create IPUIPlugin
2024-03-05 23:18:56,985 [INFO] PluginManager:220 - loadIPPluginJar : add hash
2024-03-05 23:18:56,988 [INFO] IPUIPlugin:80 - create IPUIPlugin
2024-03-05 23:18:56,989 [INFO] PluginManager:220 - loadIPPluginJar : add i2c
2024-03-05 23:18:56,992 [INFO] IPUIPlugin:80 - create IPUIPlugin
2024-03-05 23:18:56,992 [INFO] PluginManager:220 - loadIPPluginJar : add i2s
2024-03-05 23:18:56,994 [INFO] IPUIPlugin:80 - create IPUIPlugin
2024-03-05 23:18:56,994 [INFO] PluginManager:220 - loadIPPluginJar : add i3c
2024-03-05 23:18:56,998 [INFO] IPUIPlugin:80 - create IPUIPlugin
2024-03-05 23:18:56,998 [INFO] PluginManager:220 - loadIPPluginJar : add ipddr
2024-03-05 23:18:57,005 [INFO] IPUIPlugin:80 - create IPUIPlugin
2024-03-05 23:18:57,005 [INFO] PluginManager:220 - loadIPPluginJar : add linkedlist
2024-03-05 23:18:57,008 [INFO] IPUIPlugin:80 - create IPUIPlugin
2024-03-05 23:18:57,008 [INFO] PluginManager:220 - loadIPPluginJar : add lorawan
2024-03-05 23:18:57,009 [INFO] IPUIPlugin:80 - create IPUIPlugin
2024-03-05 23:18:57,010 [INFO] PluginManager:220 - loadIPPluginJar : add ltdc
2024-03-05 23:18:57,016 [INFO] IPUIPlugin:80 - create IPUIPlugin
2024-03-05 23:18:57,016 [INFO] PluginManager:220 - loadIPPluginJar : add mdma
2024-03-05 23:18:57,021 [INFO] IPUIPlugin:80 - create IPUIPlugin
2024-03-05 23:18:57,022 [INFO] PluginManager:220 - loadIPPluginJar : add nvic
2024-03-05 23:18:57,025 [INFO] IPUIPlugin:80 - create IPUIPlugin
2024-03-05 23:18:57,025 [INFO] PluginManager:220 - loadIPPluginJar : add opamp
2024-03-05 23:18:57,028 [INFO] IPUIPlugin:80 - create IPUIPlugin
2024-03-05 23:18:57,028 [INFO] PluginManager:220 - loadIPPluginJar : add openamp
2024-03-05 23:18:57,033 [INFO] IPUIPlugin:80 - create IPUIPlugin
2024-03-05 23:18:57,033 [INFO] PluginManager:220 - loadIPPluginJar : add pdm2pcm
2024-03-05 23:18:57,039 [INFO] IPUIPlugin:80 - create IPUIPlugin
2024-03-05 23:18:57,043 [INFO] PluginManager:220 - loadIPPluginJar : add plateformsettings
2024-03-05 23:18:57,045 [INFO] IPUIPlugin:80 - create IPUIPlugin
2024-03-05 23:18:57,045 [INFO] PluginManager:220 - loadIPPluginJar : add quadspi
2024-03-05 23:18:57,049 [INFO] IPUIPlugin:80 - create IPUIPlugin
2024-03-05 23:18:57,049 [INFO] PluginManager:220 - loadIPPluginJar : add resmgrutility
2024-03-05 23:18:57,052 [INFO] IPUIPlugin:80 - create IPUIPlugin
2024-03-05 23:18:57,052 [INFO] PluginManager:220 - loadIPPluginJar : add sai
2024-03-05 23:18:57,055 [INFO] IPUIPlugin:80 - create IPUIPlugin
2024-03-05 23:18:57,055 [INFO] PluginManager:220 - loadIPPluginJar : add spi
2024-03-05 23:18:57,061 [INFO] IPUIPlugin:80 - create IPUIPlugin
2024-03-05 23:18:57,062 [INFO] PluginManager:220 - loadIPPluginJar : add stm32_wpan
2024-03-05 23:18:57,064 [INFO] IPUIPlugin:80 - create IPUIPlugin
2024-03-05 23:18:57,064 [INFO] PluginManager:220 - loadIPPluginJar : add tim
2024-03-05 23:18:57,067 [INFO] IPUIPlugin:80 - create IPUIPlugin
2024-03-05 23:18:57,067 [INFO] PluginManager:220 - loadIPPluginJar : add touchsensing
2024-03-05 23:18:57,069 [INFO] IPUIPlugin:80 - create IPUIPlugin
2024-03-05 23:18:57,069 [INFO] PluginManager:220 - loadIPPluginJar : add tracer_emb
2024-03-05 23:18:57,071 [INFO] IPUIPlugin:80 - create IPUIPlugin
2024-03-05 23:18:57,071 [INFO] PluginManager:220 - loadIPPluginJar : add ts
2024-03-05 23:18:57,073 [INFO] IPUIPlugin:80 - create IPUIPlugin
2024-03-05 23:18:57,073 [INFO] PluginManager:220 - loadIPPluginJar : add tsc
2024-03-05 23:18:57,075 [INFO] IPUIPlugin:80 - create IPUIPlugin
2024-03-05 23:18:57,075 [INFO] PluginManager:220 - loadIPPluginJar : add ucpd
2024-03-05 23:18:57,079 [INFO] IPUIPlugin:80 - create IPUIPlugin
2024-03-05 23:18:57,079 [INFO] PluginManager:220 - loadIPPluginJar : add usart
2024-03-05 23:18:57,083 [INFO] IPUIPlugin:80 - create IPUIPlugin
2024-03-05 23:18:57,084 [INFO] PluginManager:220 - loadIPPluginJar : add usbx
2024-03-05 23:18:57,224 [INFO] CADModel:165 - CPN selected for project level
2024-03-05 23:18:57,224 [INFO] CADModel:114 - Register for checkConnection events
2024-03-05 23:18:57,224 [FATAL] Updater:308 - Updater called before beeing initialized
2024-03-05 23:18:57,224 [ERROR] CADModel:125 - Updater not yet initialized, retry later 
2024-03-05 23:18:57,384 [INFO] CADModel:165 - CPN selected for project level
2024-03-05 23:18:57,384 [INFO] CADModel:114 - Register for checkConnection events
2024-03-05 23:18:57,384 [FATAL] Updater:308 - Updater called before beeing initialized
2024-03-05 23:18:57,385 [ERROR] CADModel:125 - Updater not yet initialized, retry later 
2024-03-05 23:18:57,389 [FATAL] Updater:308 - Updater called before beeing initialized
2024-03-05 23:18:57,519 [FATAL] Updater:308 - Updater called before beeing initialized
2024-03-05 23:18:57,527 [INFO] DbMcusAds:53 - JSON generation date=Wed Nov 29 12:52:27 EET 2023 (1701255147349)
2024-03-05 23:18:57,528 [FATAL] Updater:308 - Updater called before beeing initialized
2024-03-05 23:18:57,571 [WARN] DetailPanel:346 - Failed to get advertising image, set to default
2024-03-05 23:18:57,674 [FATAL] Updater:308 - Updater called before beeing initialized
2024-03-05 23:18:57,676 [FATAL] Updater:308 - Updater called before beeing initialized
2024-03-05 23:18:57,677 [FATAL] Updater:308 - Updater called before beeing initialized
2024-03-05 23:18:57,677 [WARN] DetailPanel:346 - Failed to get advertising image, set to default
2024-03-05 23:18:57,678 [FATAL] Updater:308 - Updater called before beeing initialized
2024-03-05 23:18:57,741 [ERROR] Updater:1120 - MainUpdater not yet initialized. External WinMGr cannot be set.
2024-03-05 23:18:57,744 [INFO] Updater:1056 - Updater Version found : 6.9.2
2024-03-05 23:18:57,773 [INFO] ApplicationProperties:184 - Using Application install path: C:\ST\STM32CubeIDE_1.13.2\STM32CubeIDE\plugins\com.st.stm32cube.common.mx_6.9.2.202309101412
2024-03-05 23:18:58,049 [INFO] MainUpdater:2868 - connection check result : 10
2024-03-05 23:18:58,051 [INFO] MainUpdater:285 - Updater Check For Update Now.
2024-03-05 23:18:58,051 [INFO] MicroXplorer:498 - Change Database Version : DB.6.0.92
2024-03-05 23:18:58,064 [INFO] McuFinderGlobals:63 - Set McuFinder mode to 2 (CubeIDE integrated)
2024-03-05 23:18:58,279 [INFO] CheckServerUpdateThread:120 - End of CheckServer Thread
2024-03-05 23:18:59,446 [WARN] PackLoader:240 - Cannot read IP mode file for STMicroelectronics.X-CUBE-SMBUS.2.1.0
2024-03-05 23:18:59,459 [WARN] PackLoader:240 - Cannot read IP mode file for STMicroelectronics.X-CUBE-TOUCHGFX.4.23.0
2024-03-05 23:18:59,529 [WARN] PackLoader:240 - Cannot read IP mode file for STMicroelectronics.X-CUBE-AZRTOS-F7.1.1.0
2024-03-05 23:18:59,541 [WARN] PackLoader:240 - Cannot read IP mode file for STMicroelectronics.FP-SNS-MOTENV1.4.3.2
2024-03-05 23:18:59,549 [WARN] PackLoader:240 - Cannot read IP mode file for STMicroelectronics.FP-SNS-FLIGHT1.5.0.2
2024-03-05 23:18:59,564 [WARN] PackLoader:240 - Cannot read IP mode file for STMicroelectronics.X-CUBE-DISPLAY.3.0.0
2024-03-05 23:18:59,586 [WARN] PackLoader:240 - Cannot read IP mode file for STMicroelectronics.X-CUBE-BLE1.7.0.0
2024-03-05 23:18:59,594 [WARN] PackLoader:240 - Cannot read IP mode file for emotas.I-CUBE-CANOPEN.1.3.0
2024-03-05 23:18:59,598 [WARN] PackLoader:240 - Cannot read IP mode file for STMicroelectronics.X-CUBE-TOUCHGFX.4.22.1
2024-03-05 23:18:59,612 [WARN] PackLoader:240 - Cannot read IP mode file for STMicroelectronics.X-CUBE-BLEMGR.3.1.0
2024-03-05 23:18:59,622 [WARN] PackLoader:240 - Cannot read IP mode file for STMicroelectronics.FP-SNS-SMARTAG2.1.2.0
2024-03-05 23:18:59,639 [INFO] LogOutputStream:77 - [STDOUT_REDIRECT] 1 : Invalid condition id : UX_CORESTACK_Condition cause : null
2024-03-05 23:18:59,640 [INFO] LogOutputStream:77 - [STDOUT_REDIRECT] 1 : Invalid condition id : UX_CORESTACK_Condition cause : null
2024-03-05 23:18:59,642 [INFO] LogOutputStream:77 - [STDOUT_REDIRECT] 1 : Invalid condition id : UX_CORESTACK_Condition cause : null
2024-03-05 23:18:59,643 [INFO] LogOutputStream:77 - [STDOUT_REDIRECT] 1 : Invalid condition id : UX_CORESTACK_Condition cause : null
2024-03-05 23:18:59,645 [INFO] LogOutputStream:77 - [STDOUT_REDIRECT] 1 : Invalid condition id : UX_CORESTACK_Condition cause : null
2024-03-05 23:18:59,650 [WARN] PackLoader:240 - Cannot read IP mode file for STMicroelectronics.X-CUBE-AZRTOS-WL.2.0.0
2024-03-05 23:18:59,662 [WARN] PackLoader:240 - Cannot read IP mode file for WES.I-CUBE-Cesium.1.3.0
2024-03-05 23:18:59,668 [WARN] PackLoader:240 - Cannot read IP mode file for STMicroelectronics.X-CUBE-BLE2.3.3.0
2024-03-05 23:18:59,676 [WARN] PackLoader:240 - Cannot read IP mode file for STMicroelectronics.X-CUBE-ALGOBUILD.1.3.0
2024-03-05 23:18:59,698 [WARN] PackLoader:240 - Cannot read IP mode file for STMicroelectronics.X-CUBE-AZRTOS-G0.1.1.0
2024-03-05 23:18:59,708 [WARN] PackLoader:240 - Cannot read IP mode file for STMicroelectronics.X-CUBE-NFC4.3.0.0
2024-03-05 23:18:59,719 [WARN] PackLoader:240 - Cannot read IP mode file for STMicroelectronics.X-CUBE-BLEMGR.3.0.0
2024-03-05 23:18:59,726 [WARN] PackLoader:240 - Cannot read IP mode file for STMicroelectronics.FP-ATR-SIGFOX1.3.2.0
2024-03-05 23:18:59,765 [WARN] PackLoader:240 - Cannot read IP mode file for STMicroelectronics.X-CUBE-EEPRMA1.5.1.0
2024-03-05 23:18:59,803 [WARN] PackLoader:240 - Cannot read IP mode file for SEGGER.I-CUBE-embOS.1.3.1
2024-03-05 23:18:59,842 [WARN] PackLoader:240 - Cannot read IP mode file for STMicroelectronics.X-CUBE-GNSS1.6.0.0
2024-03-05 23:18:59,862 [WARN] PackLoader:240 - Cannot read IP mode file for STMicroelectronics.X-CUBE-AZRTOS-F4.1.1.0
2024-03-05 23:18:59,869 [WARN] PackLoader:240 - Cannot read IP mode file for wolfSSL.I-CUBE-wolfSSL.5.6.3
2024-03-05 23:18:59,896 [WARN] PackLoader:240 - Cannot read IP mode file for STMicroelectronics.X-CUBE-AZRTOS-L5.2.0.0
2024-03-05 23:18:59,906 [WARN] PackLoader:240 - Cannot read IP mode file for STMicroelectronics.X-CUBE-EEPRMA1.4.2.0
2024-03-05 23:18:59,915 [WARN] PackLoader:240 - Cannot read IP mode file for ITTIA_DB.I-CUBE-ITTIADB.8.8.0
2024-03-05 23:18:59,929 [WARN] PackLoader:240 - Cannot read IP mode file for STMicroelectronics.X-CUBE-BLEMGR.2.0.0
2024-03-05 23:18:59,968 [WARN] ConditionMgr:438 - getConditionDescription Invalid condition id : UX DEVICE CLASS RTOS Condition cause : null
2024-03-05 23:18:59,968 [WARN] ConditionMgr:438 - getConditionDescription Invalid condition id : UX DEVICE CLASS RTOS Condition cause : null
2024-03-05 23:18:59,996 [WARN] PackLoader:240 - Cannot read IP mode file for STMicroelectronics.X-CUBE-AZRTOS-H7.3.1.0
2024-03-05 23:19:00,000 [WARN] ConditionMgr:1039 - genDependencies : Invalid condition id : UX DEVICE CLASS RTOS Condition cause : null
2024-03-05 23:19:00,000 [WARN] ConditionMgr:1039 - genDependencies : Invalid condition id : UX DEVICE CLASS RTOS Condition cause : null
2024-03-05 23:19:00,001 [WARN] ConditionMgr:1039 - genDependencies : Invalid condition id : UX DEVICE CLASS RTOS Condition cause : null
2024-03-05 23:19:00,002 [WARN] ConditionMgr:1039 - genDependencies : Invalid condition id : UX DEVICE CLASS RTOS Condition cause : null
2024-03-05 23:19:00,002 [WARN] ConditionMgr:1039 - genDependencies : Invalid condition id : UX DEVICE CLASS RTOS Condition cause : null
2024-03-05 23:19:00,019 [WARN] PackLoader:240 - Cannot read IP mode file for STMicroelectronics.X-CUBE-NFC7.1.0.1
2024-03-05 23:19:00,035 [WARN] PackLoader:240 - Cannot read IP mode file for STMicroelectronics.X-CUBE-NFC6.3.0.0
2024-03-05 23:19:00,062 [WARN] PackLoader:240 - Cannot read IP mode file for STMicroelectronics.X-CUBE-EEPRMA1.4.1.0
2024-03-05 23:19:00,070 [WARN] PackLoader:240 - Cannot read IP mode file for STMicroelectronics.X-CUBE-AI.8.1.0
2024-03-05 23:19:00,105 [WARN] ConditionMgr:438 - getConditionDescription Invalid condition id : LAN8742 Phy interface Condition cause : null
2024-03-05 23:19:00,106 [WARN] PackLoader:240 - Cannot read IP mode file for STMicroelectronics.X-CUBE-AZRTOS-L4.2.0.0
2024-03-05 23:19:00,107 [WARN] ConditionMgr:1039 - genDependencies : Invalid condition id : LAN8742 Phy interface Condition cause : null
2024-03-05 23:19:00,107 [WARN] ConditionMgr:1039 - genDependencies : Invalid condition id : LAN8742 Phy interface Condition cause : null
2024-03-05 23:19:00,108 [WARN] ConditionMgr:1039 - genDependencies : Invalid condition id : LAN8742 Phy interface Condition cause : null
2024-03-05 23:19:00,117 [WARN] PackLoader:240 - Cannot read IP mode file for STMicroelectronics.X-CUBE-SFXS2LP1.4.0.0
2024-03-05 23:19:00,125 [WARN] PackLoader:240 - Cannot read IP mode file for STMicroelectronics.X-CUBE-ISPU.1.1.0
2024-03-05 23:19:00,144 [WARN] ConditionMgr:438 - getConditionDescription Invalid condition id : UX DEVICE CLASS RTOS Condition cause : null
2024-03-05 23:19:00,144 [WARN] ConditionMgr:438 - getConditionDescription Invalid condition id : UX DEVICE CLASS RTOS Condition cause : null
2024-03-05 23:19:00,146 [WARN] PackLoader:240 - Cannot read IP mode file for STMicroelectronics.X-CUBE-AZRTOS-WB.2.0.0
2024-03-05 23:19:00,147 [WARN] ConditionMgr:1039 - genDependencies : Invalid condition id : UX DEVICE CLASS RTOS Condition cause : null
2024-03-05 23:19:00,147 [WARN] ConditionMgr:1039 - genDependencies : Invalid condition id : UX DEVICE CLASS RTOS Condition cause : null
2024-03-05 23:19:00,147 [WARN] ConditionMgr:1039 - genDependencies : Invalid condition id : UX DEVICE CLASS RTOS Condition cause : null
2024-03-05 23:19:00,148 [WARN] ConditionMgr:1039 - genDependencies : Invalid condition id : UX DEVICE CLASS RTOS Condition cause : null
2024-03-05 23:19:00,148 [WARN] ConditionMgr:1039 - genDependencies : Invalid condition id : UX DEVICE CLASS RTOS Condition cause : null
2024-03-05 23:19:00,162 [WARN] PackLoader:240 - Cannot read IP mode file for STMicroelectronics.X-CUBE-SUBG2.5.0.0
2024-03-05 23:19:00,184 [WARN] PackLoader:240 - Cannot read IP mode file for STMicroelectronics.X-CUBE-TOF1.3.3.1
2024-03-05 23:19:00,210 [WARN] PackLoader:240 - Cannot read IP mode file for STMicroelectronics.X-CUBE-AZRTOS-G4.2.0.0
2024-03-05 23:19:00,223 [WARN] PackLoader:240 - Cannot read IP mode file for Infineon.AIROC-Wi-Fi-Bluetooth-STM32.1.5.1
2024-03-05 23:19:00,232 [WARN] PackLoader:240 - Cannot read IP mode file for STMicroelectronics.FP-SNS-MOTENVWB1.1.3.1
2024-03-05 23:19:00,237 [WARN] PackLoader:240 - Cannot read IP mode file for STMicroelectronics.X-CUBE-ISPU.2.0.0
2024-03-05 23:19:00,284 [WARN] PackLoader:240 - Cannot read IP mode file for STMicroelectronics.X-CUBE-MEMS1.10.0.0
2024-03-05 23:19:00,463 [WARN] PackLoader:240 - Cannot read IP mode file for STMicroelectronics.X-CUBE-FREERTOS.1.1.0
2024-03-05 23:19:00,474 [WARN] PackLoader:240 - Cannot read IP mode file for portGmbH.I-Cube-SoM-uGOAL.1.1.0
2024-03-05 23:19:00,480 [WARN] PackLoader:240 - Cannot read IP mode file for STMicroelectronics.X-CUBE-ALS.1.0.1
2024-03-05 23:19:00,486 [WARN] PackLoader:240 - Cannot read IP mode file for STMicroelectronics.FP-ATR-ASTRA1.2.0.0
2024-03-05 23:19:00,498 [WARN] PackLoader:240 - Cannot read IP mode file for STMicroelectronics.X-CUBE-TOF1.3.4.0
2024-03-05 23:19:00,546 [WARN] PackLoader:240 - Cannot read IP mode file for STMicroelectronics.X-CUBE-AZRTOS-H7.3.2.0
2024-03-05 23:19:00,550 [INFO] ThirdParty:978 - Integrity check success = true
2024-03-05 23:19:00,550 [INFO] IntegrityCheckThread:100 - exiting critical section [integrity check]
2024-03-05 23:19:00,550 [INFO] IntegrityCheckThread:103 - End integrity checks thread
2024-03-05 23:19:19,190 [ERROR] LogOutputStream:75 - [STDERR_REDIRECT] SLF4J: Failed to load class "org.slf4j.impl.StaticLoggerBinder".
2024-03-05 23:19:19,191 [ERROR] LogOutputStream:75 - [STDERR_REDIRECT] SLF4J: Defaulting to no-operation (NOP) logger implementation
2024-03-05 23:19:19,193 [ERROR] LogOutputStream:75 - [STDERR_REDIRECT] SLF4J: See http://www.slf4j.org/codes.html#StaticLoggerBinder for further details.
2024-03-05 23:22:47,926 [INFO] Activator:176 - 


2024-03-05 23:22:47,929 [INFO] Activator:177 - !SESSION log4j initialized
2024-03-05 23:22:52,697 [INFO] LogOutputStream:77 - [STDOUT_REDIRECT] 
2024-03-05 23:22:54,979 [INFO] ApplicationProperties:184 - Using Application install path: C:\ST\STM32CubeIDE_1.13.2\STM32CubeIDE\plugins\com.st.stm32cube.common.mx_6.9.2.202309101412
2024-03-05 23:22:55,017 [INFO] DbMcusXml:78 - Set database path to: C:\ST\STM32CubeIDE_1.13.2\STM32CubeIDE\plugins\com.st.stm32cube.common.mx_6.9.2.202309101412\\db\/mcu/
2024-03-05 23:22:55,017 [INFO] ApiDb:274 - Set plugin database path to: C:\ST\STM32CubeIDE_1.13.2\STM32CubeIDE\plugins\com.st.stm32cube.common.mx_6.9.2.202309101412\\db\/plugins/boardmanager/
2024-03-05 23:22:55,018 [WARN] ApiDb:259 - Overriding images path with different value:  => C:\ST\STM32CubeIDE_1.13.2\STM32CubeIDE\plugins\com.st.stm32cube.common.mx_6.9.2.202309101412\\db\/plugins/mcufinder/images/
2024-03-05 23:22:55,031 [INFO] ApiDb:250 - Set database path to: C:\Users\sheha\.stmcufinder\plugins\mcufinder//mcu/
2024-03-05 23:22:55,033 [INFO] DbMcusAds:125 - Set database path to: C:\Users\sheha\.stmcufinder\plugins\mcufinder//mcu/
2024-03-05 23:22:55,035 [INFO] CrossReferenceDbSqlite:203 - Set database path to: C:\Users\sheha\.stmcufinder\plugins\mcufinder//mcu/cs/
2024-03-05 23:22:55,198 [INFO] RulesReader:64 - Compatibility file has been processed (293 Rules)
2024-03-05 23:22:55,299 [INFO] DbMcusXml:78 - Set database path to: C:\ST\STM32CubeIDE_1.13.2\STM32CubeIDE\plugins\com.st.stm32cube.common.mx_6.9.2.202309101412\\db\/mcu/
2024-03-05 23:22:55,299 [INFO] ApiDb:274 - Set plugin database path to: C:\ST\STM32CubeIDE_1.13.2\STM32CubeIDE\plugins\com.st.stm32cube.common.mx_6.9.2.202309101412\\db\/plugins/boardmanager/
2024-03-05 23:22:55,299 [INFO] ApiDb:261 - Set plugin images path to: C:\ST\STM32CubeIDE_1.13.2\STM32CubeIDE\plugins\com.st.stm32cube.common.mx_6.9.2.202309101412\\db\/plugins/mcufinder/images/
2024-03-05 23:22:55,300 [WARN] DbFile:41 - Overriding database path with different value: C:\Users\sheha\.stmcufinder\plugins\mcufinder/ => C:\Users\sheha\.stmcufinder\plugins\mcufinder
2024-03-05 23:22:55,300 [INFO] ApiDb:250 - Set database path to: C:\Users\sheha\.stmcufinder\plugins\mcufinder//mcu/
2024-03-05 23:22:55,300 [WARN] DbFile:41 - Overriding database path with different value: C:\Users\sheha\.stmcufinder\plugins\mcufinder/ => C:\Users\sheha\.stmcufinder\plugins\mcufinder
2024-03-05 23:22:55,301 [INFO] DbMcusAds:125 - Set database path to: C:\Users\sheha\.stmcufinder\plugins\mcufinder//mcu/
2024-03-05 23:22:55,301 [WARN] DbFile:41 - Overriding database path with different value: C:\Users\sheha\.stmcufinder\plugins\mcufinder/ => C:\Users\sheha\.stmcufinder\plugins\mcufinder
2024-03-05 23:22:55,301 [WARN] DbFile:41 - Overriding database path with different value: C:\Users\sheha\.stmcufinder\plugins\mcufinder/ => C:\Users\sheha\.stmcufinder\plugins\mcufinder
2024-03-05 23:22:55,301 [INFO] CrossReferenceDbSqlite:203 - Set database path to: C:\Users\sheha\.stmcufinder\plugins\mcufinder//mcu/cs/
2024-03-05 23:22:55,381 [INFO] MainPanel:262 - HeapMemory: 268435456
2024-03-05 23:22:55,462 [INFO] DbMcusXml:78 - Set database path to: C:\ST\STM32CubeIDE_1.13.2\STM32CubeIDE\plugins\com.st.stm32cube.common.mx_6.9.2.202309101412\\db\/mcu/
2024-03-05 23:22:55,462 [INFO] ApiDb:274 - Set plugin database path to: C:\ST\STM32CubeIDE_1.13.2\STM32CubeIDE\plugins\com.st.stm32cube.common.mx_6.9.2.202309101412\\db\/plugins/boardmanager/
2024-03-05 23:22:55,462 [INFO] ApiDb:261 - Set plugin images path to: C:\ST\STM32CubeIDE_1.13.2\STM32CubeIDE\plugins\com.st.stm32cube.common.mx_6.9.2.202309101412\\db\/plugins/mcufinder/images/
2024-03-05 23:22:55,463 [WARN] DbFile:41 - Overriding database path with different value: C:\Users\sheha\.stmcufinder\plugins\mcufinder/ => C:\Users\sheha\.stmcufinder\plugins\mcufinder
2024-03-05 23:22:55,463 [INFO] ApiDb:250 - Set database path to: C:\Users\sheha\.stmcufinder\plugins\mcufinder//mcu/
2024-03-05 23:22:55,463 [WARN] DbFile:41 - Overriding database path with different value: C:\Users\sheha\.stmcufinder\plugins\mcufinder/ => C:\Users\sheha\.stmcufinder\plugins\mcufinder
2024-03-05 23:22:55,463 [INFO] DbMcusAds:125 - Set database path to: C:\Users\sheha\.stmcufinder\plugins\mcufinder//mcu/
2024-03-05 23:22:55,463 [WARN] DbFile:41 - Overriding database path with different value: C:\Users\sheha\.stmcufinder\plugins\mcufinder/ => C:\Users\sheha\.stmcufinder\plugins\mcufinder
2024-03-05 23:22:55,463 [WARN] DbFile:41 - Overriding database path with different value: C:\Users\sheha\.stmcufinder\plugins\mcufinder/ => C:\Users\sheha\.stmcufinder\plugins\mcufinder
2024-03-05 23:22:55,463 [INFO] CrossReferenceDbSqlite:203 - Set database path to: C:\Users\sheha\.stmcufinder\plugins\mcufinder//mcu/cs/
2024-03-05 23:22:55,480 [INFO] ApplicationProperties:184 - Using Application install path: C:\ST\STM32CubeIDE_1.13.2\STM32CubeIDE\plugins\com.st.stm32cube.common.mx_6.9.2.202309101412
2024-03-05 23:22:55,481 [INFO] PluginManage:196 - Search for loadable plugins [exclusion list=, ]
2024-03-05 23:22:55,482 [INFO] PluginManage:310 - Check plugin analytics
2024-03-05 23:22:55,703 [INFO] AnalyticsPlugin:253 - Accepted Software Licenses: STM32CubeMX.6.9.2
2024-03-05 23:22:55,704 [INFO] AnalyticsPlugin:255 - Accepted CMSIS Pack Licenses: 
2024-03-05 23:22:55,704 [INFO] AnalyticsPlugin:257 - Accepted Firmware Licenses: 
2024-03-05 23:22:55,708 [INFO] PluginManage:359 - Loaded plugin analytics (category:tool,tabindex:-1)
2024-03-05 23:22:55,708 [INFO] PluginManage:310 - Check plugin cadmodel
2024-03-05 23:22:55,714 [INFO] CADModel:105 - Init CAD model plugin
2024-03-05 23:22:55,714 [INFO] PluginManage:359 - Loaded plugin cadmodel (category:power,tabindex:5)
2024-03-05 23:22:55,715 [INFO] PluginManage:310 - Check plugin clock
2024-03-05 23:22:55,730 [INFO] PluginManage:359 - Loaded plugin clock (category:base,tabindex:2)
2024-03-05 23:22:55,730 [INFO] PluginManage:310 - Check plugin ddr
2024-03-05 23:22:55,733 [INFO] PluginManage:359 - Loaded plugin ddr (category:tool,tabindex:6)
2024-03-05 23:22:55,733 [INFO] PluginManage:310 - Check plugin filemanager
2024-03-05 23:22:55,913 [INFO] PluginManage:359 - Loaded plugin filemanager (category:base,tabindex:10)
2024-03-05 23:22:55,913 [INFO] PluginManage:310 - Check plugin ipmanager
2024-03-05 23:22:55,920 [INFO] PluginManage:359 - Loaded plugin ipmanager (category:base,tabindex:5)
2024-03-05 23:22:55,921 [INFO] PluginManage:310 - Check plugin lpbam
2024-03-05 23:22:55,928 [INFO] PluginManage:359 - Loaded plugin lpbam (category:base,tabindex:0)
2024-03-05 23:22:55,929 [INFO] PluginManage:310 - Check plugin memorymap
2024-03-05 23:22:55,939 [INFO] PluginManage:359 - Loaded plugin memorymap (category:base,tabindex:4)
2024-03-05 23:22:55,939 [INFO] PluginManage:310 - Check plugin pinoutandconfiguration
2024-03-05 23:22:55,945 [INFO] PluginManage:359 - Loaded plugin pinoutandconfiguration (category:base,tabindex:1)
2024-03-05 23:22:55,945 [INFO] PluginManage:310 - Check plugin pinoutconfig
2024-03-05 23:22:56,071 [WARN] SupportedApi:132 - Cannot load RTOS API schema: s4s-elt-must-match.1: The content of 'definitions' must match (annotation?, (simpleType | complexType)?, (unique | key | keyref)*)). A problem was found starting at: attribute.
2024-03-05 23:22:56,238 [INFO] PluginManage:359 - Loaded plugin pinoutconfig (category:base,tabindex:0)
2024-03-05 23:22:56,238 [INFO] PluginManage:310 - Check plugin power
2024-03-05 23:22:56,249 [INFO] PluginManage:359 - Loaded plugin power (category:power,tabindex:4)
2024-03-05 23:22:56,249 [INFO] PluginManage:310 - Check plugin projectmanager
2024-03-05 23:22:56,271 [INFO] PluginManage:359 - Loaded plugin projectmanager (category:projectmanager,tabindex:3)
2024-03-05 23:22:56,271 [INFO] PluginManage:310 - Check plugin thirdparty
2024-03-05 23:22:56,452 [WARN] IntegrityCheckThread:84 - waiting for thirdparty lock release [integrity check]
2024-03-05 23:22:56,452 [INFO] IntegrityCheckThread:86 - entering critical section [integrity check]
2024-03-05 23:22:56,452 [INFO] PluginManage:359 - Loaded plugin thirdparty (category:base,tabindex:-1)
2024-03-05 23:22:56,453 [INFO] PluginManage:310 - Check plugin tools
2024-03-05 23:22:56,453 [INFO] ThirdPartyUpdaterWithRetryManager:70 - Updater plugin not ready yet. [1/15]
2024-03-05 23:22:56,457 [INFO] PluginManage:359 - Loaded plugin tools (category:base,tabindex:7)
2024-03-05 23:22:56,458 [INFO] PluginManage:310 - Check plugin tutovideos
2024-03-05 23:22:56,633 [INFO] PluginManage:359 - Loaded plugin tutovideos (category:base,tabindex:-1)
2024-03-05 23:22:56,634 [INFO] PluginManage:310 - Check plugin updater
2024-03-05 23:22:56,655 [INFO] PluginManage:359 - Loaded plugin updater (category:base,tabindex:12)
2024-03-05 23:22:56,655 [INFO] PluginManage:310 - Check plugin userauth
2024-03-05 23:22:56,659 [INFO] UserAuth:113 - Init User Auth plugin
2024-03-05 23:22:56,660 [INFO] PluginManage:359 - Loaded plugin userauth (category:base,tabindex:14)
2024-03-05 23:22:56,660 [INFO] PluginManage:283 - PluginManage : Loaded plugins [17]
2024-03-05 23:22:56,912 [INFO] PinOutPanel:1499 - setPackage(No Configuration,No Configuration)
2024-03-05 23:22:57,022 [INFO] CADModel:165 - CPN selected for project level
2024-03-05 23:22:57,022 [INFO] CADModel:114 - Register for checkConnection events
2024-03-05 23:22:57,037 [INFO] IPUIPlugin:80 - create IPUIPlugin
2024-03-05 23:22:57,037 [INFO] PluginManager:220 - loadIPPluginJar : add adc
2024-03-05 23:22:57,040 [INFO] IPUIPlugin:80 - create IPUIPlugin
2024-03-05 23:22:57,040 [INFO] PluginManager:220 - loadIPPluginJar : add aes
2024-03-05 23:22:57,044 [INFO] IPUIPlugin:80 - create IPUIPlugin
2024-03-05 23:22:57,044 [INFO] PluginManager:220 - loadIPPluginJar : add can
2024-03-05 23:22:57,046 [INFO] IPUIPlugin:80 - create IPUIPlugin
2024-03-05 23:22:57,047 [INFO] PluginManager:220 - loadIPPluginJar : add comp
2024-03-05 23:22:57,049 [INFO] IPUIPlugin:80 - create IPUIPlugin
2024-03-05 23:22:57,049 [INFO] PluginManager:220 - loadIPPluginJar : add cryp
2024-03-05 23:22:57,050 [INFO] IPUIPlugin:80 - create IPUIPlugin
2024-03-05 23:22:57,051 [INFO] PluginManager:220 - loadIPPluginJar : add dfsdm
2024-03-05 23:22:57,055 [INFO] IPUIPlugin:80 - create IPUIPlugin
2024-03-05 23:22:57,055 [INFO] PluginManager:220 - loadIPPluginJar : add dma
2024-03-05 23:22:57,057 [INFO] IPUIPlugin:80 - create IPUIPlugin
2024-03-05 23:22:57,057 [INFO] PluginManager:220 - loadIPPluginJar : add dma3
2024-03-05 23:22:57,059 [INFO] IPUIPlugin:80 - create IPUIPlugin
2024-03-05 23:22:57,059 [INFO] PluginManager:220 - loadIPPluginJar : add fatfs
2024-03-05 23:22:57,063 [INFO] IPUIPlugin:80 - create IPUIPlugin
2024-03-05 23:22:57,063 [INFO] PluginManager:220 - loadIPPluginJar : add fmc
2024-03-05 23:22:57,067 [INFO] IPUIPlugin:80 - create IPUIPlugin
2024-03-05 23:22:57,067 [INFO] PluginManager:220 - loadIPPluginJar : add freertos
2024-03-05 23:22:57,068 [INFO] IPUIPlugin:80 - create IPUIPlugin
2024-03-05 23:22:57,068 [INFO] PluginManager:220 - loadIPPluginJar : add genericplugin
2024-03-05 23:22:57,069 [INFO] IPUIPlugin:80 - create IPUIPlugin
2024-03-05 23:22:57,069 [INFO] PluginManager:220 - loadIPPluginJar : add gfxmmu
2024-03-05 23:22:57,073 [INFO] IPUIPlugin:80 - create IPUIPlugin
2024-03-05 23:22:57,073 [INFO] PluginManager:220 - loadIPPluginJar : add gic
2024-03-05 23:22:57,077 [INFO] IPUIPlugin:80 - create IPUIPlugin
2024-03-05 23:22:57,077 [INFO] PluginManager:220 - loadIPPluginJar : add gpio
2024-03-05 23:22:57,079 [INFO] IPUIPlugin:80 - create IPUIPlugin
2024-03-05 23:22:57,079 [INFO] PluginManager:220 - loadIPPluginJar : add gtzc
2024-03-05 23:22:57,081 [INFO] IPUIPlugin:80 - create IPUIPlugin
2024-03-05 23:22:57,081 [INFO] PluginManager:220 - loadIPPluginJar : add hash
2024-03-05 23:22:57,083 [INFO] IPUIPlugin:80 - create IPUIPlugin
2024-03-05 23:22:57,083 [INFO] PluginManager:220 - loadIPPluginJar : add i2c
2024-03-05 23:22:57,084 [INFO] IPUIPlugin:80 - create IPUIPlugin
2024-03-05 23:22:57,085 [INFO] PluginManager:220 - loadIPPluginJar : add i2s
2024-03-05 23:22:57,087 [INFO] IPUIPlugin:80 - create IPUIPlugin
2024-03-05 23:22:57,087 [INFO] PluginManager:220 - loadIPPluginJar : add i3c
2024-03-05 23:22:57,089 [INFO] IPUIPlugin:80 - create IPUIPlugin
2024-03-05 23:22:57,089 [INFO] PluginManager:220 - loadIPPluginJar : add ipddr
2024-03-05 23:22:57,095 [INFO] IPUIPlugin:80 - create IPUIPlugin
2024-03-05 23:22:57,095 [INFO] PluginManager:220 - loadIPPluginJar : add linkedlist
2024-03-05 23:22:57,097 [INFO] IPUIPlugin:80 - create IPUIPlugin
2024-03-05 23:22:57,097 [INFO] PluginManager:220 - loadIPPluginJar : add lorawan
2024-03-05 23:22:57,098 [INFO] IPUIPlugin:80 - create IPUIPlugin
2024-03-05 23:22:57,099 [INFO] PluginManager:220 - loadIPPluginJar : add ltdc
2024-03-05 23:22:57,103 [INFO] IPUIPlugin:80 - create IPUIPlugin
2024-03-05 23:22:57,103 [INFO] PluginManager:220 - loadIPPluginJar : add mdma
2024-03-05 23:22:57,107 [INFO] IPUIPlugin:80 - create IPUIPlugin
2024-03-05 23:22:57,108 [INFO] PluginManager:220 - loadIPPluginJar : add nvic
2024-03-05 23:22:57,110 [INFO] IPUIPlugin:80 - create IPUIPlugin
2024-03-05 23:22:57,110 [INFO] PluginManager:220 - loadIPPluginJar : add opamp
2024-03-05 23:22:57,113 [INFO] IPUIPlugin:80 - create IPUIPlugin
2024-03-05 23:22:57,114 [INFO] PluginManager:220 - loadIPPluginJar : add openamp
2024-03-05 23:22:57,117 [INFO] IPUIPlugin:80 - create IPUIPlugin
2024-03-05 23:22:57,117 [INFO] PluginManager:220 - loadIPPluginJar : add pdm2pcm
2024-03-05 23:22:57,125 [INFO] IPUIPlugin:80 - create IPUIPlugin
2024-03-05 23:22:57,128 [INFO] PluginManager:220 - loadIPPluginJar : add plateformsettings
2024-03-05 23:22:57,130 [INFO] IPUIPlugin:80 - create IPUIPlugin
2024-03-05 23:22:57,130 [INFO] PluginManager:220 - loadIPPluginJar : add quadspi
2024-03-05 23:22:57,133 [INFO] IPUIPlugin:80 - create IPUIPlugin
2024-03-05 23:22:57,133 [INFO] PluginManager:220 - loadIPPluginJar : add resmgrutility
2024-03-05 23:22:57,135 [INFO] IPUIPlugin:80 - create IPUIPlugin
2024-03-05 23:22:57,135 [INFO] PluginManager:220 - loadIPPluginJar : add sai
2024-03-05 23:22:57,136 [INFO] IPUIPlugin:80 - create IPUIPlugin
2024-03-05 23:22:57,137 [INFO] PluginManager:220 - loadIPPluginJar : add spi
2024-03-05 23:22:57,140 [INFO] IPUIPlugin:80 - create IPUIPlugin
2024-03-05 23:22:57,140 [INFO] PluginManager:220 - loadIPPluginJar : add stm32_wpan
2024-03-05 23:22:57,141 [INFO] IPUIPlugin:80 - create IPUIPlugin
2024-03-05 23:22:57,141 [INFO] PluginManager:220 - loadIPPluginJar : add tim
2024-03-05 23:22:57,143 [INFO] IPUIPlugin:80 - create IPUIPlugin
2024-03-05 23:22:57,143 [INFO] PluginManager:220 - loadIPPluginJar : add touchsensing
2024-03-05 23:22:57,146 [INFO] IPUIPlugin:80 - create IPUIPlugin
2024-03-05 23:22:57,146 [INFO] PluginManager:220 - loadIPPluginJar : add tracer_emb
2024-03-05 23:22:57,148 [INFO] IPUIPlugin:80 - create IPUIPlugin
2024-03-05 23:22:57,148 [INFO] PluginManager:220 - loadIPPluginJar : add ts
2024-03-05 23:22:57,149 [INFO] IPUIPlugin:80 - create IPUIPlugin
2024-03-05 23:22:57,149 [INFO] PluginManager:220 - loadIPPluginJar : add tsc
2024-03-05 23:22:57,150 [INFO] IPUIPlugin:80 - create IPUIPlugin
2024-03-05 23:22:57,150 [INFO] PluginManager:220 - loadIPPluginJar : add ucpd
2024-03-05 23:22:57,152 [INFO] IPUIPlugin:80 - create IPUIPlugin
2024-03-05 23:22:57,152 [INFO] PluginManager:220 - loadIPPluginJar : add usart
2024-03-05 23:22:57,156 [INFO] IPUIPlugin:80 - create IPUIPlugin
2024-03-05 23:22:57,156 [INFO] PluginManager:220 - loadIPPluginJar : add usbx
2024-03-05 23:22:57,296 [INFO] CADModel:165 - CPN selected for project level
2024-03-05 23:22:57,297 [INFO] CADModel:114 - Register for checkConnection events
2024-03-05 23:22:57,298 [FATAL] Updater:308 - Updater called before beeing initialized
2024-03-05 23:22:57,298 [ERROR] CADModel:125 - Updater not yet initialized, retry later 
2024-03-05 23:22:57,467 [INFO] CADModel:165 - CPN selected for project level
2024-03-05 23:22:57,468 [INFO] CADModel:114 - Register for checkConnection events
2024-03-05 23:22:57,468 [FATAL] Updater:308 - Updater called before beeing initialized
2024-03-05 23:22:57,468 [ERROR] CADModel:125 - Updater not yet initialized, retry later 
2024-03-05 23:22:57,471 [FATAL] Updater:308 - Updater called before beeing initialized
2024-03-05 23:22:57,591 [FATAL] Updater:308 - Updater called before beeing initialized
2024-03-05 23:22:57,596 [INFO] DbMcusAds:53 - JSON generation date=Wed Nov 29 12:52:27 EET 2023 (1701255147349)
2024-03-05 23:22:57,596 [FATAL] Updater:308 - Updater called before beeing initialized
2024-03-05 23:22:57,630 [WARN] DetailPanel:346 - Failed to get advertising image, set to default
2024-03-05 23:22:57,724 [FATAL] Updater:308 - Updater called before beeing initialized
2024-03-05 23:22:57,726 [FATAL] Updater:308 - Updater called before beeing initialized
2024-03-05 23:22:57,726 [FATAL] Updater:308 - Updater called before beeing initialized
2024-03-05 23:22:57,727 [WARN] DetailPanel:346 - Failed to get advertising image, set to default
2024-03-05 23:22:57,727 [FATAL] Updater:308 - Updater called before beeing initialized
2024-03-05 23:22:57,790 [ERROR] Updater:1120 - MainUpdater not yet initialized. External WinMGr cannot be set.
2024-03-05 23:22:57,792 [INFO] Updater:1056 - Updater Version found : 6.9.2
2024-03-05 23:22:57,818 [INFO] ApplicationProperties:184 - Using Application install path: C:\ST\STM32CubeIDE_1.13.2\STM32CubeIDE\plugins\com.st.stm32cube.common.mx_6.9.2.202309101412
2024-03-05 23:22:58,077 [INFO] MainUpdater:2868 - connection check result : 10
2024-03-05 23:22:58,079 [INFO] MainUpdater:285 - Updater Check For Update Now.
2024-03-05 23:22:58,079 [INFO] MicroXplorer:498 - Change Database Version : DB.6.0.92
2024-03-05 23:22:58,092 [INFO] McuFinderGlobals:63 - Set McuFinder mode to 2 (CubeIDE integrated)
2024-03-05 23:22:58,280 [INFO] CheckServerUpdateThread:120 - End of CheckServer Thread
2024-03-05 23:22:59,656 [WARN] PackLoader:240 - Cannot read IP mode file for STMicroelectronics.X-CUBE-SMBUS.2.1.0
2024-03-05 23:22:59,667 [WARN] PackLoader:240 - Cannot read IP mode file for STMicroelectronics.X-CUBE-TOUCHGFX.4.23.0
2024-03-05 23:22:59,738 [WARN] PackLoader:240 - Cannot read IP mode file for STMicroelectronics.X-CUBE-AZRTOS-F7.1.1.0
2024-03-05 23:22:59,759 [WARN] PackLoader:240 - Cannot read IP mode file for STMicroelectronics.FP-SNS-MOTENV1.4.3.2
2024-03-05 23:22:59,769 [WARN] PackLoader:240 - Cannot read IP mode file for STMicroelectronics.FP-SNS-FLIGHT1.5.0.2
2024-03-05 23:22:59,782 [WARN] PackLoader:240 - Cannot read IP mode file for STMicroelectronics.X-CUBE-DISPLAY.3.0.0
2024-03-05 23:22:59,802 [WARN] PackLoader:240 - Cannot read IP mode file for STMicroelectronics.X-CUBE-BLE1.7.0.0
2024-03-05 23:22:59,809 [WARN] PackLoader:240 - Cannot read IP mode file for emotas.I-CUBE-CANOPEN.1.3.0
2024-03-05 23:22:59,813 [WARN] PackLoader:240 - Cannot read IP mode file for STMicroelectronics.X-CUBE-TOUCHGFX.4.22.1
2024-03-05 23:22:59,827 [WARN] PackLoader:240 - Cannot read IP mode file for STMicroelectronics.X-CUBE-BLEMGR.3.1.0
2024-03-05 23:22:59,838 [WARN] PackLoader:240 - Cannot read IP mode file for STMicroelectronics.FP-SNS-SMARTAG2.1.2.0
2024-03-05 23:22:59,853 [INFO] LogOutputStream:77 - [STDOUT_REDIRECT] 1 : Invalid condition id : UX_CORESTACK_Condition cause : null
2024-03-05 23:22:59,854 [INFO] LogOutputStream:77 - [STDOUT_REDIRECT] 1 : Invalid condition id : UX_CORESTACK_Condition cause : null
2024-03-05 23:22:59,855 [INFO] LogOutputStream:77 - [STDOUT_REDIRECT] 1 : Invalid condition id : UX_CORESTACK_Condition cause : null
2024-03-05 23:22:59,857 [INFO] LogOutputStream:77 - [STDOUT_REDIRECT] 1 : Invalid condition id : UX_CORESTACK_Condition cause : null
2024-03-05 23:22:59,858 [INFO] LogOutputStream:77 - [STDOUT_REDIRECT] 1 : Invalid condition id : UX_CORESTACK_Condition cause : null
2024-03-05 23:22:59,864 [WARN] PackLoader:240 - Cannot read IP mode file for STMicroelectronics.X-CUBE-AZRTOS-WL.2.0.0
2024-03-05 23:22:59,877 [WARN] PackLoader:240 - Cannot read IP mode file for WES.I-CUBE-Cesium.1.3.0
2024-03-05 23:22:59,882 [WARN] PackLoader:240 - Cannot read IP mode file for STMicroelectronics.X-CUBE-BLE2.3.3.0
2024-03-05 23:22:59,889 [WARN] PackLoader:240 - Cannot read IP mode file for STMicroelectronics.X-CUBE-ALGOBUILD.1.3.0
2024-03-05 23:22:59,911 [WARN] PackLoader:240 - Cannot read IP mode file for STMicroelectronics.X-CUBE-AZRTOS-G0.1.1.0
2024-03-05 23:22:59,920 [WARN] PackLoader:240 - Cannot read IP mode file for STMicroelectronics.X-CUBE-NFC4.3.0.0
2024-03-05 23:22:59,933 [WARN] PackLoader:240 - Cannot read IP mode file for STMicroelectronics.X-CUBE-BLEMGR.3.0.0
2024-03-05 23:22:59,941 [WARN] PackLoader:240 - Cannot read IP mode file for STMicroelectronics.FP-ATR-SIGFOX1.3.2.0
2024-03-05 23:22:59,947 [WARN] PackLoader:240 - Cannot read IP mode file for STMicroelectronics.X-CUBE-EEPRMA1.5.1.0
2024-03-05 23:23:00,003 [WARN] PackLoader:240 - Cannot read IP mode file for SEGGER.I-CUBE-embOS.1.3.1
2024-03-05 23:23:00,068 [WARN] PackLoader:240 - Cannot read IP mode file for STMicroelectronics.X-CUBE-GNSS1.6.0.0
2024-03-05 23:23:00,102 [WARN] PackLoader:240 - Cannot read IP mode file for STMicroelectronics.X-CUBE-AZRTOS-F4.1.1.0
2024-03-05 23:23:00,118 [WARN] PackLoader:240 - Cannot read IP mode file for wolfSSL.I-CUBE-wolfSSL.5.6.3
2024-03-05 23:23:00,181 [WARN] PackLoader:240 - Cannot read IP mode file for STMicroelectronics.X-CUBE-AZRTOS-L5.2.0.0
2024-03-05 23:23:00,194 [WARN] PackLoader:240 - Cannot read IP mode file for STMicroelectronics.X-CUBE-EEPRMA1.4.2.0
2024-03-05 23:23:00,202 [WARN] PackLoader:240 - Cannot read IP mode file for ITTIA_DB.I-CUBE-ITTIADB.8.8.0
2024-03-05 23:23:00,213 [WARN] PackLoader:240 - Cannot read IP mode file for STMicroelectronics.X-CUBE-BLEMGR.2.0.0
2024-03-05 23:23:00,249 [WARN] ConditionMgr:438 - getConditionDescription Invalid condition id : UX DEVICE CLASS RTOS Condition cause : null
2024-03-05 23:23:00,249 [WARN] ConditionMgr:438 - getConditionDescription Invalid condition id : UX DEVICE CLASS RTOS Condition cause : null
2024-03-05 23:23:00,256 [WARN] PackLoader:240 - Cannot read IP mode file for STMicroelectronics.X-CUBE-AZRTOS-H7.3.1.0
2024-03-05 23:23:00,259 [WARN] ConditionMgr:1039 - genDependencies : Invalid condition id : UX DEVICE CLASS RTOS Condition cause : null
2024-03-05 23:23:00,259 [WARN] ConditionMgr:1039 - genDependencies : Invalid condition id : UX DEVICE CLASS RTOS Condition cause : null
2024-03-05 23:23:00,261 [WARN] ConditionMgr:1039 - genDependencies : Invalid condition id : UX DEVICE CLASS RTOS Condition cause : null
2024-03-05 23:23:00,262 [WARN] ConditionMgr:1039 - genDependencies : Invalid condition id : UX DEVICE CLASS RTOS Condition cause : null
2024-03-05 23:23:00,262 [WARN] ConditionMgr:1039 - genDependencies : Invalid condition id : UX DEVICE CLASS RTOS Condition cause : null
2024-03-05 23:23:00,271 [WARN] PackLoader:240 - Cannot read IP mode file for STMicroelectronics.X-CUBE-NFC7.1.0.1
2024-03-05 23:23:00,283 [WARN] PackLoader:240 - Cannot read IP mode file for STMicroelectronics.X-CUBE-NFC6.3.0.0
2024-03-05 23:23:00,293 [WARN] PackLoader:240 - Cannot read IP mode file for STMicroelectronics.X-CUBE-EEPRMA1.4.1.0
2024-03-05 23:23:00,301 [WARN] PackLoader:240 - Cannot read IP mode file for STMicroelectronics.X-CUBE-AI.8.1.0
2024-03-05 23:23:00,325 [WARN] ConditionMgr:438 - getConditionDescription Invalid condition id : LAN8742 Phy interface Condition cause : null
2024-03-05 23:23:00,326 [WARN] PackLoader:240 - Cannot read IP mode file for STMicroelectronics.X-CUBE-AZRTOS-L4.2.0.0
2024-03-05 23:23:00,327 [WARN] ConditionMgr:1039 - genDependencies : Invalid condition id : LAN8742 Phy interface Condition cause : null
2024-03-05 23:23:00,328 [WARN] ConditionMgr:1039 - genDependencies : Invalid condition id : LAN8742 Phy interface Condition cause : null
2024-03-05 23:23:00,328 [WARN] ConditionMgr:1039 - genDependencies : Invalid condition id : LAN8742 Phy interface Condition cause : null
2024-03-05 23:23:00,338 [WARN] PackLoader:240 - Cannot read IP mode file for STMicroelectronics.X-CUBE-SFXS2LP1.4.0.0
2024-03-05 23:23:00,346 [WARN] PackLoader:240 - Cannot read IP mode file for STMicroelectronics.X-CUBE-ISPU.1.1.0
2024-03-05 23:23:00,362 [WARN] ConditionMgr:438 - getConditionDescription Invalid condition id : UX DEVICE CLASS RTOS Condition cause : null
2024-03-05 23:23:00,362 [WARN] ConditionMgr:438 - getConditionDescription Invalid condition id : UX DEVICE CLASS RTOS Condition cause : null
2024-03-05 23:23:00,365 [WARN] PackLoader:240 - Cannot read IP mode file for STMicroelectronics.X-CUBE-AZRTOS-WB.2.0.0
2024-03-05 23:23:00,365 [WARN] ConditionMgr:1039 - genDependencies : Invalid condition id : UX DEVICE CLASS RTOS Condition cause : null
2024-03-05 23:23:00,366 [WARN] ConditionMgr:1039 - genDependencies : Invalid condition id : UX DEVICE CLASS RTOS Condition cause : null
2024-03-05 23:23:00,366 [WARN] ConditionMgr:1039 - genDependencies : Invalid condition id : UX DEVICE CLASS RTOS Condition cause : null
2024-03-05 23:23:00,367 [WARN] ConditionMgr:1039 - genDependencies : Invalid condition id : UX DEVICE CLASS RTOS Condition cause : null
2024-03-05 23:23:00,367 [WARN] ConditionMgr:1039 - genDependencies : Invalid condition id : UX DEVICE CLASS RTOS Condition cause : null
2024-03-05 23:23:00,378 [WARN] PackLoader:240 - Cannot read IP mode file for STMicroelectronics.X-CUBE-SUBG2.5.0.0
2024-03-05 23:23:00,401 [WARN] PackLoader:240 - Cannot read IP mode file for STMicroelectronics.X-CUBE-TOF1.3.3.1
2024-03-05 23:23:00,442 [WARN] PackLoader:240 - Cannot read IP mode file for STMicroelectronics.X-CUBE-AZRTOS-G4.2.0.0
2024-03-05 23:23:00,470 [WARN] PackLoader:240 - Cannot read IP mode file for Infineon.AIROC-Wi-Fi-Bluetooth-STM32.1.5.1
2024-03-05 23:23:00,489 [WARN] PackLoader:240 - Cannot read IP mode file for STMicroelectronics.FP-SNS-MOTENVWB1.1.3.1
2024-03-05 23:23:00,497 [WARN] PackLoader:240 - Cannot read IP mode file for STMicroelectronics.X-CUBE-ISPU.2.0.0
2024-03-05 23:23:00,554 [WARN] PackLoader:240 - Cannot read IP mode file for STMicroelectronics.X-CUBE-MEMS1.10.0.0
2024-03-05 23:23:00,733 [WARN] PackLoader:240 - Cannot read IP mode file for STMicroelectronics.X-CUBE-FREERTOS.1.1.0
2024-03-05 23:23:00,738 [WARN] PackLoader:240 - Cannot read IP mode file for portGmbH.I-Cube-SoM-uGOAL.1.1.0
2024-03-05 23:23:00,743 [WARN] PackLoader:240 - Cannot read IP mode file for STMicroelectronics.X-CUBE-ALS.1.0.1
2024-03-05 23:23:00,748 [WARN] PackLoader:240 - Cannot read IP mode file for STMicroelectronics.FP-ATR-ASTRA1.2.0.0
2024-03-05 23:23:00,761 [WARN] PackLoader:240 - Cannot read IP mode file for STMicroelectronics.X-CUBE-TOF1.3.4.0
2024-03-05 23:23:00,793 [WARN] PackLoader:240 - Cannot read IP mode file for STMicroelectronics.X-CUBE-AZRTOS-H7.3.2.0
2024-03-05 23:23:00,796 [INFO] ThirdParty:978 - Integrity check success = true
2024-03-05 23:23:00,796 [INFO] IntegrityCheckThread:100 - exiting critical section [integrity check]
2024-03-05 23:23:00,796 [INFO] IntegrityCheckThread:103 - End integrity checks thread
2024-03-05 23:23:47,387 [INFO] Activator:176 - 


2024-03-05 23:23:47,390 [INFO] Activator:177 - !SESSION log4j initialized
2024-03-05 23:23:52,554 [INFO] LogOutputStream:77 - [STDOUT_REDIRECT] 
2024-03-05 23:24:14,310 [INFO] ApplicationProperties:184 - Using Application install path: C:\ST\STM32CubeIDE_1.13.2\STM32CubeIDE\plugins\com.st.stm32cube.common.mx_6.9.2.202309101412
2024-03-05 23:24:14,331 [INFO] DbMcusXml:78 - Set database path to: C:\ST\STM32CubeIDE_1.13.2\STM32CubeIDE\plugins\com.st.stm32cube.common.mx_6.9.2.202309101412\\db\/mcu/
2024-03-05 23:24:14,332 [INFO] ApiDb:274 - Set plugin database path to: C:\ST\STM32CubeIDE_1.13.2\STM32CubeIDE\plugins\com.st.stm32cube.common.mx_6.9.2.202309101412\\db\/plugins/boardmanager/
2024-03-05 23:24:14,332 [WARN] ApiDb:259 - Overriding images path with different value:  => C:\ST\STM32CubeIDE_1.13.2\STM32CubeIDE\plugins\com.st.stm32cube.common.mx_6.9.2.202309101412\\db\/plugins/mcufinder/images/
2024-03-05 23:24:14,342 [INFO] ApiDb:250 - Set database path to: C:\Users\sheha\.stmcufinder\plugins\mcufinder//mcu/
2024-03-05 23:24:14,344 [INFO] DbMcusAds:125 - Set database path to: C:\Users\sheha\.stmcufinder\plugins\mcufinder//mcu/
2024-03-05 23:24:14,355 [INFO] CrossReferenceDbSqlite:203 - Set database path to: C:\Users\sheha\.stmcufinder\plugins\mcufinder//mcu/cs/
2024-03-05 23:24:14,519 [INFO] RulesReader:64 - Compatibility file has been processed (293 Rules)
2024-03-05 23:24:14,625 [INFO] DbMcusXml:78 - Set database path to: C:\ST\STM32CubeIDE_1.13.2\STM32CubeIDE\plugins\com.st.stm32cube.common.mx_6.9.2.202309101412\\db\/mcu/
2024-03-05 23:24:14,625 [INFO] ApiDb:274 - Set plugin database path to: C:\ST\STM32CubeIDE_1.13.2\STM32CubeIDE\plugins\com.st.stm32cube.common.mx_6.9.2.202309101412\\db\/plugins/boardmanager/
2024-03-05 23:24:14,625 [INFO] ApiDb:261 - Set plugin images path to: C:\ST\STM32CubeIDE_1.13.2\STM32CubeIDE\plugins\com.st.stm32cube.common.mx_6.9.2.202309101412\\db\/plugins/mcufinder/images/
2024-03-05 23:24:14,626 [WARN] DbFile:41 - Overriding database path with different value: C:\Users\sheha\.stmcufinder\plugins\mcufinder/ => C:\Users\sheha\.stmcufinder\plugins\mcufinder
2024-03-05 23:24:14,626 [INFO] ApiDb:250 - Set database path to: C:\Users\sheha\.stmcufinder\plugins\mcufinder//mcu/
2024-03-05 23:24:14,626 [WARN] DbFile:41 - Overriding database path with different value: C:\Users\sheha\.stmcufinder\plugins\mcufinder/ => C:\Users\sheha\.stmcufinder\plugins\mcufinder
2024-03-05 23:24:14,626 [INFO] DbMcusAds:125 - Set database path to: C:\Users\sheha\.stmcufinder\plugins\mcufinder//mcu/
2024-03-05 23:24:14,626 [WARN] DbFile:41 - Overriding database path with different value: C:\Users\sheha\.stmcufinder\plugins\mcufinder/ => C:\Users\sheha\.stmcufinder\plugins\mcufinder
2024-03-05 23:24:14,626 [WARN] DbFile:41 - Overriding database path with different value: C:\Users\sheha\.stmcufinder\plugins\mcufinder/ => C:\Users\sheha\.stmcufinder\plugins\mcufinder
2024-03-05 23:24:14,626 [INFO] CrossReferenceDbSqlite:203 - Set database path to: C:\Users\sheha\.stmcufinder\plugins\mcufinder//mcu/cs/
2024-03-05 23:24:14,713 [INFO] MainPanel:262 - HeapMemory: 268435456
2024-03-05 23:24:14,782 [INFO] DbMcusXml:78 - Set database path to: C:\ST\STM32CubeIDE_1.13.2\STM32CubeIDE\plugins\com.st.stm32cube.common.mx_6.9.2.202309101412\\db\/mcu/
2024-03-05 23:24:14,783 [INFO] ApiDb:274 - Set plugin database path to: C:\ST\STM32CubeIDE_1.13.2\STM32CubeIDE\plugins\com.st.stm32cube.common.mx_6.9.2.202309101412\\db\/plugins/boardmanager/
2024-03-05 23:24:14,783 [INFO] ApiDb:261 - Set plugin images path to: C:\ST\STM32CubeIDE_1.13.2\STM32CubeIDE\plugins\com.st.stm32cube.common.mx_6.9.2.202309101412\\db\/plugins/mcufinder/images/
2024-03-05 23:24:14,783 [WARN] DbFile:41 - Overriding database path with different value: C:\Users\sheha\.stmcufinder\plugins\mcufinder/ => C:\Users\sheha\.stmcufinder\plugins\mcufinder
2024-03-05 23:24:14,783 [INFO] ApiDb:250 - Set database path to: C:\Users\sheha\.stmcufinder\plugins\mcufinder//mcu/
2024-03-05 23:24:14,783 [WARN] DbFile:41 - Overriding database path with different value: C:\Users\sheha\.stmcufinder\plugins\mcufinder/ => C:\Users\sheha\.stmcufinder\plugins\mcufinder
2024-03-05 23:24:14,783 [INFO] DbMcusAds:125 - Set database path to: C:\Users\sheha\.stmcufinder\plugins\mcufinder//mcu/
2024-03-05 23:24:14,783 [WARN] DbFile:41 - Overriding database path with different value: C:\Users\sheha\.stmcufinder\plugins\mcufinder/ => C:\Users\sheha\.stmcufinder\plugins\mcufinder
2024-03-05 23:24:14,783 [WARN] DbFile:41 - Overriding database path with different value: C:\Users\sheha\.stmcufinder\plugins\mcufinder/ => C:\Users\sheha\.stmcufinder\plugins\mcufinder
2024-03-05 23:24:14,783 [INFO] CrossReferenceDbSqlite:203 - Set database path to: C:\Users\sheha\.stmcufinder\plugins\mcufinder//mcu/cs/
2024-03-05 23:24:14,801 [INFO] ApplicationProperties:184 - Using Application install path: C:\ST\STM32CubeIDE_1.13.2\STM32CubeIDE\plugins\com.st.stm32cube.common.mx_6.9.2.202309101412
2024-03-05 23:24:14,804 [INFO] PluginManage:196 - Search for loadable plugins [exclusion list=, ]
2024-03-05 23:24:14,805 [INFO] PluginManage:310 - Check plugin analytics
2024-03-05 23:24:15,013 [INFO] AnalyticsPlugin:253 - Accepted Software Licenses: STM32CubeMX.6.9.2
2024-03-05 23:24:15,014 [INFO] AnalyticsPlugin:255 - Accepted CMSIS Pack Licenses: 
2024-03-05 23:24:15,014 [INFO] AnalyticsPlugin:257 - Accepted Firmware Licenses: 
2024-03-05 23:24:15,019 [INFO] PluginManage:359 - Loaded plugin analytics (category:tool,tabindex:-1)
2024-03-05 23:24:15,019 [INFO] PluginManage:310 - Check plugin cadmodel
2024-03-05 23:24:15,025 [INFO] CADModel:105 - Init CAD model plugin
2024-03-05 23:24:15,026 [INFO] PluginManage:359 - Loaded plugin cadmodel (category:power,tabindex:5)
2024-03-05 23:24:15,026 [INFO] PluginManage:310 - Check plugin clock
2024-03-05 23:24:15,039 [INFO] PluginManage:359 - Loaded plugin clock (category:base,tabindex:2)
2024-03-05 23:24:15,039 [INFO] PluginManage:310 - Check plugin ddr
2024-03-05 23:24:15,041 [INFO] PluginManage:359 - Loaded plugin ddr (category:tool,tabindex:6)
2024-03-05 23:24:15,041 [INFO] PluginManage:310 - Check plugin filemanager
2024-03-05 23:24:15,211 [INFO] PluginManage:359 - Loaded plugin filemanager (category:base,tabindex:10)
2024-03-05 23:24:15,211 [INFO] PluginManage:310 - Check plugin ipmanager
2024-03-05 23:24:15,219 [INFO] PluginManage:359 - Loaded plugin ipmanager (category:base,tabindex:5)
2024-03-05 23:24:15,219 [INFO] PluginManage:310 - Check plugin lpbam
2024-03-05 23:24:15,228 [INFO] PluginManage:359 - Loaded plugin lpbam (category:base,tabindex:0)
2024-03-05 23:24:15,229 [INFO] PluginManage:310 - Check plugin memorymap
2024-03-05 23:24:15,258 [INFO] PluginManage:359 - Loaded plugin memorymap (category:base,tabindex:4)
2024-03-05 23:24:15,258 [INFO] PluginManage:310 - Check plugin pinoutandconfiguration
2024-03-05 23:24:15,274 [INFO] PluginManage:359 - Loaded plugin pinoutandconfiguration (category:base,tabindex:1)
2024-03-05 23:24:15,274 [INFO] PluginManage:310 - Check plugin pinoutconfig
2024-03-05 23:24:15,391 [WARN] SupportedApi:132 - Cannot load RTOS API schema: s4s-elt-must-match.1: The content of 'definitions' must match (annotation?, (simpleType | complexType)?, (unique | key | keyref)*)). A problem was found starting at: attribute.
2024-03-05 23:24:15,542 [INFO] PluginManage:359 - Loaded plugin pinoutconfig (category:base,tabindex:0)
2024-03-05 23:24:15,543 [INFO] PluginManage:310 - Check plugin power
2024-03-05 23:24:15,558 [INFO] PluginManage:359 - Loaded plugin power (category:power,tabindex:4)
2024-03-05 23:24:15,558 [INFO] PluginManage:310 - Check plugin projectmanager
2024-03-05 23:24:15,581 [INFO] PluginManage:359 - Loaded plugin projectmanager (category:projectmanager,tabindex:3)
2024-03-05 23:24:15,581 [INFO] PluginManage:310 - Check plugin thirdparty
2024-03-05 23:24:15,749 [INFO] PluginManage:359 - Loaded plugin thirdparty (category:base,tabindex:-1)
2024-03-05 23:24:15,749 [INFO] PluginManage:310 - Check plugin tools
2024-03-05 23:24:15,749 [WARN] IntegrityCheckThread:84 - waiting for thirdparty lock release [integrity check]
2024-03-05 23:24:15,749 [INFO] IntegrityCheckThread:86 - entering critical section [integrity check]
2024-03-05 23:24:15,750 [INFO] ThirdPartyUpdaterWithRetryManager:70 - Updater plugin not ready yet. [1/15]
2024-03-05 23:24:15,755 [INFO] PluginManage:359 - Loaded plugin tools (category:base,tabindex:7)
2024-03-05 23:24:15,756 [INFO] PluginManage:310 - Check plugin tutovideos
2024-03-05 23:24:15,945 [INFO] PluginManage:359 - Loaded plugin tutovideos (category:base,tabindex:-1)
2024-03-05 23:24:15,945 [INFO] PluginManage:310 - Check plugin updater
2024-03-05 23:24:15,961 [INFO] PluginManage:359 - Loaded plugin updater (category:base,tabindex:12)
2024-03-05 23:24:15,962 [INFO] PluginManage:310 - Check plugin userauth
2024-03-05 23:24:15,966 [INFO] UserAuth:113 - Init User Auth plugin
2024-03-05 23:24:15,967 [INFO] PluginManage:359 - Loaded plugin userauth (category:base,tabindex:14)
2024-03-05 23:24:15,967 [INFO] PluginManage:283 - PluginManage : Loaded plugins [17]
2024-03-05 23:24:16,214 [INFO] PinOutPanel:1499 - setPackage(No Configuration,No Configuration)
2024-03-05 23:24:16,350 [INFO] CADModel:165 - CPN selected for project level
2024-03-05 23:24:16,350 [INFO] CADModel:114 - Register for checkConnection events
2024-03-05 23:24:16,369 [INFO] IPUIPlugin:80 - create IPUIPlugin
2024-03-05 23:24:16,369 [INFO] PluginManager:220 - loadIPPluginJar : add adc
2024-03-05 23:24:16,371 [INFO] IPUIPlugin:80 - create IPUIPlugin
2024-03-05 23:24:16,371 [INFO] PluginManager:220 - loadIPPluginJar : add aes
2024-03-05 23:24:16,374 [INFO] IPUIPlugin:80 - create IPUIPlugin
2024-03-05 23:24:16,374 [INFO] PluginManager:220 - loadIPPluginJar : add can
2024-03-05 23:24:16,376 [INFO] IPUIPlugin:80 - create IPUIPlugin
2024-03-05 23:24:16,376 [INFO] PluginManager:220 - loadIPPluginJar : add comp
2024-03-05 23:24:16,379 [INFO] IPUIPlugin:80 - create IPUIPlugin
2024-03-05 23:24:16,379 [INFO] PluginManager:220 - loadIPPluginJar : add cryp
2024-03-05 23:24:16,381 [INFO] IPUIPlugin:80 - create IPUIPlugin
2024-03-05 23:24:16,382 [INFO] PluginManager:220 - loadIPPluginJar : add dfsdm
2024-03-05 23:24:16,387 [INFO] IPUIPlugin:80 - create IPUIPlugin
2024-03-05 23:24:16,387 [INFO] PluginManager:220 - loadIPPluginJar : add dma
2024-03-05 23:24:16,389 [INFO] IPUIPlugin:80 - create IPUIPlugin
2024-03-05 23:24:16,389 [INFO] PluginManager:220 - loadIPPluginJar : add dma3
2024-03-05 23:24:16,391 [INFO] IPUIPlugin:80 - create IPUIPlugin
2024-03-05 23:24:16,392 [INFO] PluginManager:220 - loadIPPluginJar : add fatfs
2024-03-05 23:24:16,395 [INFO] IPUIPlugin:80 - create IPUIPlugin
2024-03-05 23:24:16,395 [INFO] PluginManager:220 - loadIPPluginJar : add fmc
2024-03-05 23:24:16,401 [INFO] IPUIPlugin:80 - create IPUIPlugin
2024-03-05 23:24:16,401 [INFO] PluginManager:220 - loadIPPluginJar : add freertos
2024-03-05 23:24:16,402 [INFO] IPUIPlugin:80 - create IPUIPlugin
2024-03-05 23:24:16,403 [INFO] PluginManager:220 - loadIPPluginJar : add genericplugin
2024-03-05 23:24:16,404 [INFO] IPUIPlugin:80 - create IPUIPlugin
2024-03-05 23:24:16,404 [INFO] PluginManager:220 - loadIPPluginJar : add gfxmmu
2024-03-05 23:24:16,410 [INFO] IPUIPlugin:80 - create IPUIPlugin
2024-03-05 23:24:16,410 [INFO] PluginManager:220 - loadIPPluginJar : add gic
2024-03-05 23:24:16,414 [INFO] IPUIPlugin:80 - create IPUIPlugin
2024-03-05 23:24:16,414 [INFO] PluginManager:220 - loadIPPluginJar : add gpio
2024-03-05 23:24:16,417 [INFO] IPUIPlugin:80 - create IPUIPlugin
2024-03-05 23:24:16,417 [INFO] PluginManager:220 - loadIPPluginJar : add gtzc
2024-03-05 23:24:16,419 [INFO] IPUIPlugin:80 - create IPUIPlugin
2024-03-05 23:24:16,419 [INFO] PluginManager:220 - loadIPPluginJar : add hash
2024-03-05 23:24:16,424 [INFO] IPUIPlugin:80 - create IPUIPlugin
2024-03-05 23:24:16,424 [INFO] PluginManager:220 - loadIPPluginJar : add i2c
2024-03-05 23:24:16,427 [INFO] IPUIPlugin:80 - create IPUIPlugin
2024-03-05 23:24:16,427 [INFO] PluginManager:220 - loadIPPluginJar : add i2s
2024-03-05 23:24:16,429 [INFO] IPUIPlugin:80 - create IPUIPlugin
2024-03-05 23:24:16,429 [INFO] PluginManager:220 - loadIPPluginJar : add i3c
2024-03-05 23:24:16,432 [INFO] IPUIPlugin:80 - create IPUIPlugin
2024-03-05 23:24:16,433 [INFO] PluginManager:220 - loadIPPluginJar : add ipddr
2024-03-05 23:24:16,439 [INFO] IPUIPlugin:80 - create IPUIPlugin
2024-03-05 23:24:16,439 [INFO] PluginManager:220 - loadIPPluginJar : add linkedlist
2024-03-05 23:24:16,442 [INFO] IPUIPlugin:80 - create IPUIPlugin
2024-03-05 23:24:16,442 [INFO] PluginManager:220 - loadIPPluginJar : add lorawan
2024-03-05 23:24:16,444 [INFO] IPUIPlugin:80 - create IPUIPlugin
2024-03-05 23:24:16,444 [INFO] PluginManager:220 - loadIPPluginJar : add ltdc
2024-03-05 23:24:16,449 [INFO] IPUIPlugin:80 - create IPUIPlugin
2024-03-05 23:24:16,449 [INFO] PluginManager:220 - loadIPPluginJar : add mdma
2024-03-05 23:24:16,452 [INFO] IPUIPlugin:80 - create IPUIPlugin
2024-03-05 23:24:16,452 [INFO] PluginManager:220 - loadIPPluginJar : add nvic
2024-03-05 23:24:16,455 [INFO] IPUIPlugin:80 - create IPUIPlugin
2024-03-05 23:24:16,455 [INFO] PluginManager:220 - loadIPPluginJar : add opamp
2024-03-05 23:24:16,458 [INFO] IPUIPlugin:80 - create IPUIPlugin
2024-03-05 23:24:16,458 [INFO] PluginManager:220 - loadIPPluginJar : add openamp
2024-03-05 23:24:16,461 [INFO] IPUIPlugin:80 - create IPUIPlugin
2024-03-05 23:24:16,461 [INFO] PluginManager:220 - loadIPPluginJar : add pdm2pcm
2024-03-05 23:24:16,469 [INFO] IPUIPlugin:80 - create IPUIPlugin
2024-03-05 23:24:16,473 [INFO] PluginManager:220 - loadIPPluginJar : add plateformsettings
2024-03-05 23:24:16,475 [INFO] IPUIPlugin:80 - create IPUIPlugin
2024-03-05 23:24:16,475 [INFO] PluginManager:220 - loadIPPluginJar : add quadspi
2024-03-05 23:24:16,479 [INFO] IPUIPlugin:80 - create IPUIPlugin
2024-03-05 23:24:16,479 [INFO] PluginManager:220 - loadIPPluginJar : add resmgrutility
2024-03-05 23:24:16,481 [INFO] IPUIPlugin:80 - create IPUIPlugin
2024-03-05 23:24:16,482 [INFO] PluginManager:220 - loadIPPluginJar : add sai
2024-03-05 23:24:16,484 [INFO] IPUIPlugin:80 - create IPUIPlugin
2024-03-05 23:24:16,484 [INFO] PluginManager:220 - loadIPPluginJar : add spi
2024-03-05 23:24:16,489 [INFO] IPUIPlugin:80 - create IPUIPlugin
2024-03-05 23:24:16,490 [INFO] PluginManager:220 - loadIPPluginJar : add stm32_wpan
2024-03-05 23:24:16,492 [INFO] IPUIPlugin:80 - create IPUIPlugin
2024-03-05 23:24:16,492 [INFO] PluginManager:220 - loadIPPluginJar : add tim
2024-03-05 23:24:16,495 [INFO] IPUIPlugin:80 - create IPUIPlugin
2024-03-05 23:24:16,495 [INFO] PluginManager:220 - loadIPPluginJar : add touchsensing
2024-03-05 23:24:16,497 [INFO] IPUIPlugin:80 - create IPUIPlugin
2024-03-05 23:24:16,497 [INFO] PluginManager:220 - loadIPPluginJar : add tracer_emb
2024-03-05 23:24:16,498 [INFO] IPUIPlugin:80 - create IPUIPlugin
2024-03-05 23:24:16,498 [INFO] PluginManager:220 - loadIPPluginJar : add ts
2024-03-05 23:24:16,500 [INFO] IPUIPlugin:80 - create IPUIPlugin
2024-03-05 23:24:16,500 [INFO] PluginManager:220 - loadIPPluginJar : add tsc
2024-03-05 23:24:16,501 [INFO] IPUIPlugin:80 - create IPUIPlugin
2024-03-05 23:24:16,501 [INFO] PluginManager:220 - loadIPPluginJar : add ucpd
2024-03-05 23:24:16,504 [INFO] IPUIPlugin:80 - create IPUIPlugin
2024-03-05 23:24:16,504 [INFO] PluginManager:220 - loadIPPluginJar : add usart
2024-03-05 23:24:16,506 [INFO] IPUIPlugin:80 - create IPUIPlugin
2024-03-05 23:24:16,506 [INFO] PluginManager:220 - loadIPPluginJar : add usbx
2024-03-05 23:24:16,646 [INFO] CADModel:165 - CPN selected for project level
2024-03-05 23:24:16,647 [INFO] CADModel:114 - Register for checkConnection events
2024-03-05 23:24:16,648 [FATAL] Updater:308 - Updater called before beeing initialized
2024-03-05 23:24:16,649 [ERROR] CADModel:125 - Updater not yet initialized, retry later 
2024-03-05 23:24:16,879 [INFO] CADModel:165 - CPN selected for project level
2024-03-05 23:24:16,879 [INFO] CADModel:114 - Register for checkConnection events
2024-03-05 23:24:16,880 [FATAL] Updater:308 - Updater called before beeing initialized
2024-03-05 23:24:16,880 [ERROR] CADModel:125 - Updater not yet initialized, retry later 
2024-03-05 23:24:16,883 [FATAL] Updater:308 - Updater called before beeing initialized
2024-03-05 23:24:17,020 [FATAL] Updater:308 - Updater called before beeing initialized
2024-03-05 23:24:17,029 [INFO] DbMcusAds:53 - JSON generation date=Wed Nov 29 12:52:27 EET 2023 (1701255147349)
2024-03-05 23:24:17,029 [FATAL] Updater:308 - Updater called before beeing initialized
2024-03-05 23:24:17,073 [WARN] DetailPanel:346 - Failed to get advertising image, set to default
2024-03-05 23:24:17,181 [FATAL] Updater:308 - Updater called before beeing initialized
2024-03-05 23:24:17,183 [FATAL] Updater:308 - Updater called before beeing initialized
2024-03-05 23:24:17,183 [FATAL] Updater:308 - Updater called before beeing initialized
2024-03-05 23:24:17,183 [WARN] DetailPanel:346 - Failed to get advertising image, set to default
2024-03-05 23:24:17,184 [FATAL] Updater:308 - Updater called before beeing initialized
2024-03-05 23:24:17,237 [ERROR] Updater:1120 - MainUpdater not yet initialized. External WinMGr cannot be set.
2024-03-05 23:24:17,240 [INFO] Updater:1056 - Updater Version found : 6.9.2
2024-03-05 23:24:17,258 [INFO] ApplicationProperties:184 - Using Application install path: C:\ST\STM32CubeIDE_1.13.2\STM32CubeIDE\plugins\com.st.stm32cube.common.mx_6.9.2.202309101412
2024-03-05 23:24:17,459 [INFO] MainUpdater:2868 - connection check result : 10
2024-03-05 23:24:17,461 [INFO] MainUpdater:285 - Updater Check For Update Now.
2024-03-05 23:24:17,461 [INFO] MicroXplorer:498 - Change Database Version : DB.6.0.92
2024-03-05 23:24:17,473 [INFO] McuFinderGlobals:63 - Set McuFinder mode to 2 (CubeIDE integrated)
2024-03-05 23:24:17,674 [INFO] CheckServerUpdateThread:120 - End of CheckServer Thread
2024-03-05 23:24:18,964 [WARN] PackLoader:240 - Cannot read IP mode file for STMicroelectronics.X-CUBE-SMBUS.2.1.0
2024-03-05 23:24:18,976 [WARN] PackLoader:240 - Cannot read IP mode file for STMicroelectronics.X-CUBE-TOUCHGFX.4.23.0
2024-03-05 23:24:19,070 [WARN] PackLoader:240 - Cannot read IP mode file for STMicroelectronics.X-CUBE-AZRTOS-F7.1.1.0
2024-03-05 23:24:19,089 [WARN] PackLoader:240 - Cannot read IP mode file for STMicroelectronics.FP-SNS-MOTENV1.4.3.2
2024-03-05 23:24:19,102 [WARN] PackLoader:240 - Cannot read IP mode file for STMicroelectronics.FP-SNS-FLIGHT1.5.0.2
2024-03-05 23:24:19,120 [WARN] PackLoader:240 - Cannot read IP mode file for STMicroelectronics.X-CUBE-DISPLAY.3.0.0
2024-03-05 23:24:19,144 [WARN] PackLoader:240 - Cannot read IP mode file for STMicroelectronics.X-CUBE-BLE1.7.0.0
2024-03-05 23:24:19,153 [WARN] PackLoader:240 - Cannot read IP mode file for emotas.I-CUBE-CANOPEN.1.3.0
2024-03-05 23:24:19,158 [WARN] PackLoader:240 - Cannot read IP mode file for STMicroelectronics.X-CUBE-TOUCHGFX.4.22.1
2024-03-05 23:24:19,180 [WARN] PackLoader:240 - Cannot read IP mode file for STMicroelectronics.X-CUBE-BLEMGR.3.1.0
2024-03-05 23:24:19,197 [WARN] PackLoader:240 - Cannot read IP mode file for STMicroelectronics.FP-SNS-SMARTAG2.1.2.0
2024-03-05 23:24:19,223 [INFO] LogOutputStream:77 - [STDOUT_REDIRECT] 1 : Invalid condition id : UX_CORESTACK_Condition cause : null
2024-03-05 23:24:19,224 [INFO] LogOutputStream:77 - [STDOUT_REDIRECT] 1 : Invalid condition id : UX_CORESTACK_Condition cause : null
2024-03-05 23:24:19,227 [INFO] LogOutputStream:77 - [STDOUT_REDIRECT] 1 : Invalid condition id : UX_CORESTACK_Condition cause : null
2024-03-05 23:24:19,229 [INFO] LogOutputStream:77 - [STDOUT_REDIRECT] 1 : Invalid condition id : UX_CORESTACK_Condition cause : null
2024-03-05 23:24:19,233 [INFO] LogOutputStream:77 - [STDOUT_REDIRECT] 1 : Invalid condition id : UX_CORESTACK_Condition cause : null
2024-03-05 23:24:19,245 [WARN] PackLoader:240 - Cannot read IP mode file for STMicroelectronics.X-CUBE-AZRTOS-WL.2.0.0
2024-03-05 23:24:19,263 [WARN] PackLoader:240 - Cannot read IP mode file for WES.I-CUBE-Cesium.1.3.0
2024-03-05 23:24:19,273 [WARN] PackLoader:240 - Cannot read IP mode file for STMicroelectronics.X-CUBE-BLE2.3.3.0
2024-03-05 23:24:19,289 [WARN] PackLoader:240 - Cannot read IP mode file for STMicroelectronics.X-CUBE-ALGOBUILD.1.3.0
2024-03-05 23:24:19,330 [WARN] PackLoader:240 - Cannot read IP mode file for STMicroelectronics.X-CUBE-AZRTOS-G0.1.1.0
2024-03-05 23:24:19,343 [WARN] PackLoader:240 - Cannot read IP mode file for STMicroelectronics.X-CUBE-NFC4.3.0.0
2024-03-05 23:24:19,360 [WARN] PackLoader:240 - Cannot read IP mode file for STMicroelectronics.X-CUBE-BLEMGR.3.0.0
2024-03-05 23:24:19,370 [WARN] PackLoader:240 - Cannot read IP mode file for STMicroelectronics.FP-ATR-SIGFOX1.3.2.0
2024-03-05 23:24:19,381 [WARN] PackLoader:240 - Cannot read IP mode file for STMicroelectronics.X-CUBE-EEPRMA1.5.1.0
2024-03-05 23:24:19,481 [WARN] PackLoader:240 - Cannot read IP mode file for SEGGER.I-CUBE-embOS.1.3.1
2024-03-05 23:24:19,552 [WARN] PackLoader:240 - Cannot read IP mode file for STMicroelectronics.X-CUBE-GNSS1.6.0.0
2024-03-05 23:24:19,577 [WARN] PackLoader:240 - Cannot read IP mode file for STMicroelectronics.X-CUBE-AZRTOS-F4.1.1.0
2024-03-05 23:24:19,586 [WARN] PackLoader:240 - Cannot read IP mode file for wolfSSL.I-CUBE-wolfSSL.5.6.3
2024-03-05 23:24:19,630 [WARN] PackLoader:240 - Cannot read IP mode file for STMicroelectronics.X-CUBE-AZRTOS-L5.2.0.0
2024-03-05 23:24:19,640 [WARN] PackLoader:240 - Cannot read IP mode file for STMicroelectronics.X-CUBE-EEPRMA1.4.2.0
2024-03-05 23:24:19,649 [WARN] PackLoader:240 - Cannot read IP mode file for ITTIA_DB.I-CUBE-ITTIADB.8.8.0
2024-03-05 23:24:19,663 [WARN] PackLoader:240 - Cannot read IP mode file for STMicroelectronics.X-CUBE-BLEMGR.2.0.0
2024-03-05 23:24:19,699 [WARN] ConditionMgr:438 - getConditionDescription Invalid condition id : UX DEVICE CLASS RTOS Condition cause : null
2024-03-05 23:24:19,699 [WARN] ConditionMgr:438 - getConditionDescription Invalid condition id : UX DEVICE CLASS RTOS Condition cause : null
2024-03-05 23:24:19,706 [WARN] PackLoader:240 - Cannot read IP mode file for STMicroelectronics.X-CUBE-AZRTOS-H7.3.1.0
2024-03-05 23:24:19,707 [WARN] ConditionMgr:1039 - genDependencies : Invalid condition id : UX DEVICE CLASS RTOS Condition cause : null
2024-03-05 23:24:19,707 [WARN] ConditionMgr:1039 - genDependencies : Invalid condition id : UX DEVICE CLASS RTOS Condition cause : null
2024-03-05 23:24:19,709 [WARN] ConditionMgr:1039 - genDependencies : Invalid condition id : UX DEVICE CLASS RTOS Condition cause : null
2024-03-05 23:24:19,710 [WARN] ConditionMgr:1039 - genDependencies : Invalid condition id : UX DEVICE CLASS RTOS Condition cause : null
2024-03-05 23:24:19,710 [WARN] ConditionMgr:1039 - genDependencies : Invalid condition id : UX DEVICE CLASS RTOS Condition cause : null
2024-03-05 23:24:19,723 [WARN] PackLoader:240 - Cannot read IP mode file for STMicroelectronics.X-CUBE-NFC7.1.0.1
2024-03-05 23:24:19,759 [WARN] PackLoader:240 - Cannot read IP mode file for STMicroelectronics.X-CUBE-NFC6.3.0.0
2024-03-05 23:24:19,812 [WARN] PackLoader:240 - Cannot read IP mode file for STMicroelectronics.X-CUBE-EEPRMA1.4.1.0
2024-03-05 23:24:19,819 [WARN] PackLoader:240 - Cannot read IP mode file for STMicroelectronics.X-CUBE-AI.8.1.0
2024-03-05 23:24:19,863 [WARN] ConditionMgr:438 - getConditionDescription Invalid condition id : LAN8742 Phy interface Condition cause : null
2024-03-05 23:24:19,865 [WARN] PackLoader:240 - Cannot read IP mode file for STMicroelectronics.X-CUBE-AZRTOS-L4.2.0.0
2024-03-05 23:24:19,867 [WARN] ConditionMgr:1039 - genDependencies : Invalid condition id : LAN8742 Phy interface Condition cause : null
2024-03-05 23:24:19,867 [WARN] ConditionMgr:1039 - genDependencies : Invalid condition id : LAN8742 Phy interface Condition cause : null
2024-03-05 23:24:19,871 [WARN] ConditionMgr:1039 - genDependencies : Invalid condition id : LAN8742 Phy interface Condition cause : null
2024-03-05 23:24:19,884 [WARN] PackLoader:240 - Cannot read IP mode file for STMicroelectronics.X-CUBE-SFXS2LP1.4.0.0
2024-03-05 23:24:19,892 [WARN] PackLoader:240 - Cannot read IP mode file for STMicroelectronics.X-CUBE-ISPU.1.1.0
2024-03-05 23:24:19,912 [WARN] ConditionMgr:438 - getConditionDescription Invalid condition id : UX DEVICE CLASS RTOS Condition cause : null
2024-03-05 23:24:19,912 [WARN] ConditionMgr:438 - getConditionDescription Invalid condition id : UX DEVICE CLASS RTOS Condition cause : null
2024-03-05 23:24:19,916 [WARN] PackLoader:240 - Cannot read IP mode file for STMicroelectronics.X-CUBE-AZRTOS-WB.2.0.0
2024-03-05 23:24:19,917 [WARN] ConditionMgr:1039 - genDependencies : Invalid condition id : UX DEVICE CLASS RTOS Condition cause : null
2024-03-05 23:24:19,917 [WARN] ConditionMgr:1039 - genDependencies : Invalid condition id : UX DEVICE CLASS RTOS Condition cause : null
2024-03-05 23:24:19,917 [WARN] ConditionMgr:1039 - genDependencies : Invalid condition id : UX DEVICE CLASS RTOS Condition cause : null
2024-03-05 23:24:19,918 [WARN] ConditionMgr:1039 - genDependencies : Invalid condition id : UX DEVICE CLASS RTOS Condition cause : null
2024-03-05 23:24:19,918 [WARN] ConditionMgr:1039 - genDependencies : Invalid condition id : UX DEVICE CLASS RTOS Condition cause : null
2024-03-05 23:24:19,941 [WARN] PackLoader:240 - Cannot read IP mode file for STMicroelectronics.X-CUBE-SUBG2.5.0.0
2024-03-05 23:24:20,015 [WARN] PackLoader:240 - Cannot read IP mode file for STMicroelectronics.X-CUBE-TOF1.3.3.1
2024-03-05 23:24:20,082 [WARN] PackLoader:240 - Cannot read IP mode file for STMicroelectronics.X-CUBE-AZRTOS-G4.2.0.0
2024-03-05 23:24:20,138 [WARN] PackLoader:240 - Cannot read IP mode file for Infineon.AIROC-Wi-Fi-Bluetooth-STM32.1.5.1
2024-03-05 23:24:20,158 [WARN] PackLoader:240 - Cannot read IP mode file for STMicroelectronics.FP-SNS-MOTENVWB1.1.3.1
2024-03-05 23:24:20,164 [WARN] PackLoader:240 - Cannot read IP mode file for STMicroelectronics.X-CUBE-ISPU.2.0.0
2024-03-05 23:24:20,242 [WARN] PackLoader:240 - Cannot read IP mode file for STMicroelectronics.X-CUBE-MEMS1.10.0.0
